2023-09-21 04:51:38.277 [info] Log level: Info
2023-09-21 04:51:38.277 [info] Validating found git in: "git"
2023-09-21 04:51:38.277 [info] Using git "2.34.1" from "git"
2023-09-21 04:51:38.277 [info] > git rev-parse --show-toplevel [3ms]
2023-09-21 04:51:38.277 [info] fatal: not a git repository (or any parent up to mount point /h)
Stopping at filesystem boundary (GIT_DISCOVERY_ACROSS_FILESYSTEM not set).
2023-09-21 04:51:38.277 [info] > git rev-parse --show-toplevel [1ms]
2023-09-21 04:51:38.277 [info] fatal: not a git repository (or any parent up to mount point /h)
Stopping at filesystem boundary (GIT_DISCOVERY_ACROSS_FILESYSTEM not set).
2023-09-21 04:51:38.277 [info] > git rev-parse --show-toplevel [1ms]
2023-09-21 04:51:38.277 [info] fatal: not a git repository (or any parent up to mount point /h)
Stopping at filesystem boundary (GIT_DISCOVERY_ACROSS_FILESYSTEM not set).
2023-09-21 04:51:38.277 [info] > git rev-parse --show-toplevel [1ms]
2023-09-21 04:51:38.277 [info] fatal: not a git repository (or any parent up to mount point /h)
Stopping at filesystem boundary (GIT_DISCOVERY_ACROSS_FILESYSTEM not set).
2023-09-21 04:51:38.277 [info] > git rev-parse --show-toplevel [17ms]
2023-09-21 04:51:38.277 [info] fatal: not a git repository (or any parent up to mount point /h)
Stopping at filesystem boundary (GIT_DISCOVERY_ACROSS_FILESYSTEM not set).
2023-09-21 04:51:38.279 [info] > git rev-parse --show-toplevel [4ms]
2023-09-21 04:51:38.279 [info] fatal: not a git repository (or any parent up to mount point /h)
Stopping at filesystem boundary (GIT_DISCOVERY_ACROSS_FILESYSTEM not set).
2023-09-21 04:51:38.292 [info] > git rev-parse --show-toplevel [4ms]
2023-09-21 04:51:38.292 [info] fatal: not a git repository (or any parent up to mount point /h)
Stopping at filesystem boundary (GIT_DISCOVERY_ACROSS_FILESYSTEM not set).
2023-09-21 04:51:48.000 [info] > git rev-parse --show-toplevel [7ms]
2023-09-21 04:51:48.010 [info] > git rev-parse --git-dir --git-common-dir [1ms]
2023-09-21 04:51:48.033 [info] Open repository: /h/u11/c1/00/aroraa39/csc369/aroraa39
2023-09-21 04:51:48.051 [info] > git config --get commit.template [9ms]
2023-09-21 04:51:48.065 [info] > git for-each-ref --format=%(refname)%00%(upstream:short)%00%(objectname)%00%(upstream:track)%00%(upstream:remotename)%00%(upstream:remoteref) refs/heads/master refs/remotes/master [16ms]
2023-09-21 04:51:48.076 [info] > git status -z -uall [4ms]
2023-09-21 04:51:48.098 [info] > git config --get commit.template [6ms]
2023-09-21 04:51:48.108 [info] > git for-each-ref --format=%(refname)%00%(upstream:short)%00%(objectname)%00%(upstream:track)%00%(upstream:remotename)%00%(upstream:remoteref) refs/heads/master refs/remotes/master [3ms]
2023-09-21 04:51:48.130 [info] > git status -z -uall [17ms]
2023-09-21 04:51:48.140 [info] > git fetch [108ms]
2023-09-21 04:51:48.140 [info] Missing or invalid credentials.
Skip silent fetch commands
Missing or invalid credentials.
Skip silent fetch commands
fatal: Authentication failed for 'https://markus.teach.cs.toronto.edu/git/2023-09/csc369/aroraa39/'
2023-09-21 04:51:48.152 [info] > git config --get commit.template [6ms]
2023-09-21 04:51:48.154 [info] > git for-each-ref --format=%(refname)%00%(upstream:short)%00%(objectname)%00%(upstream:track)%00%(upstream:remotename)%00%(upstream:remoteref) refs/heads/master refs/remotes/master [3ms]
2023-09-21 04:51:48.163 [info] > git status -z -uall [4ms]
2023-09-21 04:51:48.501 [info] > git show --textconv :T1/queue.c [8ms]
2023-09-21 04:51:48.503 [info] > git ls-files --stage -- /h/u11/c1/00/aroraa39/csc369/aroraa39/T1/queue.c [2ms]
2023-09-21 04:51:48.512 [info] > git cat-file -s 1e45f3e2d2add24c6acaa1c33a2bed7e7e8bafb7 [2ms]
2023-09-21 04:51:48.650 [info] > git check-ignore -v -z --stdin [2ms]
2023-09-21 04:51:49.316 [info] > git config --get commit.template [7ms]
2023-09-21 04:51:49.317 [info] > git for-each-ref --format=%(refname)%00%(upstream:short)%00%(objectname)%00%(upstream:track)%00%(upstream:remotename)%00%(upstream:remoteref) refs/heads/master refs/remotes/master [3ms]
2023-09-21 04:51:49.330 [info] > git status -z -uall [5ms]
2023-09-21 04:51:49.413 [info] > git ls-files --stage -- /h/u11/c1/00/aroraa39/csc369/aroraa39/T1/queue.c [2ms]
2023-09-21 04:51:49.421 [info] > git cat-file -s 1e45f3e2d2add24c6acaa1c33a2bed7e7e8bafb7 [2ms]
2023-09-21 04:51:49.440 [info] > git show --textconv :T1/queue.c [4ms]
2023-09-21 04:52:12.502 [info] > git check-ignore -v -z --stdin [2ms]
2023-09-21 04:52:30.345 [info] > git show --textconv :T1/traces/emptied.txt [8ms]
2023-09-21 04:52:30.347 [info] > git ls-files --stage -- /h/u11/c1/00/aroraa39/csc369/aroraa39/T1/traces/emptied.txt [4ms]
2023-09-21 04:52:30.354 [info] > git cat-file -s c647a243c1193786ab13cc7d8c2eaf6b3cf38367 [1ms]
2023-09-21 04:58:55.257 [info] > git config --get commit.template [8ms]
2023-09-21 04:58:55.259 [info] > git for-each-ref --format=%(refname)%00%(upstream:short)%00%(objectname)%00%(upstream:track)%00%(upstream:remotename)%00%(upstream:remoteref) refs/heads/master refs/remotes/master [4ms]
2023-09-21 04:58:55.278 [info] > git status -z -uall [9ms]
2023-09-21 04:59:11.428 [info] > git config --get commit.template [8ms]
2023-09-21 04:59:11.430 [info] > git for-each-ref --format=%(refname)%00%(upstream:short)%00%(objectname)%00%(upstream:track)%00%(upstream:remotename)%00%(upstream:remoteref) refs/heads/master refs/remotes/master [3ms]
2023-09-21 04:59:11.440 [info] > git status -z -uall [4ms]
2023-09-21 04:59:22.395 [info] > git config --get commit.template [7ms]
2023-09-21 04:59:22.396 [info] > git for-each-ref --format=%(refname)%00%(upstream:short)%00%(objectname)%00%(upstream:track)%00%(upstream:remotename)%00%(upstream:remoteref) refs/heads/master refs/remotes/master [2ms]
2023-09-21 04:59:22.406 [info] > git status -z -uall [4ms]
2023-09-21 04:59:52.104 [info] > git config --get commit.template [8ms]
2023-09-21 04:59:52.106 [info] > git for-each-ref --format=%(refname)%00%(upstream:short)%00%(objectname)%00%(upstream:track)%00%(upstream:remotename)%00%(upstream:remoteref) refs/heads/master refs/remotes/master [3ms]
2023-09-21 04:59:52.116 [info] > git status -z -uall [4ms]
2023-09-21 04:59:57.133 [info] > git config --get commit.template [6ms]
2023-09-21 04:59:57.135 [info] > git for-each-ref --format=%(refname)%00%(upstream:short)%00%(objectname)%00%(upstream:track)%00%(upstream:remotename)%00%(upstream:remoteref) refs/heads/master refs/remotes/master [3ms]
2023-09-21 04:59:57.147 [info] > git status -z -uall [5ms]
2023-09-21 05:00:09.436 [info] > git show --textconv :T1/defines.h [8ms]
2023-09-21 05:00:09.438 [info] > git ls-files --stage -- /h/u11/c1/00/aroraa39/csc369/aroraa39/T1/defines.h [2ms]
2023-09-21 05:00:09.446 [info] > git cat-file -s ae2ac263114c053a286dc5b1d177c577fa50870f [2ms]
2023-09-21 05:00:15.504 [info] > git config --get commit.template [8ms]
2023-09-21 05:00:15.506 [info] > git for-each-ref --format=%(refname)%00%(upstream:short)%00%(objectname)%00%(upstream:track)%00%(upstream:remotename)%00%(upstream:remoteref) refs/heads/master refs/remotes/master [3ms]
2023-09-21 05:00:15.515 [info] > git status -z -uall [4ms]
2023-09-21 05:00:20.534 [info] > git config --get commit.template [7ms]
2023-09-21 05:00:20.536 [info] > git for-each-ref --format=%(refname)%00%(upstream:short)%00%(objectname)%00%(upstream:track)%00%(upstream:remotename)%00%(upstream:remoteref) refs/heads/master refs/remotes/master [3ms]
2023-09-21 05:00:20.546 [info] > git status -z -uall [4ms]
2023-09-21 05:03:04.998 [info] > git config --get commit.template [7ms]
2023-09-21 05:03:05.002 [info] > git for-each-ref --format=%(refname)%00%(upstream:short)%00%(objectname)%00%(upstream:track)%00%(upstream:remotename)%00%(upstream:remoteref) refs/heads/master refs/remotes/master [5ms]
2023-09-21 05:03:05.017 [info] > git status -z -uall [8ms]
2023-09-21 05:03:16.357 [info] > git config --get commit.template [9ms]
2023-09-21 05:03:16.359 [info] > git for-each-ref --format=%(refname)%00%(upstream:short)%00%(objectname)%00%(upstream:track)%00%(upstream:remotename)%00%(upstream:remoteref) refs/heads/master refs/remotes/master [3ms]
2023-09-21 05:03:16.369 [info] > git status -z -uall [4ms]
2023-09-21 05:03:21.387 [info] > git config --get commit.template [7ms]
2023-09-21 05:03:21.388 [info] > git for-each-ref --format=%(refname)%00%(upstream:short)%00%(objectname)%00%(upstream:track)%00%(upstream:remotename)%00%(upstream:remoteref) refs/heads/master refs/remotes/master [2ms]
2023-09-21 05:03:21.398 [info] > git status -z -uall [4ms]
2023-09-21 05:03:41.561 [info] > git show --textconv :T1/t1-tester.o [9ms]
2023-09-21 05:03:41.562 [info] > git ls-files --stage -- /h/u11/c1/00/aroraa39/csc369/aroraa39/T1/t1-tester.o [2ms]
2023-09-21 05:03:41.571 [info] > git cat-file -s 6457b8924642c9bde3a20ed0bfa354f574422c7e [2ms]
2023-09-21 05:04:43.435 [info] > git config --get commit.template [7ms]
2023-09-21 05:04:43.437 [info] > git for-each-ref --format=%(refname)%00%(upstream:short)%00%(objectname)%00%(upstream:track)%00%(upstream:remotename)%00%(upstream:remoteref) refs/heads/master refs/remotes/master [4ms]
2023-09-21 05:04:43.452 [info] > git status -z -uall [7ms]
2023-09-21 05:04:48.464 [info] > git config --get commit.template [5ms]
2023-09-21 05:04:48.467 [info] > git for-each-ref --format=%(refname)%00%(upstream:short)%00%(objectname)%00%(upstream:track)%00%(upstream:remotename)%00%(upstream:remoteref) refs/heads/master refs/remotes/master [3ms]
2023-09-21 05:04:48.484 [info] > git status -z -uall [13ms]
2023-09-21 05:04:49.006 [info] > git show --textconv :T1/selftest.c [10ms]
2023-09-21 05:04:49.007 [info] > git ls-files --stage -- /h/u11/c1/00/aroraa39/csc369/aroraa39/T1/selftest.c [2ms]
2023-09-21 05:04:49.017 [info] > git cat-file -s 6c7d1689ac7007091d6fc045946dedf20e4c3603 [2ms]
2023-09-21 05:06:41.517 [info] > git config --get commit.template [8ms]
2023-09-21 05:06:41.519 [info] > git for-each-ref --format=%(refname)%00%(upstream:short)%00%(objectname)%00%(upstream:track)%00%(upstream:remotename)%00%(upstream:remoteref) refs/heads/master refs/remotes/master [3ms]
2023-09-21 05:06:41.531 [info] > git status -z -uall [6ms]
2023-09-21 05:06:46.552 [info] > git config --get commit.template [8ms]
2023-09-21 05:06:46.553 [info] > git for-each-ref --format=%(refname)%00%(upstream:short)%00%(objectname)%00%(upstream:track)%00%(upstream:remotename)%00%(upstream:remoteref) refs/heads/master refs/remotes/master [2ms]
2023-09-21 05:06:46.564 [info] > git status -z -uall [4ms]
2023-09-21 05:08:49.709 [info] > git show --textconv :T1/traces/empty_deq.txt [8ms]
2023-09-21 05:08:49.711 [info] > git ls-files --stage -- /h/u11/c1/00/aroraa39/csc369/aroraa39/T1/traces/empty_deq.txt [3ms]
2023-09-21 05:08:49.723 [info] > git cat-file -s 3a2e3f4984a0ee55900f8c7894844c563d2c2744 [3ms]
2023-09-21 05:09:22.128 [info] > git config --get commit.template [6ms]
2023-09-21 05:09:22.130 [info] > git for-each-ref --format=%(refname)%00%(upstream:short)%00%(objectname)%00%(upstream:track)%00%(upstream:remotename)%00%(upstream:remoteref) refs/heads/master refs/remotes/master [2ms]
2023-09-21 05:09:22.141 [info] > git status -z -uall [5ms]
2023-09-21 05:09:27.161 [info] > git config --get commit.template [8ms]
2023-09-21 05:09:27.162 [info] > git for-each-ref --format=%(refname)%00%(upstream:short)%00%(objectname)%00%(upstream:track)%00%(upstream:remotename)%00%(upstream:remoteref) refs/heads/master refs/remotes/master [2ms]
2023-09-21 05:09:27.173 [info] > git status -z -uall [4ms]
2023-09-21 05:10:05.588 [info] > git config --get commit.template [7ms]
2023-09-21 05:10:05.591 [info] > git for-each-ref --format=%(refname)%00%(upstream:short)%00%(objectname)%00%(upstream:track)%00%(upstream:remotename)%00%(upstream:remoteref) refs/heads/master refs/remotes/master [2ms]
2023-09-21 05:10:05.603 [info] > git status -z -uall [5ms]
2023-09-21 05:10:10.621 [info] > git config --get commit.template [7ms]
2023-09-21 05:10:10.623 [info] > git for-each-ref --format=%(refname)%00%(upstream:short)%00%(objectname)%00%(upstream:track)%00%(upstream:remotename)%00%(upstream:remoteref) refs/heads/master refs/remotes/master [2ms]
2023-09-21 05:10:10.632 [info] > git status -z -uall [4ms]
2023-09-21 05:10:33.219 [info] > git config --get commit.template [7ms]
2023-09-21 05:10:33.221 [info] > git for-each-ref --format=%(refname)%00%(upstream:short)%00%(objectname)%00%(upstream:track)%00%(upstream:remotename)%00%(upstream:remoteref) refs/heads/master refs/remotes/master [3ms]
2023-09-21 05:10:33.231 [info] > git status -z -uall [4ms]
2023-09-21 05:10:38.251 [info] > git config --get commit.template [10ms]
2023-09-21 05:10:38.252 [info] > git for-each-ref --format=%(refname)%00%(upstream:short)%00%(objectname)%00%(upstream:track)%00%(upstream:remotename)%00%(upstream:remoteref) refs/heads/master refs/remotes/master [3ms]
2023-09-21 05:10:38.264 [info] > git status -z -uall [5ms]
2023-09-21 05:11:07.286 [info] > git config --get commit.template [7ms]
2023-09-21 05:11:07.288 [info] > git for-each-ref --format=%(refname)%00%(upstream:short)%00%(objectname)%00%(upstream:track)%00%(upstream:remotename)%00%(upstream:remoteref) refs/heads/master refs/remotes/master [3ms]
2023-09-21 05:11:07.299 [info] > git status -z -uall [5ms]
2023-09-21 05:11:12.322 [info] > git config --get commit.template [10ms]
2023-09-21 05:11:12.324 [info] > git for-each-ref --format=%(refname)%00%(upstream:short)%00%(objectname)%00%(upstream:track)%00%(upstream:remotename)%00%(upstream:remoteref) refs/heads/master refs/remotes/master [3ms]
2023-09-21 05:11:12.336 [info] > git status -z -uall [4ms]
2023-09-21 05:11:51.896 [info] > git config --get commit.template [8ms]
2023-09-21 05:11:51.902 [info] > git for-each-ref --format=%(refname)%00%(upstream:short)%00%(objectname)%00%(upstream:track)%00%(upstream:remotename)%00%(upstream:remoteref) refs/heads/master refs/remotes/master [7ms]
2023-09-21 05:11:51.914 [info] > git status -z -uall [5ms]
2023-09-21 05:11:56.932 [info] > git config --get commit.template [7ms]
2023-09-21 05:11:56.934 [info] > git for-each-ref --format=%(refname)%00%(upstream:short)%00%(objectname)%00%(upstream:track)%00%(upstream:remotename)%00%(upstream:remoteref) refs/heads/master refs/remotes/master [3ms]
2023-09-21 05:11:56.945 [info] > git status -z -uall [5ms]
2023-09-21 05:12:07.821 [info] > git config --get commit.template [8ms]
2023-09-21 05:12:07.824 [info] > git for-each-ref --format=%(refname)%00%(upstream:short)%00%(objectname)%00%(upstream:track)%00%(upstream:remotename)%00%(upstream:remoteref) refs/heads/master refs/remotes/master [4ms]
2023-09-21 05:12:07.835 [info] > git status -z -uall [4ms]
2023-09-21 05:12:12.854 [info] > git config --get commit.template [8ms]
2023-09-21 05:12:12.856 [info] > git for-each-ref --format=%(refname)%00%(upstream:short)%00%(objectname)%00%(upstream:track)%00%(upstream:remotename)%00%(upstream:remoteref) refs/heads/master refs/remotes/master [3ms]
2023-09-21 05:12:12.868 [info] > git status -z -uall [5ms]
2023-09-21 05:12:17.885 [info] > git config --get commit.template [7ms]
2023-09-21 05:12:17.887 [info] > git for-each-ref --format=%(refname)%00%(upstream:short)%00%(objectname)%00%(upstream:track)%00%(upstream:remotename)%00%(upstream:remoteref) refs/heads/master refs/remotes/master [3ms]
2023-09-21 05:12:17.897 [info] > git status -z -uall [4ms]
2023-09-21 05:13:09.566 [info] > git config --get commit.template [7ms]
2023-09-21 05:13:09.568 [info] > git for-each-ref --format=%(refname)%00%(upstream:short)%00%(objectname)%00%(upstream:track)%00%(upstream:remotename)%00%(upstream:remoteref) refs/heads/master refs/remotes/master [3ms]
2023-09-21 05:13:09.586 [info] > git status -z -uall [10ms]
2023-09-21 05:13:14.605 [info] > git config --get commit.template [8ms]
2023-09-21 05:13:14.608 [info] > git for-each-ref --format=%(refname)%00%(upstream:short)%00%(objectname)%00%(upstream:track)%00%(upstream:remotename)%00%(upstream:remoteref) refs/heads/master refs/remotes/master [2ms]
2023-09-21 05:13:14.620 [info] > git status -z -uall [5ms]
2023-09-21 05:18:42.278 [info] > git config --get commit.template [8ms]
2023-09-21 05:18:42.282 [info] > git for-each-ref --format=%(refname)%00%(upstream:short)%00%(objectname)%00%(upstream:track)%00%(upstream:remotename)%00%(upstream:remoteref) refs/heads/master refs/remotes/master [5ms]
2023-09-21 05:18:42.294 [info] > git status -z -uall [6ms]
2023-09-21 05:18:47.309 [info] > git config --get commit.template [6ms]
2023-09-21 05:18:47.312 [info] > git for-each-ref --format=%(refname)%00%(upstream:short)%00%(objectname)%00%(upstream:track)%00%(upstream:remotename)%00%(upstream:remoteref) refs/heads/master refs/remotes/master [3ms]
2023-09-21 05:18:47.321 [info] > git status -z -uall [4ms]
2023-09-21 05:18:52.340 [info] > git config --get commit.template [8ms]
2023-09-21 05:18:52.341 [info] > git for-each-ref --format=%(refname)%00%(upstream:short)%00%(objectname)%00%(upstream:track)%00%(upstream:remotename)%00%(upstream:remoteref) refs/heads/master refs/remotes/master [2ms]
2023-09-21 05:18:52.353 [info] > git status -z -uall [5ms]
2023-09-21 05:18:57.373 [info] > git config --get commit.template [8ms]
2023-09-21 05:18:57.374 [info] > git for-each-ref --format=%(refname)%00%(upstream:short)%00%(objectname)%00%(upstream:track)%00%(upstream:remotename)%00%(upstream:remoteref) refs/heads/master refs/remotes/master [2ms]
2023-09-21 05:18:57.386 [info] > git status -z -uall [5ms]
2023-09-21 05:19:31.773 [info] > git config --get commit.template [9ms]
2023-09-21 05:19:31.775 [info] > git for-each-ref --format=%(refname)%00%(upstream:short)%00%(objectname)%00%(upstream:track)%00%(upstream:remotename)%00%(upstream:remoteref) refs/heads/master refs/remotes/master [3ms]
2023-09-21 05:19:31.785 [info] > git status -z -uall [4ms]
2023-09-21 05:20:34.318 [info] > git config --get commit.template [7ms]
2023-09-21 05:20:34.321 [info] > git for-each-ref --format=%(refname)%00%(upstream:short)%00%(objectname)%00%(upstream:track)%00%(upstream:remotename)%00%(upstream:remoteref) refs/heads/master refs/remotes/master [3ms]
2023-09-21 05:20:34.332 [info] > git status -z -uall [5ms]
2023-09-21 05:20:39.351 [info] > git config --get commit.template [8ms]
2023-09-21 05:20:39.352 [info] > git for-each-ref --format=%(refname)%00%(upstream:short)%00%(objectname)%00%(upstream:track)%00%(upstream:remotename)%00%(upstream:remoteref) refs/heads/master refs/remotes/master [2ms]
2023-09-21 05:20:39.364 [info] > git status -z -uall [4ms]
2023-09-21 05:20:44.382 [info] > git config --get commit.template [7ms]
2023-09-21 05:20:44.384 [info] > git for-each-ref --format=%(refname)%00%(upstream:short)%00%(objectname)%00%(upstream:track)%00%(upstream:remotename)%00%(upstream:remoteref) refs/heads/master refs/remotes/master [3ms]
2023-09-21 05:20:44.394 [info] > git status -z -uall [4ms]
2023-09-21 05:20:49.412 [info] > git config --get commit.template [8ms]
2023-09-21 05:20:49.414 [info] > git for-each-ref --format=%(refname)%00%(upstream:short)%00%(objectname)%00%(upstream:track)%00%(upstream:remotename)%00%(upstream:remoteref) refs/heads/master refs/remotes/master [2ms]
2023-09-21 05:20:49.425 [info] > git status -z -uall [5ms]
2023-09-21 05:21:07.921 [info] > git config --get commit.template [8ms]
2023-09-21 05:21:07.923 [info] > git for-each-ref --format=%(refname)%00%(upstream:short)%00%(objectname)%00%(upstream:track)%00%(upstream:remotename)%00%(upstream:remoteref) refs/heads/master refs/remotes/master [3ms]
2023-09-21 05:21:07.933 [info] > git status -z -uall [4ms]
2023-09-21 05:21:12.952 [info] > git config --get commit.template [8ms]
2023-09-21 05:21:12.955 [info] > git for-each-ref --format=%(refname)%00%(upstream:short)%00%(objectname)%00%(upstream:track)%00%(upstream:remotename)%00%(upstream:remoteref) refs/heads/master refs/remotes/master [3ms]
2023-09-21 05:21:12.967 [info] > git status -z -uall [6ms]
2023-09-21 05:22:18.186 [info] > git config --get commit.template [7ms]
2023-09-21 05:22:18.189 [info] > git for-each-ref --format=%(refname)%00%(upstream:short)%00%(objectname)%00%(upstream:track)%00%(upstream:remotename)%00%(upstream:remoteref) refs/heads/master refs/remotes/master [4ms]
2023-09-21 05:22:18.202 [info] > git status -z -uall [7ms]
2023-09-21 05:22:23.225 [info] > git config --get commit.template [10ms]
2023-09-21 05:22:23.227 [info] > git for-each-ref --format=%(refname)%00%(upstream:short)%00%(objectname)%00%(upstream:track)%00%(upstream:remotename)%00%(upstream:remoteref) refs/heads/master refs/remotes/master [3ms]
2023-09-21 05:22:23.247 [info] > git status -z -uall [11ms]
2023-09-21 05:23:55.921 [info] > git config --get commit.template [7ms]
2023-09-21 05:23:55.923 [info] > git for-each-ref --format=%(refname)%00%(upstream:short)%00%(objectname)%00%(upstream:track)%00%(upstream:remotename)%00%(upstream:remoteref) refs/heads/master refs/remotes/master [3ms]
2023-09-21 05:23:55.936 [info] > git status -z -uall [6ms]
2023-09-21 05:23:57.715 [info] > git check-ignore -v -z --stdin [2ms]
2023-09-21 05:24:00.956 [info] > git config --get commit.template [7ms]
2023-09-21 05:24:00.958 [info] > git for-each-ref --format=%(refname)%00%(upstream:short)%00%(objectname)%00%(upstream:track)%00%(upstream:remotename)%00%(upstream:remoteref) refs/heads/master refs/remotes/master [3ms]
2023-09-21 05:24:00.968 [info] > git status -z -uall [4ms]
2023-09-21 05:26:10.458 [info] > git config --get commit.template [7ms]
2023-09-21 05:26:10.462 [info] > git for-each-ref --format=%(refname)%00%(upstream:short)%00%(objectname)%00%(upstream:track)%00%(upstream:remotename)%00%(upstream:remoteref) refs/heads/master refs/remotes/master [5ms]
2023-09-21 05:26:10.475 [info] > git status -z -uall [7ms]
2023-09-21 05:26:15.492 [info] > git config --get commit.template [7ms]
2023-09-21 05:26:15.495 [info] > git for-each-ref --format=%(refname)%00%(upstream:short)%00%(objectname)%00%(upstream:track)%00%(upstream:remotename)%00%(upstream:remoteref) refs/heads/master refs/remotes/master [3ms]
2023-09-21 05:26:15.503 [info] > git status -z -uall [4ms]
2023-09-21 05:26:25.662 [info] > git config --get commit.template [9ms]
2023-09-21 05:26:25.664 [info] > git for-each-ref --format=%(refname)%00%(upstream:short)%00%(objectname)%00%(upstream:track)%00%(upstream:remotename)%00%(upstream:remoteref) refs/heads/master refs/remotes/master [3ms]
2023-09-21 05:26:25.674 [info] > git status -z -uall [4ms]
2023-09-21 05:28:00.853 [info] > git show --textconv :T1/traces/profile0.txt [8ms]
2023-09-21 05:28:00.855 [info] > git ls-files --stage -- /h/u11/c1/00/aroraa39/csc369/aroraa39/T1/traces/profile0.txt [2ms]
2023-09-21 05:28:00.864 [info] > git cat-file -s 901e70f25708b1e75d6a52a8d3ca9d9de542de53 [3ms]
2023-09-21 05:30:55.362 [info] > git config --get commit.template [9ms]
2023-09-21 05:30:55.366 [info] > git for-each-ref --format=%(refname)%00%(upstream:short)%00%(objectname)%00%(upstream:track)%00%(upstream:remotename)%00%(upstream:remoteref) refs/heads/master refs/remotes/master [5ms]
2023-09-21 05:30:55.378 [info] > git status -z -uall [6ms]
2023-09-21 05:31:00.398 [info] > git config --get commit.template [9ms]
2023-09-21 05:31:00.400 [info] > git for-each-ref --format=%(refname)%00%(upstream:short)%00%(objectname)%00%(upstream:track)%00%(upstream:remotename)%00%(upstream:remoteref) refs/heads/master refs/remotes/master [3ms]
2023-09-21 05:31:00.412 [info] > git status -z -uall [5ms]
2023-09-21 05:34:27.796 [info] > git config --get commit.template [10ms]
2023-09-21 05:34:27.799 [info] > git for-each-ref --format=%(refname)%00%(upstream:short)%00%(objectname)%00%(upstream:track)%00%(upstream:remotename)%00%(upstream:remoteref) refs/heads/master refs/remotes/master [4ms]
2023-09-21 05:34:27.812 [info] > git status -z -uall [7ms]
2023-09-21 05:34:50.934 [info] > git config --get commit.template [7ms]
2023-09-21 05:34:50.935 [info] > git for-each-ref --format=%(refname)%00%(upstream:short)%00%(objectname)%00%(upstream:track)%00%(upstream:remotename)%00%(upstream:remoteref) refs/heads/master refs/remotes/master [2ms]
2023-09-21 05:34:50.945 [info] > git status -z -uall [4ms]
2023-09-21 05:34:52.869 [info] > git check-ignore -v -z --stdin [2ms]
2023-09-21 05:34:55.965 [info] > git config --get commit.template [9ms]
2023-09-21 05:34:55.967 [info] > git for-each-ref --format=%(refname)%00%(upstream:short)%00%(objectname)%00%(upstream:track)%00%(upstream:remotename)%00%(upstream:remoteref) refs/heads/master refs/remotes/master [3ms]
2023-09-21 05:34:55.979 [info] > git status -z -uall [5ms]
2023-09-21 05:37:43.487 [info] > git config --get commit.template [7ms]
2023-09-21 05:37:43.489 [info] > git for-each-ref --format=%(refname)%00%(upstream:short)%00%(objectname)%00%(upstream:track)%00%(upstream:remotename)%00%(upstream:remoteref) refs/heads/master refs/remotes/master [3ms]
2023-09-21 05:37:43.501 [info] > git status -z -uall [6ms]
2023-09-21 05:38:04.926 [info] > git config --get commit.template [9ms]
2023-09-21 05:38:04.928 [info] > git for-each-ref --format=%(refname)%00%(upstream:short)%00%(objectname)%00%(upstream:track)%00%(upstream:remotename)%00%(upstream:remoteref) refs/heads/master refs/remotes/master [3ms]
2023-09-21 05:38:04.940 [info] > git status -z -uall [5ms]
2023-09-21 05:38:10.801 [info] > git config --get commit.template [9ms]
2023-09-21 05:38:10.804 [info] > git for-each-ref --format=%(refname)%00%(upstream:short)%00%(objectname)%00%(upstream:track)%00%(upstream:remotename)%00%(upstream:remoteref) refs/heads/master refs/remotes/master [3ms]
2023-09-21 05:38:10.814 [info] > git status -z -uall [4ms]
2023-09-21 05:38:18.201 [info] > git config --get commit.template [7ms]
2023-09-21 05:38:18.202 [info] > git for-each-ref --format=%(refname)%00%(upstream:short)%00%(objectname)%00%(upstream:track)%00%(upstream:remotename)%00%(upstream:remoteref) refs/heads/master refs/remotes/master [2ms]
2023-09-21 05:38:18.213 [info] > git status -z -uall [4ms]
2023-09-21 05:38:23.233 [info] > git config --get commit.template [9ms]
2023-09-21 05:38:23.235 [info] > git for-each-ref --format=%(refname)%00%(upstream:short)%00%(objectname)%00%(upstream:track)%00%(upstream:remotename)%00%(upstream:remoteref) refs/heads/master refs/remotes/master [3ms]
2023-09-21 05:38:23.246 [info] > git status -z -uall [4ms]
2023-09-21 05:38:38.390 [info] > git config --get commit.template [9ms]
2023-09-21 05:38:38.392 [info] > git for-each-ref --format=%(refname)%00%(upstream:short)%00%(objectname)%00%(upstream:track)%00%(upstream:remotename)%00%(upstream:remoteref) refs/heads/master refs/remotes/master [3ms]
2023-09-21 05:38:38.403 [info] > git status -z -uall [5ms]
2023-09-21 05:38:41.044 [info] > git check-ignore -v -z --stdin [2ms]
2023-09-21 05:38:43.424 [info] > git config --get commit.template [9ms]
2023-09-21 05:38:43.427 [info] > git for-each-ref --format=%(refname)%00%(upstream:short)%00%(objectname)%00%(upstream:track)%00%(upstream:remotename)%00%(upstream:remoteref) refs/heads/master refs/remotes/master [4ms]
2023-09-21 05:38:43.438 [info] > git status -z -uall [4ms]
2023-09-21 05:40:27.577 [info] > git config --get commit.template [8ms]
2023-09-21 05:40:27.579 [info] > git for-each-ref --format=%(refname)%00%(upstream:short)%00%(objectname)%00%(upstream:track)%00%(upstream:remotename)%00%(upstream:remoteref) refs/heads/master refs/remotes/master [3ms]
2023-09-21 05:40:27.591 [info] > git status -z -uall [6ms]
2023-09-21 05:40:38.009 [info] > git config --get commit.template [8ms]
2023-09-21 05:40:38.010 [info] > git for-each-ref --format=%(refname)%00%(upstream:short)%00%(objectname)%00%(upstream:track)%00%(upstream:remotename)%00%(upstream:remoteref) refs/heads/master refs/remotes/master [2ms]
2023-09-21 05:40:38.022 [info] > git status -z -uall [4ms]
2023-09-21 05:40:43.501 [info] > git config --get commit.template [8ms]
2023-09-21 05:40:43.503 [info] > git for-each-ref --format=%(refname)%00%(upstream:short)%00%(objectname)%00%(upstream:track)%00%(upstream:remotename)%00%(upstream:remoteref) refs/heads/master refs/remotes/master [3ms]
2023-09-21 05:40:43.513 [info] > git status -z -uall [4ms]
2023-09-21 05:40:48.532 [info] > git config --get commit.template [7ms]
2023-09-21 05:40:48.535 [info] > git for-each-ref --format=%(refname)%00%(upstream:short)%00%(objectname)%00%(upstream:track)%00%(upstream:remotename)%00%(upstream:remoteref) refs/heads/master refs/remotes/master [3ms]
2023-09-21 05:40:48.545 [info] > git status -z -uall [4ms]
2023-09-21 05:42:22.376 [info] > git config --get commit.template [6ms]
2023-09-21 05:42:22.379 [info] > git for-each-ref --format=%(refname)%00%(upstream:short)%00%(objectname)%00%(upstream:track)%00%(upstream:remotename)%00%(upstream:remoteref) refs/heads/master refs/remotes/master [3ms]
2023-09-21 05:42:22.391 [info] > git status -z -uall [6ms]
2023-09-21 05:42:27.409 [info] > git config --get commit.template [8ms]
2023-09-21 05:42:27.411 [info] > git for-each-ref --format=%(refname)%00%(upstream:short)%00%(objectname)%00%(upstream:track)%00%(upstream:remotename)%00%(upstream:remoteref) refs/heads/master refs/remotes/master [3ms]
2023-09-21 05:42:27.421 [info] > git status -z -uall [4ms]
2023-09-21 05:44:53.134 [info] > git config --get commit.template [8ms]
2023-09-21 05:44:53.136 [info] > git for-each-ref --format=%(refname)%00%(upstream:short)%00%(objectname)%00%(upstream:track)%00%(upstream:remotename)%00%(upstream:remoteref) refs/heads/master refs/remotes/master [3ms]
2023-09-21 05:44:53.148 [info] > git status -z -uall [6ms]
2023-09-21 05:44:55.175 [info] > git check-ignore -v -z --stdin [2ms]
2023-09-21 05:44:58.170 [info] > git config --get commit.template [8ms]
2023-09-21 05:44:58.172 [info] > git for-each-ref --format=%(refname)%00%(upstream:short)%00%(objectname)%00%(upstream:track)%00%(upstream:remotename)%00%(upstream:remoteref) refs/heads/master refs/remotes/master [3ms]
2023-09-21 05:44:58.182 [info] > git status -z -uall [4ms]
2023-09-21 05:45:47.048 [info] > git config --get commit.template [9ms]
2023-09-21 05:45:47.051 [info] > git for-each-ref --format=%(refname)%00%(upstream:short)%00%(objectname)%00%(upstream:track)%00%(upstream:remotename)%00%(upstream:remoteref) refs/heads/master refs/remotes/master [4ms]
2023-09-21 05:45:47.061 [info] > git status -z -uall [4ms]
2023-09-21 05:45:53.783 [info] > git config --get commit.template [7ms]
2023-09-21 05:45:53.785 [info] > git for-each-ref --format=%(refname)%00%(upstream:short)%00%(objectname)%00%(upstream:track)%00%(upstream:remotename)%00%(upstream:remoteref) refs/heads/master refs/remotes/master [3ms]
2023-09-21 05:45:53.796 [info] > git status -z -uall [4ms]
2023-09-21 05:46:14.027 [info] > git config --get commit.template [9ms]
2023-09-21 05:46:14.028 [info] > git for-each-ref --format=%(refname)%00%(upstream:short)%00%(objectname)%00%(upstream:track)%00%(upstream:remotename)%00%(upstream:remoteref) refs/heads/master refs/remotes/master [2ms]
2023-09-21 05:46:14.039 [info] > git status -z -uall [4ms]
2023-09-21 05:46:30.519 [info] > git config --get commit.template [7ms]
2023-09-21 05:46:30.521 [info] > git for-each-ref --format=%(refname)%00%(upstream:short)%00%(objectname)%00%(upstream:track)%00%(upstream:remotename)%00%(upstream:remoteref) refs/heads/master refs/remotes/master [3ms]
2023-09-21 05:46:30.532 [info] > git status -z -uall [5ms]
2023-09-21 05:46:34.773 [info] > git show --textconv :T1/traces/profile0.txt [9ms]
2023-09-21 05:46:34.774 [info] > git ls-files --stage -- /h/u11/c1/00/aroraa39/csc369/aroraa39/T1/traces/profile0.txt [2ms]
2023-09-21 05:46:34.782 [info] > git cat-file -s 901e70f25708b1e75d6a52a8d3ca9d9de542de53 [1ms]
2023-09-21 05:50:47.192 [info] > git config --get commit.template [12ms]
2023-09-21 05:50:47.195 [info] > git for-each-ref --format=%(refname)%00%(upstream:short)%00%(objectname)%00%(upstream:track)%00%(upstream:remotename)%00%(upstream:remoteref) refs/heads/master refs/remotes/master [4ms]
2023-09-21 05:50:47.209 [info] > git status -z -uall [6ms]
2023-09-21 05:50:52.234 [info] > git config --get commit.template [10ms]
2023-09-21 05:50:52.236 [info] > git for-each-ref --format=%(refname)%00%(upstream:short)%00%(objectname)%00%(upstream:track)%00%(upstream:remotename)%00%(upstream:remoteref) refs/heads/master refs/remotes/master [4ms]
2023-09-21 05:50:52.246 [info] > git status -z -uall [4ms]
2023-09-21 05:51:40.166 [info] > git config --get commit.template [8ms]
2023-09-21 05:51:40.168 [info] > git for-each-ref --format=%(refname)%00%(upstream:short)%00%(objectname)%00%(upstream:track)%00%(upstream:remotename)%00%(upstream:remoteref) refs/heads/master refs/remotes/master [3ms]
2023-09-21 05:51:40.180 [info] > git status -z -uall [5ms]
2023-09-21 05:51:42.520 [info] > git check-ignore -v -z --stdin [2ms]
2023-09-21 05:51:45.200 [info] > git config --get commit.template [8ms]
2023-09-21 05:51:45.201 [info] > git for-each-ref --format=%(refname)%00%(upstream:short)%00%(objectname)%00%(upstream:track)%00%(upstream:remotename)%00%(upstream:remoteref) refs/heads/master refs/remotes/master [2ms]
2023-09-21 05:51:45.212 [info] > git status -z -uall [4ms]
2023-09-21 05:52:23.250 [info] > git config --get commit.template [8ms]
2023-09-21 05:52:23.253 [info] > git for-each-ref --format=%(refname)%00%(upstream:short)%00%(objectname)%00%(upstream:track)%00%(upstream:remotename)%00%(upstream:remoteref) refs/heads/master refs/remotes/master [4ms]
2023-09-21 05:52:23.263 [info] > git status -z -uall [3ms]
2023-09-21 05:52:28.282 [info] > git config --get commit.template [8ms]
2023-09-21 05:52:28.285 [info] > git for-each-ref --format=%(refname)%00%(upstream:short)%00%(objectname)%00%(upstream:track)%00%(upstream:remotename)%00%(upstream:remoteref) refs/heads/master refs/remotes/master [2ms]
2023-09-21 05:52:28.296 [info] > git status -z -uall [5ms]
2023-09-21 05:52:35.459 [info] > git config --get commit.template [9ms]
2023-09-21 05:52:35.462 [info] > git for-each-ref --format=%(refname)%00%(upstream:short)%00%(objectname)%00%(upstream:track)%00%(upstream:remotename)%00%(upstream:remoteref) refs/heads/master refs/remotes/master [4ms]
2023-09-21 05:52:35.473 [info] > git status -z -uall [5ms]
2023-09-21 05:52:40.491 [info] > git config --get commit.template [7ms]
2023-09-21 05:52:40.492 [info] > git for-each-ref --format=%(refname)%00%(upstream:short)%00%(objectname)%00%(upstream:track)%00%(upstream:remotename)%00%(upstream:remoteref) refs/heads/master refs/remotes/master [2ms]
2023-09-21 05:52:40.502 [info] > git status -z -uall [3ms]
2023-09-21 05:53:09.115 [info] > git config --get commit.template [9ms]
2023-09-21 05:53:09.118 [info] > git for-each-ref --format=%(refname)%00%(upstream:short)%00%(objectname)%00%(upstream:track)%00%(upstream:remotename)%00%(upstream:remoteref) refs/heads/master refs/remotes/master [4ms]
2023-09-21 05:53:09.130 [info] > git status -z -uall [5ms]
2023-09-21 05:53:21.001 [info] > git config --get commit.template [8ms]
2023-09-21 05:53:21.002 [info] > git for-each-ref --format=%(refname)%00%(upstream:short)%00%(objectname)%00%(upstream:track)%00%(upstream:remotename)%00%(upstream:remoteref) refs/heads/master refs/remotes/master [2ms]
2023-09-21 05:53:21.015 [info] > git status -z -uall [5ms]
2023-09-21 05:53:26.033 [info] > git config --get commit.template [7ms]
2023-09-21 05:53:26.034 [info] > git for-each-ref --format=%(refname)%00%(upstream:short)%00%(objectname)%00%(upstream:track)%00%(upstream:remotename)%00%(upstream:remoteref) refs/heads/master refs/remotes/master [2ms]
2023-09-21 05:53:26.045 [info] > git status -z -uall [4ms]
2023-09-21 05:54:02.725 [info] > git config --get commit.template [9ms]
2023-09-21 05:54:02.726 [info] > git for-each-ref --format=%(refname)%00%(upstream:short)%00%(objectname)%00%(upstream:track)%00%(upstream:remotename)%00%(upstream:remoteref) refs/heads/master refs/remotes/master [3ms]
2023-09-21 05:54:02.738 [info] > git status -z -uall [5ms]
2023-09-21 05:54:12.605 [info] > git config --get commit.template [8ms]
2023-09-21 05:54:12.608 [info] > git for-each-ref --format=%(refname)%00%(upstream:short)%00%(objectname)%00%(upstream:track)%00%(upstream:remotename)%00%(upstream:remoteref) refs/heads/master refs/remotes/master [3ms]
2023-09-21 05:54:12.620 [info] > git status -z -uall [5ms]
2023-09-21 05:54:36.584 [info] > git check-ignore -v -z --stdin [3ms]
2023-09-21 05:54:36.647 [info] > git config --get commit.template [7ms]
2023-09-21 05:54:36.649 [info] > git for-each-ref --format=%(refname)%00%(upstream:short)%00%(objectname)%00%(upstream:track)%00%(upstream:remotename)%00%(upstream:remoteref) refs/heads/master refs/remotes/master [3ms]
2023-09-21 05:54:36.661 [info] > git status -z -uall [5ms]
2023-09-21 05:55:24.662 [info] > git config --get commit.template [8ms]
2023-09-21 05:55:24.665 [info] > git for-each-ref --format=%(refname)%00%(upstream:short)%00%(objectname)%00%(upstream:track)%00%(upstream:remotename)%00%(upstream:remoteref) refs/heads/master refs/remotes/master [3ms]
2023-09-21 05:55:24.677 [info] > git status -z -uall [4ms]
2023-09-21 05:55:29.693 [info] > git config --get commit.template [7ms]
2023-09-21 05:55:29.695 [info] > git for-each-ref --format=%(refname)%00%(upstream:short)%00%(objectname)%00%(upstream:track)%00%(upstream:remotename)%00%(upstream:remoteref) refs/heads/master refs/remotes/master [3ms]
2023-09-21 05:55:29.705 [info] > git status -z -uall [4ms]
2023-09-21 05:56:09.090 [info] > git config --get commit.template [9ms]
2023-09-21 05:56:09.093 [info] > git for-each-ref --format=%(refname)%00%(upstream:short)%00%(objectname)%00%(upstream:track)%00%(upstream:remotename)%00%(upstream:remoteref) refs/heads/master refs/remotes/master [3ms]
2023-09-21 05:56:09.103 [info] > git status -z -uall [4ms]
2023-09-21 05:56:14.123 [info] > git config --get commit.template [7ms]
2023-09-21 05:56:14.124 [info] > git for-each-ref --format=%(refname)%00%(upstream:short)%00%(objectname)%00%(upstream:track)%00%(upstream:remotename)%00%(upstream:remoteref) refs/heads/master refs/remotes/master [2ms]
2023-09-21 05:56:14.135 [info] > git status -z -uall [5ms]
2023-09-21 05:56:20.448 [info] > git show --textconv :T1/traces/emptied.txt [8ms]
2023-09-21 05:56:20.448 [info] > git ls-files --stage -- /h/u11/c1/00/aroraa39/csc369/aroraa39/T1/traces/emptied.txt [2ms]
2023-09-21 05:56:20.459 [info] > git cat-file -s c647a243c1193786ab13cc7d8c2eaf6b3cf38367 [3ms]
2023-09-21 05:57:46.502 [info] > git config --get commit.template [11ms]
2023-09-21 05:57:46.505 [info] > git for-each-ref --format=%(refname)%00%(upstream:short)%00%(objectname)%00%(upstream:track)%00%(upstream:remotename)%00%(upstream:remoteref) refs/heads/master refs/remotes/master [4ms]
2023-09-21 05:57:46.521 [info] > git status -z -uall [7ms]
2023-09-21 05:58:35.271 [info] > git config --get commit.template [10ms]
2023-09-21 05:58:35.273 [info] > git for-each-ref --format=%(refname)%00%(upstream:short)%00%(objectname)%00%(upstream:track)%00%(upstream:remotename)%00%(upstream:remoteref) refs/heads/master refs/remotes/master [3ms]
2023-09-21 05:58:35.286 [info] > git status -z -uall [4ms]
2023-09-21 05:58:39.485 [info] > git check-ignore -v -z --stdin [2ms]
2023-09-21 05:59:23.100 [info] > git show --textconv :T1/trace-gen.py [8ms]
2023-09-21 05:59:23.102 [info] > git ls-files --stage -- /h/u11/c1/00/aroraa39/csc369/aroraa39/T1/trace-gen.py [2ms]
2023-09-21 05:59:23.111 [info] > git cat-file -s 9c44b5dfb426c473bd5a5a5d1c189b9302a4e2e9 [2ms]
2023-09-21 06:00:15.378 [info] > git show --textconv :T1/selftest.c [12ms]
2023-09-21 06:00:15.380 [info] > git ls-files --stage -- /h/u11/c1/00/aroraa39/csc369/aroraa39/T1/selftest.c [3ms]
2023-09-21 06:00:15.391 [info] > git cat-file -s 6c7d1689ac7007091d6fc045946dedf20e4c3603 [2ms]
2023-09-21 06:00:47.063 [info] > git show --textconv :T1/selftest_malloc.c [10ms]
2023-09-21 06:00:47.065 [info] > git ls-files --stage -- /h/u11/c1/00/aroraa39/csc369/aroraa39/T1/selftest_malloc.c [3ms]
2023-09-21 06:00:47.074 [info] > git cat-file -s fa21662f457d2f7bf07ee3d49f6233701c0931a0 [1ms]
2023-09-21 06:04:38.347 [info] > git rev-parse --show-toplevel [2ms]
2023-09-21 06:04:38.347 [info] fatal: not a git repository (or any parent up to mount point /h)
Stopping at filesystem boundary (GIT_DISCOVERY_ACROSS_FILESYSTEM not set).
2023-09-21 06:04:40.620 [info] > git show --textconv HEAD:T1/queue.c [11ms]
2023-09-21 06:04:40.623 [info] > git ls-tree -l HEAD -- /h/u11/c1/00/aroraa39/csc369/aroraa39/T1/queue.c [4ms]
2023-09-21 06:04:44.368 [info] > git add -A -- /h/u11/c1/00/aroraa39/csc369/aroraa39/T1/queue.c [13ms]
2023-09-21 06:04:44.389 [info] > git config --get commit.template [10ms]
2023-09-21 06:04:44.390 [info] > git for-each-ref --format=%(refname)%00%(upstream:short)%00%(objectname)%00%(upstream:track)%00%(upstream:remotename)%00%(upstream:remoteref) refs/heads/master refs/remotes/master [2ms]
2023-09-21 06:04:44.402 [info] > git status -z -uall [3ms]
2023-09-21 06:04:45.561 [info] > git config --get commit.template [10ms]
2023-09-21 06:04:45.563 [info] > git for-each-ref --format=%(refname)%00%(upstream:short)%00%(objectname)%00%(upstream:track)%00%(upstream:remotename)%00%(upstream:remoteref) refs/heads/master refs/remotes/master [2ms]
2023-09-21 06:04:45.574 [info] > git status -z -uall [3ms]
2023-09-21 06:04:45.669 [info] > git ls-files --stage -- /h/u11/c1/00/aroraa39/csc369/aroraa39/T1/queue.c [11ms]
2023-09-21 06:04:45.683 [info] > git cat-file -s c5b9029a247065e53528a73bbebec36b80e126fa [5ms]
2023-09-21 06:04:45.683 [info] > git ls-files --stage -- /h/u11/c1/00/aroraa39/csc369/aroraa39/T1/queue.c [14ms]
2023-09-21 06:04:45.695 [info] > git cat-file -s c5b9029a247065e53528a73bbebec36b80e126fa [1ms]
2023-09-21 06:04:45.724 [info] > git show --textconv :T1/queue.c [11ms]
2023-09-21 06:04:45.725 [info] > git show --textconv :T1/queue.c [2ms]
2023-09-21 06:04:50.600 [info] > git config --get commit.template [11ms]
2023-09-21 06:04:50.601 [info] > git for-each-ref --format=%(refname)%00%(upstream:short)%00%(objectname)%00%(upstream:track)%00%(upstream:remotename)%00%(upstream:remoteref) refs/heads/master refs/remotes/master [2ms]
2023-09-21 06:04:50.617 [info] > git status -z -uall [3ms]
2023-09-21 06:05:07.494 [info] > git -c user.useConfigOnly=true commit --quiet --allow-empty-message --file - [14ms]
2023-09-21 06:05:07.494 [info] Author identity unknown

*** Please tell me who you are.

Run

  git config --global user.email "you@example.com"
  git config --global user.name "Your Name"

to set your account's default identity.
Omit --global to set the identity only in this repository.

fatal: no email was given and auto-detection is disabled
2023-09-21 06:05:07.506 [info] > git config --get-all user.name [3ms]
2023-09-21 06:05:07.518 [info] > git config --get commit.template [2ms]
2023-09-21 06:05:07.531 [info] > git for-each-ref --format=%(refname)%00%(upstream:short)%00%(objectname)%00%(upstream:track)%00%(upstream:remotename)%00%(upstream:remoteref) refs/heads/master refs/remotes/master [4ms]
2023-09-21 06:05:07.543 [info] > git status -z -uall [3ms]
2023-09-21 06:05:08.700 [info] > git config --get commit.template [10ms]
2023-09-21 06:05:08.702 [info] > git for-each-ref --format=%(refname)%00%(upstream:short)%00%(objectname)%00%(upstream:track)%00%(upstream:remotename)%00%(upstream:remoteref) refs/heads/master refs/remotes/master [3ms]
2023-09-21 06:05:08.714 [info] > git status -z -uall [3ms]
2023-09-21 06:05:08.804 [info] > git ls-files --stage -- /h/u11/c1/00/aroraa39/csc369/aroraa39/T1/queue.c [10ms]
2023-09-21 06:05:08.813 [info] > git ls-files --stage -- /h/u11/c1/00/aroraa39/csc369/aroraa39/T1/queue.c [10ms]
2023-09-21 06:05:08.825 [info] > git cat-file -s c5b9029a247065e53528a73bbebec36b80e126fa [3ms]
2023-09-21 06:05:08.825 [info] > git cat-file -s c5b9029a247065e53528a73bbebec36b80e126fa [13ms]
2023-09-21 06:05:08.854 [info] > git show --textconv :T1/queue.c [11ms]
2023-09-21 06:05:08.854 [info] > git show --textconv :T1/queue.c [2ms]
2023-09-21 06:05:13.741 [info] > git config --get commit.template [11ms]
2023-09-21 06:05:13.744 [info] > git for-each-ref --format=%(refname)%00%(upstream:short)%00%(objectname)%00%(upstream:track)%00%(upstream:remotename)%00%(upstream:remoteref) refs/heads/master refs/remotes/master [2ms]
2023-09-21 06:05:13.758 [info] > git status -z -uall [4ms]
2023-09-21 06:05:16.909 [info] > git -c user.useConfigOnly=true commit --quiet --allow-empty-message --file - [6ms]
2023-09-21 06:05:16.910 [info] Author identity unknown

*** Please tell me who you are.

Run

  git config --global user.email "you@example.com"
  git config --global user.name "Your Name"

to set your account's default identity.
Omit --global to set the identity only in this repository.

fatal: no email was given and auto-detection is disabled
2023-09-21 06:05:16.921 [info] > git config --get-all user.name [2ms]
2023-09-21 06:05:16.941 [info] > git config --get commit.template [9ms]
2023-09-21 06:05:16.943 [info] > git for-each-ref --format=%(refname)%00%(upstream:short)%00%(objectname)%00%(upstream:track)%00%(upstream:remotename)%00%(upstream:remoteref) refs/heads/master refs/remotes/master [2ms]
2023-09-21 06:05:16.955 [info] > git status -z -uall [3ms]
2023-09-21 06:07:25.584 [info] > git rev-parse --show-toplevel [2ms]
2023-09-21 06:07:25.584 [info] fatal: not a git repository (or any parent up to mount point /h)
Stopping at filesystem boundary (GIT_DISCOVERY_ACROSS_FILESYSTEM not set).
2023-09-21 06:07:39.177 [info] > git rev-parse --show-toplevel [2ms]
2023-09-21 06:07:39.177 [info] fatal: not a git repository (or any parent up to mount point /h)
Stopping at filesystem boundary (GIT_DISCOVERY_ACROSS_FILESYSTEM not set).
2023-09-21 06:07:40.858 [info] > git -c user.useConfigOnly=true commit --quiet --allow-empty-message --file - [27ms]
2023-09-21 06:07:40.869 [info] > git config --get commit.template [1ms]
2023-09-21 06:07:40.892 [info] > git config --get commit.template [11ms]
2023-09-21 06:07:40.897 [info] > git for-each-ref --format=%(refname)%00%(upstream:short)%00%(objectname)%00%(upstream:track)%00%(upstream:remotename)%00%(upstream:remoteref) refs/heads/master refs/remotes/master [4ms]
2023-09-21 06:07:40.908 [info] > git status -z -uall [3ms]
2023-09-21 06:07:42.269 [info] > git ls-files --stage -- /h/u11/c1/00/aroraa39/csc369/aroraa39/T1/queue.c [11ms]
2023-09-21 06:07:42.279 [info] > git ls-tree -l HEAD -- /h/u11/c1/00/aroraa39/csc369/aroraa39/T1/queue.c [10ms]
2023-09-21 06:07:42.280 [info] > git cat-file -s c5b9029a247065e53528a73bbebec36b80e126fa [2ms]
2023-09-21 06:07:42.307 [info] > git show --textconv HEAD:T1/queue.c [10ms]
2023-09-21 06:07:42.309 [info] > git show --textconv :T1/queue.c [2ms]
2023-09-21 06:07:52.794 [info] > git ls-tree -l HEAD -- /h/u11/c1/00/aroraa39/csc369/aroraa39/T1/queue.c [3ms]
2023-09-21 06:07:55.151 [info] > git push origin master:master [14220ms]
2023-09-21 06:07:55.151 [info] remote: [MarkUs] Your submission has been received: master@{Thu Sep 21 06:07:55 2023}        
To https://markus.teach.cs.toronto.edu/git/2023-09/csc369/aroraa39
   35e5e4b..e7f2bb0  master -> master
2023-09-21 06:07:55.174 [info] > git config --get commit.template [12ms]
2023-09-21 06:07:55.177 [info] > git for-each-ref --format=%(refname)%00%(upstream:short)%00%(objectname)%00%(upstream:track)%00%(upstream:remotename)%00%(upstream:remoteref) refs/heads/master refs/remotes/master [3ms]
2023-09-21 06:07:55.190 [info] > git status -z -uall [3ms]
2023-09-21 06:07:55.302 [info] > git config --get commit.template [12ms]
2023-09-21 06:07:55.303 [info] > git for-each-ref --format=%(refname)%00%(upstream:short)%00%(objectname)%00%(upstream:track)%00%(upstream:remotename)%00%(upstream:remoteref) refs/heads/master refs/remotes/master [4ms]
2023-09-21 06:07:55.317 [info] > git status -z -uall [3ms]
2023-09-21 06:07:56.350 [info] > git config --get commit.template [11ms]
2023-09-21 06:07:56.352 [info] > git for-each-ref --format=%(refname)%00%(upstream:short)%00%(objectname)%00%(upstream:track)%00%(upstream:remotename)%00%(upstream:remoteref) refs/heads/master refs/remotes/master [3ms]
2023-09-21 06:07:56.366 [info] > git status -z -uall [4ms]
2023-09-21 06:07:56.456 [info] > git ls-files --stage -- /h/u11/c1/00/aroraa39/csc369/aroraa39/T1/queue.c [9ms]
2023-09-21 06:07:56.466 [info] > git ls-tree -l HEAD -- /h/u11/c1/00/aroraa39/csc369/aroraa39/T1/queue.c [10ms]
2023-09-21 06:07:56.469 [info] > git cat-file -s c5b9029a247065e53528a73bbebec36b80e126fa [4ms]
2023-09-21 06:07:56.496 [info] > git show --textconv HEAD:T1/queue.c [10ms]
2023-09-21 06:07:56.497 [info] > git show --textconv :T1/queue.c [2ms]
2023-09-21 06:08:01.397 [info] > git config --get commit.template [12ms]
2023-09-21 06:08:01.402 [info] > git for-each-ref --format=%(refname)%00%(upstream:short)%00%(objectname)%00%(upstream:track)%00%(upstream:remotename)%00%(upstream:remoteref) refs/heads/master refs/remotes/master [5ms]
2023-09-21 06:08:01.414 [info] > git status -z -uall [3ms]
2023-09-21 06:13:33.086 [info] > git ls-tree -l HEAD -- /h/u11/c1/00/aroraa39/csc369/aroraa39/T1/queue.c [5ms]
