2023-09-22 19:38:14.852 [info] Log level: Info
2023-09-22 19:38:14.852 [info] Validating found git in: "git"
2023-09-22 19:38:14.852 [info] Using git "2.34.1" from "git"
2023-09-22 19:38:14.852 [info] > git rev-parse --show-toplevel [2ms]
2023-09-22 19:38:14.852 [info] fatal: not a git repository (or any parent up to mount point /h)
Stopping at filesystem boundary (GIT_DISCOVERY_ACROSS_FILESYSTEM not set).
2023-09-22 19:38:14.852 [info] > git rev-parse --show-toplevel [3ms]
2023-09-22 19:38:14.852 [info] > git rev-parse --git-dir --git-common-dir [1ms]
2023-09-22 19:38:14.852 [info] Open repository: /h/u11/c1/00/aroraa39/csc369/aroraa39
2023-09-22 19:38:14.869 [info] > git config --get commit.template [8ms]
2023-09-22 19:38:14.891 [info] > git for-each-ref --format=%(refname)%00%(upstream:short)%00%(objectname)%00%(upstream:track)%00%(upstream:remotename)%00%(upstream:remoteref) refs/heads/master refs/remotes/master [17ms]
2023-09-22 19:38:14.901 [info] > git rev-parse --show-toplevel [33ms]
2023-09-22 19:38:14.901 [info] fatal: not a git repository (or any parent up to mount point /h)
Stopping at filesystem boundary (GIT_DISCOVERY_ACROSS_FILESYSTEM not set).
2023-09-22 19:38:14.910 [info] > git status -z -uall [9ms]
2023-09-22 19:38:14.926 [info] > git rev-parse --show-toplevel [17ms]
2023-09-22 19:38:14.926 [info] fatal: not a git repository (or any parent up to mount point /h)
Stopping at filesystem boundary (GIT_DISCOVERY_ACROSS_FILESYSTEM not set).
2023-09-22 19:38:14.933 [info] > git config --get commit.template [7ms]
2023-09-22 19:38:14.948 [info] > git for-each-ref --format=%(refname)%00%(upstream:short)%00%(objectname)%00%(upstream:track)%00%(upstream:remotename)%00%(upstream:remoteref) refs/heads/master refs/remotes/master [9ms]
2023-09-22 19:38:14.954 [info] > git rev-parse --show-toplevel [22ms]
2023-09-22 19:38:14.954 [info] fatal: not a git repository (or any parent up to mount point /h)
Stopping at filesystem boundary (GIT_DISCOVERY_ACROSS_FILESYSTEM not set).
2023-09-22 19:38:14.963 [info] > git status -z -uall [9ms]
2023-09-22 19:38:14.964 [info] > git rev-parse --show-toplevel [4ms]
2023-09-22 19:38:14.964 [info] fatal: not a git repository (or any parent up to mount point /h)
Stopping at filesystem boundary (GIT_DISCOVERY_ACROSS_FILESYSTEM not set).
2023-09-22 19:38:14.974 [info] > git fetch [126ms]
2023-09-22 19:38:14.974 [info] Missing or invalid credentials.
Skip silent fetch commands
Missing or invalid credentials.
Skip silent fetch commands
fatal: Authentication failed for 'https://markus.teach.cs.toronto.edu/git/2023-09/csc369/aroraa39/'
2023-09-22 19:38:14.982 [info] > git rev-parse --show-toplevel [9ms]
2023-09-22 19:38:14.982 [info] fatal: not a git repository (or any parent up to mount point /h)
Stopping at filesystem boundary (GIT_DISCOVERY_ACROSS_FILESYSTEM not set).
2023-09-22 19:38:14.994 [info] > git rev-parse --show-toplevel [6ms]
2023-09-22 19:38:14.994 [info] fatal: not a git repository (or any parent up to mount point /h)
Stopping at filesystem boundary (GIT_DISCOVERY_ACROSS_FILESYSTEM not set).
2023-09-22 19:38:14.996 [info] > git config --get commit.template [15ms]
2023-09-22 19:38:14.997 [info] > git for-each-ref --format=%(refname)%00%(upstream:short)%00%(objectname)%00%(upstream:track)%00%(upstream:remotename)%00%(upstream:remoteref) refs/heads/master refs/remotes/master [4ms]
2023-09-22 19:38:15.006 [info] > git status -z -uall [4ms]
2023-09-22 19:38:15.474 [info] > git check-ignore -v -z --stdin [3ms]
2023-09-22 19:38:15.502 [info] > git show --textconv :T1/queue.c [12ms]
2023-09-22 19:38:15.504 [info] > git ls-files --stage -- /h/u11/c1/00/aroraa39/csc369/aroraa39/T1/queue.c [3ms]
2023-09-22 19:38:15.516 [info] > git cat-file -s 9ec569e97eceb247a375be8ec9f19bd3bf909ecb [3ms]
2023-09-22 19:38:29.437 [info] > git config --get commit.template [12ms]
2023-09-22 19:38:29.439 [info] > git for-each-ref --format=%(refname)%00%(upstream:short)%00%(objectname)%00%(upstream:track)%00%(upstream:remotename)%00%(upstream:remoteref) refs/heads/master refs/remotes/master [3ms]
2023-09-22 19:38:29.453 [info] > git status -z -uall [4ms]
2023-09-22 19:39:02.969 [info] > git config --get commit.template [8ms]
2023-09-22 19:39:02.973 [info] > git for-each-ref --format=%(refname)%00%(upstream:short)%00%(objectname)%00%(upstream:track)%00%(upstream:remotename)%00%(upstream:remoteref) refs/heads/master refs/remotes/master [5ms]
2023-09-22 19:39:02.982 [info] > git status -z -uall [4ms]
2023-09-22 19:39:17.209 [info] > git config --get commit.template [6ms]
2023-09-22 19:39:17.212 [info] > git for-each-ref --format=%(refname)%00%(upstream:short)%00%(objectname)%00%(upstream:track)%00%(upstream:remotename)%00%(upstream:remoteref) refs/heads/master refs/remotes/master [3ms]
2023-09-22 19:39:17.226 [info] > git status -z -uall [6ms]
2023-09-22 19:39:22.249 [info] > git config --get commit.template [9ms]
2023-09-22 19:39:22.252 [info] > git for-each-ref --format=%(refname)%00%(upstream:short)%00%(objectname)%00%(upstream:track)%00%(upstream:remotename)%00%(upstream:remoteref) refs/heads/master refs/remotes/master [4ms]
2023-09-22 19:39:22.262 [info] > git status -z -uall [3ms]
2023-09-22 19:40:43.355 [info] > git check-ignore -v -z --stdin [4ms]
2023-09-22 19:44:09.679 [info] > git config --get commit.template [11ms]
2023-09-22 19:44:09.683 [info] > git for-each-ref --format=%(refname)%00%(upstream:short)%00%(objectname)%00%(upstream:track)%00%(upstream:remotename)%00%(upstream:remoteref) refs/heads/master refs/remotes/master [5ms]
2023-09-22 19:44:09.698 [info] > git status -z -uall [6ms]
2023-09-22 19:44:24.916 [info] > git config --get commit.template [8ms]
2023-09-22 19:44:24.920 [info] > git for-each-ref --format=%(refname)%00%(upstream:short)%00%(objectname)%00%(upstream:track)%00%(upstream:remotename)%00%(upstream:remoteref) refs/heads/master refs/remotes/master [4ms]
2023-09-22 19:44:24.929 [info] > git status -z -uall [4ms]
2023-09-22 19:44:36.108 [info] > git config --get commit.template [6ms]
2023-09-22 19:44:36.111 [info] > git for-each-ref --format=%(refname)%00%(upstream:short)%00%(objectname)%00%(upstream:track)%00%(upstream:remotename)%00%(upstream:remoteref) refs/heads/master refs/remotes/master [3ms]
2023-09-22 19:44:36.120 [info] > git status -z -uall [4ms]
2023-09-22 19:44:52.090 [info] > git config --get commit.template [11ms]
2023-09-22 19:44:52.093 [info] > git for-each-ref --format=%(refname)%00%(upstream:short)%00%(objectname)%00%(upstream:track)%00%(upstream:remotename)%00%(upstream:remoteref) refs/heads/master refs/remotes/master [4ms]
2023-09-22 19:44:52.105 [info] > git status -z -uall [4ms]
2023-09-22 19:45:04.473 [info] > git config --get commit.template [9ms]
2023-09-22 19:45:04.477 [info] > git for-each-ref --format=%(refname)%00%(upstream:short)%00%(objectname)%00%(upstream:track)%00%(upstream:remotename)%00%(upstream:remoteref) refs/heads/master refs/remotes/master [5ms]
2023-09-22 19:45:04.490 [info] > git status -z -uall [5ms]
2023-09-22 19:47:51.861 [info] > git config --get commit.template [9ms]
2023-09-22 19:47:51.866 [info] > git for-each-ref --format=%(refname)%00%(upstream:short)%00%(objectname)%00%(upstream:track)%00%(upstream:remotename)%00%(upstream:remoteref) refs/heads/master refs/remotes/master [6ms]
2023-09-22 19:47:51.882 [info] > git status -z -uall [6ms]
2023-09-22 19:48:20.731 [info] > git config --get commit.template [11ms]
2023-09-22 19:48:20.733 [info] > git for-each-ref --format=%(refname)%00%(upstream:short)%00%(objectname)%00%(upstream:track)%00%(upstream:remotename)%00%(upstream:remoteref) refs/heads/master refs/remotes/master [3ms]
2023-09-22 19:48:20.747 [info] > git status -z -uall [5ms]
2023-09-22 19:48:47.056 [info] > git show --textconv :T1/defines.h [11ms]
2023-09-22 19:48:47.059 [info] > git ls-files --stage -- /h/u11/c1/00/aroraa39/csc369/aroraa39/T1/defines.h [3ms]
2023-09-22 19:48:47.070 [info] > git cat-file -s ae2ac263114c053a286dc5b1d177c577fa50870f [2ms]
2023-09-22 19:51:59.280 [info] > git config --get commit.template [9ms]
2023-09-22 19:51:59.283 [info] > git for-each-ref --format=%(refname)%00%(upstream:short)%00%(objectname)%00%(upstream:track)%00%(upstream:remotename)%00%(upstream:remoteref) refs/heads/master refs/remotes/master [4ms]
2023-09-22 19:51:59.295 [info] > git status -z -uall [5ms]
2023-09-22 19:55:24.596 [info] > git config --get commit.template [11ms]
2023-09-22 19:55:24.600 [info] > git for-each-ref --format=%(refname)%00%(upstream:short)%00%(objectname)%00%(upstream:track)%00%(upstream:remotename)%00%(upstream:remoteref) refs/heads/master refs/remotes/master [5ms]
2023-09-22 19:55:24.616 [info] > git status -z -uall [7ms]
2023-09-22 19:55:39.240 [info] > git config --get commit.template [8ms]
2023-09-22 19:55:39.242 [info] > git for-each-ref --format=%(refname)%00%(upstream:short)%00%(objectname)%00%(upstream:track)%00%(upstream:remotename)%00%(upstream:remoteref) refs/heads/master refs/remotes/master [3ms]
2023-09-22 19:55:39.254 [info] > git status -z -uall [4ms]
2023-09-22 19:55:58.163 [info] > git config --get commit.template [9ms]
2023-09-22 19:55:58.167 [info] > git for-each-ref --format=%(refname)%00%(upstream:short)%00%(objectname)%00%(upstream:track)%00%(upstream:remotename)%00%(upstream:remoteref) refs/heads/master refs/remotes/master [5ms]
2023-09-22 19:55:58.180 [info] > git status -z -uall [5ms]
2023-09-22 19:56:03.201 [info] > git config --get commit.template [10ms]
2023-09-22 19:56:03.203 [info] > git for-each-ref --format=%(refname)%00%(upstream:short)%00%(objectname)%00%(upstream:track)%00%(upstream:remotename)%00%(upstream:remoteref) refs/heads/master refs/remotes/master [3ms]
2023-09-22 19:56:03.217 [info] > git status -z -uall [6ms]
2023-09-22 20:06:44.686 [info] > git config --get commit.template [13ms]
2023-09-22 20:06:44.690 [info] > git for-each-ref --format=%(refname)%00%(upstream:short)%00%(objectname)%00%(upstream:track)%00%(upstream:remotename)%00%(upstream:remoteref) refs/heads/master refs/remotes/master [5ms]
2023-09-22 20:06:44.706 [info] > git status -z -uall [6ms]
2023-09-22 20:06:51.056 [info] > git config --get commit.template [8ms]
2023-09-22 20:06:51.060 [info] > git for-each-ref --format=%(refname)%00%(upstream:short)%00%(objectname)%00%(upstream:track)%00%(upstream:remotename)%00%(upstream:remoteref) refs/heads/master refs/remotes/master [4ms]
2023-09-22 20:06:51.070 [info] > git status -z -uall [4ms]
2023-09-22 20:10:14.631 [info] > git config --get commit.template [11ms]
2023-09-22 20:10:14.635 [info] > git for-each-ref --format=%(refname)%00%(upstream:short)%00%(objectname)%00%(upstream:track)%00%(upstream:remotename)%00%(upstream:remoteref) refs/heads/master refs/remotes/master [5ms]
2023-09-22 20:10:14.651 [info] > git status -z -uall [4ms]
2023-09-22 20:10:29.074 [info] > git config --get commit.template [10ms]
2023-09-22 20:10:29.078 [info] > git for-each-ref --format=%(refname)%00%(upstream:short)%00%(objectname)%00%(upstream:track)%00%(upstream:remotename)%00%(upstream:remoteref) refs/heads/master refs/remotes/master [5ms]
2023-09-22 20:10:29.088 [info] > git status -z -uall [3ms]
2023-09-22 20:11:09.267 [info] > git config --get commit.template [8ms]
2023-09-22 20:11:09.269 [info] > git for-each-ref --format=%(refname)%00%(upstream:short)%00%(objectname)%00%(upstream:track)%00%(upstream:remotename)%00%(upstream:remoteref) refs/heads/master refs/remotes/master [3ms]
2023-09-22 20:11:09.282 [info] > git status -z -uall [4ms]
2023-09-22 20:11:15.628 [info] > git config --get commit.template [11ms]
2023-09-22 20:11:15.632 [info] > git for-each-ref --format=%(refname)%00%(upstream:short)%00%(objectname)%00%(upstream:track)%00%(upstream:remotename)%00%(upstream:remoteref) refs/heads/master refs/remotes/master [4ms]
2023-09-22 20:11:15.646 [info] > git status -z -uall [6ms]
2023-09-22 20:11:37.476 [info] > git config --get commit.template [8ms]
2023-09-22 20:11:37.479 [info] > git for-each-ref --format=%(refname)%00%(upstream:short)%00%(objectname)%00%(upstream:track)%00%(upstream:remotename)%00%(upstream:remoteref) refs/heads/master refs/remotes/master [4ms]
2023-09-22 20:11:37.489 [info] > git status -z -uall [4ms]
2023-09-22 20:11:48.491 [info] > git config --get commit.template [9ms]
2023-09-22 20:11:48.494 [info] > git for-each-ref --format=%(refname)%00%(upstream:short)%00%(objectname)%00%(upstream:track)%00%(upstream:remotename)%00%(upstream:remoteref) refs/heads/master refs/remotes/master [4ms]
2023-09-22 20:11:48.505 [info] > git status -z -uall [4ms]
2023-09-22 20:11:53.525 [info] > git config --get commit.template [8ms]
2023-09-22 20:11:53.527 [info] > git for-each-ref --format=%(refname)%00%(upstream:short)%00%(objectname)%00%(upstream:track)%00%(upstream:remotename)%00%(upstream:remoteref) refs/heads/master refs/remotes/master [3ms]
2023-09-22 20:11:53.538 [info] > git status -z -uall [4ms]
2023-09-22 20:12:14.877 [info] > git config --get commit.template [11ms]
2023-09-22 20:12:14.881 [info] > git for-each-ref --format=%(refname)%00%(upstream:short)%00%(objectname)%00%(upstream:track)%00%(upstream:remotename)%00%(upstream:remoteref) refs/heads/master refs/remotes/master [5ms]
2023-09-22 20:12:14.897 [info] > git status -z -uall [5ms]
2023-09-22 20:12:20.549 [info] > git config --get commit.template [10ms]
2023-09-22 20:12:20.552 [info] > git for-each-ref --format=%(refname)%00%(upstream:short)%00%(objectname)%00%(upstream:track)%00%(upstream:remotename)%00%(upstream:remoteref) refs/heads/master refs/remotes/master [4ms]
2023-09-22 20:12:20.565 [info] > git status -z -uall [5ms]
2023-09-22 20:12:25.587 [info] > git config --get commit.template [10ms]
2023-09-22 20:12:25.591 [info] > git for-each-ref --format=%(refname)%00%(upstream:short)%00%(objectname)%00%(upstream:track)%00%(upstream:remotename)%00%(upstream:remoteref) refs/heads/master refs/remotes/master [5ms]
2023-09-22 20:12:25.607 [info] > git status -z -uall [6ms]
2023-09-22 20:13:06.659 [info] > git config --get commit.template [10ms]
2023-09-22 20:13:06.664 [info] > git for-each-ref --format=%(refname)%00%(upstream:short)%00%(objectname)%00%(upstream:track)%00%(upstream:remotename)%00%(upstream:remoteref) refs/heads/master refs/remotes/master [5ms]
2023-09-22 20:13:06.675 [info] > git status -z -uall [4ms]
2023-09-22 20:13:13.683 [info] > git config --get commit.template [10ms]
2023-09-22 20:13:13.687 [info] > git for-each-ref --format=%(refname)%00%(upstream:short)%00%(objectname)%00%(upstream:track)%00%(upstream:remotename)%00%(upstream:remoteref) refs/heads/master refs/remotes/master [5ms]
2023-09-22 20:13:13.704 [info] > git status -z -uall [7ms]
2023-09-22 20:13:14.265 [info] > git rev-parse --show-toplevel [2ms]
2023-09-22 20:13:14.265 [info] fatal: not a git repository (or any parent up to mount point /h)
Stopping at filesystem boundary (GIT_DISCOVERY_ACROSS_FILESYSTEM not set).
2023-09-22 20:13:15.661 [info] > git add -A -- /h/u11/c1/00/aroraa39/csc369/aroraa39/T1/queue.c [10ms]
2023-09-22 20:13:15.674 [info] > git config --get commit.template [6ms]
2023-09-22 20:13:15.678 [info] > git for-each-ref --format=%(refname)%00%(upstream:short)%00%(objectname)%00%(upstream:track)%00%(upstream:remotename)%00%(upstream:remoteref) refs/heads/master refs/remotes/master [4ms]
2023-09-22 20:13:15.688 [info] > git status -z -uall [6ms]
2023-09-22 20:13:17.010 [info] > git ls-files --stage -- /h/u11/c1/00/aroraa39/csc369/aroraa39/T1/queue.c [9ms]
2023-09-22 20:13:17.017 [info] > git ls-files --stage -- /h/u11/c1/00/aroraa39/csc369/aroraa39/T1/defines.h [8ms]
2023-09-22 20:13:17.026 [info] > git cat-file -s 9cc6b03f952f7d95da8d4b19474095414a5a0f9a [9ms]
2023-09-22 20:13:17.028 [info] > git cat-file -s ae2ac263114c053a286dc5b1d177c577fa50870f [3ms]
2023-09-22 20:13:17.048 [info] > git show --textconv :T1/queue.c [8ms]
2023-09-22 20:13:17.049 [info] > git show --textconv :T1/defines.h [2ms]
2023-09-22 20:13:18.723 [info] > git config --get commit.template [9ms]
2023-09-22 20:13:18.727 [info] > git for-each-ref --format=%(refname)%00%(upstream:short)%00%(objectname)%00%(upstream:track)%00%(upstream:remotename)%00%(upstream:remoteref) refs/heads/master refs/remotes/master [5ms]
2023-09-22 20:13:18.739 [info] > git status -z -uall [4ms]
2023-09-22 20:13:22.899 [info] > git -c user.useConfigOnly=true commit --quiet --allow-empty-message --file - [33ms]
2023-09-22 20:13:22.909 [info] > git config --get commit.template [3ms]
2023-09-22 20:13:22.922 [info] > git config --get commit.template [6ms]
2023-09-22 20:13:22.928 [info] > git for-each-ref --format=%(refname)%00%(upstream:short)%00%(objectname)%00%(upstream:track)%00%(upstream:remotename)%00%(upstream:remoteref) refs/heads/master refs/remotes/master [6ms]
2023-09-22 20:13:22.938 [info] > git status -z -uall [4ms]
2023-09-22 20:13:24.226 [info] > git ls-files --stage -- /h/u11/c1/00/aroraa39/csc369/aroraa39/T1/queue.c [9ms]
2023-09-22 20:13:24.235 [info] > git ls-files --stage -- /h/u11/c1/00/aroraa39/csc369/aroraa39/T1/defines.h [10ms]
2023-09-22 20:13:24.243 [info] > git cat-file -s 9cc6b03f952f7d95da8d4b19474095414a5a0f9a [9ms]
2023-09-22 20:13:24.244 [info] > git cat-file -s ae2ac263114c053a286dc5b1d177c577fa50870f [2ms]
2023-09-22 20:13:24.272 [info] > git show --textconv :T1/queue.c [13ms]
2023-09-22 20:13:24.275 [info] > git show --textconv :T1/defines.h [4ms]
2023-09-22 20:13:31.129 [info] > git push origin master:master [8176ms]
2023-09-22 20:13:31.129 [info] remote: [MarkUs] Your submission has been received: master@{Fri Sep 22 20:13:31 2023}        
To https://markus.teach.cs.toronto.edu/git/2023-09/csc369/aroraa39
   13691ce..e7b14e3  master -> master
2023-09-22 20:13:31.150 [info] > git config --get commit.template [9ms]
2023-09-22 20:13:31.153 [info] > git for-each-ref --format=%(refname)%00%(upstream:short)%00%(objectname)%00%(upstream:track)%00%(upstream:remotename)%00%(upstream:remoteref) refs/heads/master refs/remotes/master [4ms]
2023-09-22 20:13:31.164 [info] > git status -z -uall [4ms]
2023-09-22 20:13:31.288 [info] > git config --get commit.template [9ms]
2023-09-22 20:13:31.292 [info] > git for-each-ref --format=%(refname)%00%(upstream:short)%00%(objectname)%00%(upstream:track)%00%(upstream:remotename)%00%(upstream:remoteref) refs/heads/master refs/remotes/master [4ms]
2023-09-22 20:13:31.307 [info] > git status -z -uall [5ms]
2023-09-22 20:15:14.879 [info] > git ls-files --stage -- /h/u11/c1/00/aroraa39/csc369/aroraa39/T1/queue.c [10ms]
2023-09-22 20:15:14.888 [info] > git ls-files --stage -- /h/u11/c1/00/aroraa39/csc369/aroraa39/T1/defines.h [10ms]
2023-09-22 20:15:14.897 [info] > git cat-file -s 9cc6b03f952f7d95da8d4b19474095414a5a0f9a [10ms]
2023-09-22 20:15:14.898 [info] > git cat-file -s ae2ac263114c053a286dc5b1d177c577fa50870f [2ms]
2023-09-22 20:15:14.928 [info] > git show --textconv :T1/queue.c [13ms]
2023-09-22 20:15:14.931 [info] > git show --textconv :T1/defines.h [4ms]
2023-09-22 20:17:10.123 [info] > git config --get commit.template [10ms]
2023-09-22 20:17:10.127 [info] > git for-each-ref --format=%(refname)%00%(upstream:short)%00%(objectname)%00%(upstream:track)%00%(upstream:remotename)%00%(upstream:remoteref) refs/heads/master refs/remotes/master [5ms]
2023-09-22 20:17:10.140 [info] > git status -z -uall [5ms]
2023-09-22 20:17:15.159 [info] > git config --get commit.template [8ms]
2023-09-22 20:17:15.162 [info] > git for-each-ref --format=%(refname)%00%(upstream:short)%00%(objectname)%00%(upstream:track)%00%(upstream:remotename)%00%(upstream:remoteref) refs/heads/master refs/remotes/master [3ms]
2023-09-22 20:17:15.182 [info] > git status -z -uall [10ms]
2023-09-22 20:17:20.204 [info] > git config --get commit.template [10ms]
2023-09-22 20:17:20.206 [info] > git for-each-ref --format=%(refname)%00%(upstream:short)%00%(objectname)%00%(upstream:track)%00%(upstream:remotename)%00%(upstream:remoteref) refs/heads/master refs/remotes/master [3ms]
2023-09-22 20:17:20.218 [info] > git status -z -uall [3ms]
2023-09-22 20:17:28.611 [info] > git add -A -- /h/u11/c1/00/aroraa39/csc369/aroraa39/T1/queue.c [13ms]
2023-09-22 20:17:28.628 [info] > git config --get commit.template [10ms]
2023-09-22 20:17:28.632 [info] > git for-each-ref --format=%(refname)%00%(upstream:short)%00%(objectname)%00%(upstream:track)%00%(upstream:remotename)%00%(upstream:remoteref) refs/heads/master refs/remotes/master [5ms]
2023-09-22 20:17:28.643 [info] > git status -z -uall [5ms]
2023-09-22 20:17:29.804 [info] > git config --get commit.template [10ms]
2023-09-22 20:17:29.807 [info] > git for-each-ref --format=%(refname)%00%(upstream:short)%00%(objectname)%00%(upstream:track)%00%(upstream:remotename)%00%(upstream:remoteref) refs/heads/master refs/remotes/master [4ms]
2023-09-22 20:17:29.820 [info] > git status -z -uall [4ms]
2023-09-22 20:17:29.908 [info] > git ls-files --stage -- /h/u11/c1/00/aroraa39/csc369/aroraa39/T1/queue.c [10ms]
2023-09-22 20:17:29.916 [info] > git ls-files --stage -- /h/u11/c1/00/aroraa39/csc369/aroraa39/T1/defines.h [9ms]
2023-09-22 20:17:29.926 [info] > git cat-file -s 94589b1e18b6fa5a108125651091357ce4217c46 [10ms]
2023-09-22 20:17:29.927 [info] > git cat-file -s ae2ac263114c053a286dc5b1d177c577fa50870f [2ms]
2023-09-22 20:17:29.959 [info] > git show --textconv :T1/queue.c [12ms]
2023-09-22 20:17:29.961 [info] > git show --textconv :T1/defines.h [7ms]
2023-09-22 20:17:33.291 [info] > git -c user.useConfigOnly=true commit --quiet --allow-empty-message --file - [35ms]
2023-09-22 20:17:33.300 [info] > git config --get commit.template [1ms]
2023-09-22 20:17:33.315 [info] > git config --get commit.template [9ms]
2023-09-22 20:17:33.321 [info] > git for-each-ref --format=%(refname)%00%(upstream:short)%00%(objectname)%00%(upstream:track)%00%(upstream:remotename)%00%(upstream:remoteref) refs/heads/master refs/remotes/master [6ms]
2023-09-22 20:17:33.335 [info] > git status -z -uall [5ms]
2023-09-22 20:17:34.613 [info] > git ls-files --stage -- /h/u11/c1/00/aroraa39/csc369/aroraa39/T1/queue.c [5ms]
2023-09-22 20:17:34.619 [info] > git ls-files --stage -- /h/u11/c1/00/aroraa39/csc369/aroraa39/T1/defines.h [6ms]
2023-09-22 20:17:34.633 [info] > git cat-file -s ae2ac263114c053a286dc5b1d177c577fa50870f [10ms]
2023-09-22 20:17:34.633 [info] > git cat-file -s 94589b1e18b6fa5a108125651091357ce4217c46 [15ms]
2023-09-22 20:17:34.654 [info] > git show --textconv :T1/defines.h [9ms]
2023-09-22 20:17:34.657 [info] > git show --textconv :T1/queue.c [4ms]
2023-09-22 20:17:40.230 [info] > git push origin master:master [6879ms]
2023-09-22 20:17:40.230 [info] remote: [MarkUs] Your submission has been received: master@{Fri Sep 22 20:17:40 2023}        
To https://markus.teach.cs.toronto.edu/git/2023-09/csc369/aroraa39
   e7b14e3..4208199  master -> master
2023-09-22 20:17:40.250 [info] > git config --get commit.template [11ms]
2023-09-22 20:17:40.254 [info] > git for-each-ref --format=%(refname)%00%(upstream:short)%00%(objectname)%00%(upstream:track)%00%(upstream:remotename)%00%(upstream:remoteref) refs/heads/master refs/remotes/master [3ms]
2023-09-22 20:17:40.266 [info] > git status -z -uall [4ms]
2023-09-22 20:17:40.474 [info] > git config --get commit.template [9ms]
2023-09-22 20:17:40.478 [info] > git for-each-ref --format=%(refname)%00%(upstream:short)%00%(objectname)%00%(upstream:track)%00%(upstream:remotename)%00%(upstream:remoteref) refs/heads/master refs/remotes/master [5ms]
2023-09-22 20:17:40.490 [info] > git status -z -uall [5ms]
2023-09-22 20:17:41.611 [info] > git ls-files --stage -- /h/u11/c1/00/aroraa39/csc369/aroraa39/T1/queue.c [7ms]
2023-09-22 20:17:41.618 [info] > git ls-files --stage -- /h/u11/c1/00/aroraa39/csc369/aroraa39/T1/defines.h [7ms]
2023-09-22 20:17:41.624 [info] > git cat-file -s 94589b1e18b6fa5a108125651091357ce4217c46 [6ms]
2023-09-22 20:17:41.626 [info] > git cat-file -s ae2ac263114c053a286dc5b1d177c577fa50870f [2ms]
2023-09-22 20:17:41.654 [info] > git show --textconv :T1/queue.c [18ms]
2023-09-22 20:17:41.655 [info] > git show --textconv :T1/defines.h [12ms]
2023-09-22 20:18:17.079 [info] > git config --get commit.template [12ms]
2023-09-22 20:18:17.081 [info] > git for-each-ref --format=%(refname)%00%(upstream:short)%00%(objectname)%00%(upstream:track)%00%(upstream:remotename)%00%(upstream:remoteref) refs/heads/master refs/remotes/master [3ms]
2023-09-22 20:18:17.096 [info] > git status -z -uall [6ms]
2023-09-22 20:18:51.810 [info] > git config --get commit.template [8ms]
2023-09-22 20:18:51.813 [info] > git for-each-ref --format=%(refname)%00%(upstream:short)%00%(objectname)%00%(upstream:track)%00%(upstream:remotename)%00%(upstream:remoteref) refs/heads/master refs/remotes/master [4ms]
2023-09-22 20:18:51.825 [info] > git status -z -uall [5ms]
2023-09-22 20:18:57.778 [info] > git config --get commit.template [7ms]
2023-09-22 20:18:57.781 [info] > git for-each-ref --format=%(refname)%00%(upstream:short)%00%(objectname)%00%(upstream:track)%00%(upstream:remotename)%00%(upstream:remoteref) refs/heads/master refs/remotes/master [4ms]
2023-09-22 20:18:57.791 [info] > git status -z -uall [4ms]
