2023-09-21 04:46:31.346 [info] Log level: Info
2023-09-21 04:46:31.346 [info] Validating found git in: "git"
2023-09-21 04:46:31.346 [info] Using git "2.34.1" from "git"
2023-09-21 04:46:31.346 [info] > git rev-parse --show-toplevel [3ms]
2023-09-21 04:46:31.346 [info] fatal: not a git repository (or any parent up to mount point /h)
Stopping at filesystem boundary (GIT_DISCOVERY_ACROSS_FILESYSTEM not set).
2023-09-21 04:46:31.346 [info] > git rev-parse --show-toplevel [1ms]
2023-09-21 04:46:31.346 [info] fatal: not a git repository (or any parent up to mount point /h)
Stopping at filesystem boundary (GIT_DISCOVERY_ACROSS_FILESYSTEM not set).
2023-09-21 04:46:31.346 [info] > git rev-parse --show-toplevel [3ms]
2023-09-21 04:46:31.346 [info] fatal: not a git repository (or any parent up to mount point /h)
Stopping at filesystem boundary (GIT_DISCOVERY_ACROSS_FILESYSTEM not set).
2023-09-21 04:46:31.346 [info] > git rev-parse --show-toplevel [1ms]
2023-09-21 04:46:31.346 [info] fatal: not a git repository (or any parent up to mount point /h)
Stopping at filesystem boundary (GIT_DISCOVERY_ACROSS_FILESYSTEM not set).
2023-09-21 04:46:31.346 [info] > git rev-parse --show-toplevel [1ms]
2023-09-21 04:46:31.346 [info] fatal: not a git repository (or any parent up to mount point /h)
Stopping at filesystem boundary (GIT_DISCOVERY_ACROSS_FILESYSTEM not set).
2023-09-21 04:46:31.346 [info] > git rev-parse --show-toplevel [2ms]
2023-09-21 04:46:31.346 [info] fatal: not a git repository (or any parent up to mount point /h)
Stopping at filesystem boundary (GIT_DISCOVERY_ACROSS_FILESYSTEM not set).
2023-09-21 04:46:31.353 [info] > git rev-parse --show-toplevel [2ms]
2023-09-21 04:46:31.353 [info] fatal: not a git repository (or any parent up to mount point /h)
Stopping at filesystem boundary (GIT_DISCOVERY_ACROSS_FILESYSTEM not set).
