2023-09-24 14:52:45.633 [info] Log level: Info
2023-09-24 14:52:45.634 [info] Validating found git in: "git"
2023-09-24 14:52:45.634 [info] Using git "2.34.1" from "git"
2023-09-24 14:52:45.634 [info] > git rev-parse --show-toplevel [4ms]
2023-09-24 14:52:45.634 [info] fatal: not a git repository (or any parent up to mount point /h)
Stopping at filesystem boundary (GIT_DISCOVERY_ACROSS_FILESYSTEM not set).
2023-09-24 14:52:45.634 [info] > git rev-parse --show-toplevel [2ms]
2023-09-24 14:52:45.634 [info] > git rev-parse --git-dir --git-common-dir [3ms]
2023-09-24 14:52:45.634 [info] Open repository: /h/u11/c1/00/aroraa39/csc369/aroraa39
2023-09-24 14:52:45.634 [info] > git config --get commit.template [9ms]
2023-09-24 14:52:45.634 [info] > git rev-parse --show-toplevel [10ms]
2023-09-24 14:52:45.634 [info] fatal: not a git repository (or any parent up to mount point /h)
Stopping at filesystem boundary (GIT_DISCOVERY_ACROSS_FILESYSTEM not set).
2023-09-24 14:52:45.634 [info] > git for-each-ref --format=%(refname)%00%(upstream:short)%00%(objectname)%00%(upstream:track)%00%(upstream:remotename)%00%(upstream:remoteref) refs/heads/master refs/remotes/master [7ms]
2023-09-24 14:52:45.634 [info] > git rev-parse --show-toplevel [7ms]
2023-09-24 14:52:45.634 [info] fatal: not a git repository (or any parent up to mount point /h)
Stopping at filesystem boundary (GIT_DISCOVERY_ACROSS_FILESYSTEM not set).
2023-09-24 14:52:45.634 [info] > git status -z -uall [8ms]
2023-09-24 14:52:45.634 [info] > git rev-parse --show-toplevel [16ms]
2023-09-24 14:52:45.634 [info] fatal: not a git repository (or any parent up to mount point /h)
Stopping at filesystem boundary (GIT_DISCOVERY_ACROSS_FILESYSTEM not set).
2023-09-24 14:52:45.634 [info] > git config --get commit.template [10ms]
2023-09-24 14:52:45.634 [info] > git rev-parse --show-toplevel [1ms]
2023-09-24 14:52:45.634 [info] fatal: not a git repository (or any parent up to mount point /h)
Stopping at filesystem boundary (GIT_DISCOVERY_ACROSS_FILESYSTEM not set).
2023-09-24 14:52:45.634 [info] > git rev-parse --show-toplevel [23ms]
2023-09-24 14:52:45.634 [info] fatal: not a git repository (or any parent up to mount point /h)
Stopping at filesystem boundary (GIT_DISCOVERY_ACROSS_FILESYSTEM not set).
2023-09-24 14:52:45.634 [info] > git for-each-ref --format=%(refname)%00%(upstream:short)%00%(objectname)%00%(upstream:track)%00%(upstream:remotename)%00%(upstream:remoteref) refs/heads/master refs/remotes/master [34ms]
2023-09-24 14:52:45.634 [info] > git status -z -uall [12ms]
2023-09-24 14:52:45.634 [info] > git fetch [135ms]
2023-09-24 14:52:45.634 [info] Missing or invalid credentials.
Skip silent fetch commands
Missing or invalid credentials.
Skip silent fetch commands
fatal: Authentication failed for 'https://markus.teach.cs.toronto.edu/git/2023-09/csc369/aroraa39/'
2023-09-24 14:52:45.634 [info] > git rev-parse --show-toplevel [12ms]
2023-09-24 14:52:45.634 [info] fatal: not a git repository (or any parent up to mount point /h)
Stopping at filesystem boundary (GIT_DISCOVERY_ACROSS_FILESYSTEM not set).
2023-09-24 14:52:45.635 [info] > git config --get commit.template [9ms]
2023-09-24 14:52:45.651 [info] > git for-each-ref --format=%(refname)%00%(upstream:short)%00%(objectname)%00%(upstream:track)%00%(upstream:remotename)%00%(upstream:remoteref) refs/heads/master refs/remotes/master [6ms]
2023-09-24 14:52:45.667 [info] > git status -z -uall [7ms]
2023-09-24 14:52:46.143 [info] > git show --textconv :T1/queue.c [11ms]
2023-09-24 14:52:46.144 [info] > git ls-files --stage -- /h/u11/c1/00/aroraa39/csc369/aroraa39/T1/queue.c [4ms]
2023-09-24 14:52:46.158 [info] > git cat-file -s 94589b1e18b6fa5a108125651091357ce4217c46 [8ms]
2023-09-24 14:52:46.289 [info] > git check-ignore -v -z --stdin [3ms]
2023-09-24 14:55:58.279 [info] > git config --get commit.template [9ms]
2023-09-24 14:55:58.281 [info] > git for-each-ref --format=%(refname)%00%(upstream:short)%00%(objectname)%00%(upstream:track)%00%(upstream:remotename)%00%(upstream:remoteref) refs/heads/master refs/remotes/master [3ms]
2023-09-24 14:55:58.294 [info] > git status -z -uall [5ms]
2023-09-24 14:55:58.389 [info] > git ls-files --stage -- /h/u11/c1/00/aroraa39/csc369/aroraa39/T1/queue.c [3ms]
2023-09-24 14:55:58.398 [info] > git cat-file -s 94589b1e18b6fa5a108125651091357ce4217c46 [2ms]
2023-09-24 14:55:58.416 [info] > git show --textconv :T1/queue.c [4ms]
2023-09-24 14:56:02.892 [info] > git check-ignore -v -z --stdin [2ms]
2023-09-24 14:56:03.049 [info] > git ls-files --stage -- /h/u11/c1/00/aroraa39/csc369/aroraa39/T1/queue.c [2ms]
2023-09-24 14:56:03.061 [info] > git cat-file -s 94589b1e18b6fa5a108125651091357ce4217c46 [3ms]
2023-09-24 14:56:03.080 [info] > git show --textconv :T1/queue.c [4ms]
2023-09-24 14:56:03.317 [info] > git config --get commit.template [10ms]
2023-09-24 14:56:03.319 [info] > git for-each-ref --format=%(refname)%00%(upstream:short)%00%(objectname)%00%(upstream:track)%00%(upstream:remotename)%00%(upstream:remoteref) refs/heads/master refs/remotes/master [3ms]
2023-09-24 14:56:03.336 [info] > git status -z -uall [7ms]
2023-09-24 14:58:16.022 [info] > git check-ignore -v -z --stdin [3ms]
2023-09-24 14:58:17.941 [info] > git check-ignore -v -z --stdin [3ms]
2023-09-24 14:58:18.215 [info] > git config --get commit.template [10ms]
2023-09-24 14:58:18.218 [info] > git for-each-ref --format=%(refname)%00%(upstream:short)%00%(objectname)%00%(upstream:track)%00%(upstream:remotename)%00%(upstream:remoteref) refs/heads/master refs/remotes/master [4ms]
2023-09-24 14:58:18.236 [info] > git status -z -uall [8ms]
2023-09-24 14:58:36.013 [info] > git show --textconv :T2/examine_ucontext.c [10ms]
2023-09-24 14:58:36.014 [info] > git ls-files --stage -- /h/u11/c1/00/aroraa39/csc369/aroraa39/T2/examine_ucontext.c [3ms]
2023-09-24 14:58:36.026 [info] > git cat-file -s fd48abbf5e1d55d93db81f2e43106a8b82be539e [3ms]
2023-09-24 15:14:44.640 [info] > git config --get commit.template [10ms]
2023-09-24 15:14:44.645 [info] > git for-each-ref --format=%(refname)%00%(upstream:short)%00%(objectname)%00%(upstream:track)%00%(upstream:remotename)%00%(upstream:remoteref) refs/heads/master refs/remotes/master [6ms]
2023-09-24 15:14:44.668 [info] > git status -z -uall [13ms]
2023-09-24 15:14:49.694 [info] > git config --get commit.template [11ms]
2023-09-24 15:14:49.697 [info] > git for-each-ref --format=%(refname)%00%(upstream:short)%00%(objectname)%00%(upstream:track)%00%(upstream:remotename)%00%(upstream:remoteref) refs/heads/master refs/remotes/master [5ms]
2023-09-24 15:14:49.712 [info] > git status -z -uall [6ms]
2023-09-24 15:14:57.124 [info] > git config --get commit.template [11ms]
2023-09-24 15:14:57.127 [info] > git for-each-ref --format=%(refname)%00%(upstream:short)%00%(objectname)%00%(upstream:track)%00%(upstream:remotename)%00%(upstream:remoteref) refs/heads/master refs/remotes/master [4ms]
2023-09-24 15:14:57.145 [info] > git status -z -uall [7ms]
2023-09-24 15:15:02.169 [info] > git config --get commit.template [10ms]
2023-09-24 15:15:02.174 [info] > git for-each-ref --format=%(refname)%00%(upstream:short)%00%(objectname)%00%(upstream:track)%00%(upstream:remotename)%00%(upstream:remoteref) refs/heads/master refs/remotes/master [6ms]
2023-09-24 15:15:02.191 [info] > git status -z -uall [7ms]
2023-09-24 15:15:08.014 [info] > git config --get commit.template [11ms]
2023-09-24 15:15:08.018 [info] > git for-each-ref --format=%(refname)%00%(upstream:short)%00%(objectname)%00%(upstream:track)%00%(upstream:remotename)%00%(upstream:remoteref) refs/heads/master refs/remotes/master [5ms]
2023-09-24 15:15:08.033 [info] > git status -z -uall [7ms]
2023-09-24 15:15:09.712 [info] > git check-ignore -v -z --stdin [5ms]
2023-09-24 15:15:13.062 [info] > git config --get commit.template [13ms]
2023-09-24 15:15:13.065 [info] > git for-each-ref --format=%(refname)%00%(upstream:short)%00%(objectname)%00%(upstream:track)%00%(upstream:remotename)%00%(upstream:remoteref) refs/heads/master refs/remotes/master [5ms]
2023-09-24 15:15:13.082 [info] > git status -z -uall [7ms]
2023-09-24 16:11:14.335 [info] > git rev-parse --show-toplevel [4ms]
2023-09-24 16:11:14.335 [info] fatal: not a git repository (or any of the parent directories): .git
2023-09-24 16:35:14.029 [info] > git rev-parse --show-toplevel [3ms]
2023-09-24 16:35:14.029 [info] fatal: not a git repository (or any of the parent directories): .git
2023-09-24 16:43:26.414 [info] > git config --get commit.template [5ms]
2023-09-24 16:43:26.418 [info] > git for-each-ref --format=%(refname)%00%(upstream:short)%00%(objectname)%00%(upstream:track)%00%(upstream:remotename)%00%(upstream:remoteref) refs/heads/master refs/remotes/master [5ms]
2023-09-24 16:43:26.432 [info] > git status -z -uall [9ms]
2023-09-24 16:43:31.914 [info] > git rev-parse --show-toplevel [4ms]
2023-09-24 16:43:31.914 [info] fatal: not a git repository (or any of the parent directories): .git
2023-09-24 16:43:47.795 [info] > git config --get commit.template [11ms]
2023-09-24 16:43:47.801 [info] > git for-each-ref --format=%(refname)%00%(upstream:short)%00%(objectname)%00%(upstream:track)%00%(upstream:remotename)%00%(upstream:remoteref) refs/heads/master refs/remotes/master [6ms]
2023-09-24 16:43:47.814 [info] > git status -z -uall [8ms]
2023-09-24 16:43:52.837 [info] > git config --get commit.template [11ms]
2023-09-24 16:43:52.841 [info] > git for-each-ref --format=%(refname)%00%(upstream:short)%00%(objectname)%00%(upstream:track)%00%(upstream:remotename)%00%(upstream:remoteref) refs/heads/master refs/remotes/master [4ms]
2023-09-24 16:43:52.859 [info] > git status -z -uall [7ms]
2023-09-24 16:43:58.787 [info] > git config --get commit.template [9ms]
2023-09-24 16:43:58.794 [info] > git for-each-ref --format=%(refname)%00%(upstream:short)%00%(objectname)%00%(upstream:track)%00%(upstream:remotename)%00%(upstream:remoteref) refs/heads/master refs/remotes/master [8ms]
2023-09-24 16:43:58.806 [info] > git status -z -uall [7ms]
2023-09-24 16:44:03.831 [info] > git config --get commit.template [9ms]
2023-09-24 16:44:03.835 [info] > git for-each-ref --format=%(refname)%00%(upstream:short)%00%(objectname)%00%(upstream:track)%00%(upstream:remotename)%00%(upstream:remoteref) refs/heads/master refs/remotes/master [4ms]
2023-09-24 16:44:03.848 [info] > git status -z -uall [6ms]
2023-09-24 16:44:44.633 [info] > git config --get commit.template [7ms]
2023-09-24 16:44:44.637 [info] > git for-each-ref --format=%(refname)%00%(upstream:short)%00%(objectname)%00%(upstream:track)%00%(upstream:remotename)%00%(upstream:remoteref) refs/heads/master refs/remotes/master [4ms]
2023-09-24 16:44:44.658 [info] > git status -z -uall [6ms]
2023-09-24 16:44:49.676 [info] > git config --get commit.template [7ms]
2023-09-24 16:44:49.681 [info] > git for-each-ref --format=%(refname)%00%(upstream:short)%00%(objectname)%00%(upstream:track)%00%(upstream:remotename)%00%(upstream:remoteref) refs/heads/master refs/remotes/master [5ms]
2023-09-24 16:44:49.693 [info] > git status -z -uall [5ms]
2023-09-24 16:45:13.058 [info] > git config --get commit.template [10ms]
2023-09-24 16:45:13.061 [info] > git for-each-ref --format=%(refname)%00%(upstream:short)%00%(objectname)%00%(upstream:track)%00%(upstream:remotename)%00%(upstream:remoteref) refs/heads/master refs/remotes/master [4ms]
2023-09-24 16:45:13.075 [info] > git status -z -uall [5ms]
2023-09-24 16:45:18.089 [info] > git config --get commit.template [6ms]
2023-09-24 16:45:18.093 [info] > git for-each-ref --format=%(refname)%00%(upstream:short)%00%(objectname)%00%(upstream:track)%00%(upstream:remotename)%00%(upstream:remoteref) refs/heads/master refs/remotes/master [4ms]
2023-09-24 16:45:18.104 [info] > git status -z -uall [6ms]
2023-09-24 16:45:25.602 [info] > git config --get commit.template [10ms]
2023-09-24 16:45:25.605 [info] > git for-each-ref --format=%(refname)%00%(upstream:short)%00%(objectname)%00%(upstream:track)%00%(upstream:remotename)%00%(upstream:remoteref) refs/heads/master refs/remotes/master [3ms]
2023-09-24 16:45:25.618 [info] > git status -z -uall [4ms]
2023-09-24 16:45:30.642 [info] > git config --get commit.template [11ms]
2023-09-24 16:45:30.645 [info] > git for-each-ref --format=%(refname)%00%(upstream:short)%00%(objectname)%00%(upstream:track)%00%(upstream:remotename)%00%(upstream:remoteref) refs/heads/master refs/remotes/master [4ms]
2023-09-24 16:45:30.659 [info] > git status -z -uall [5ms]
2023-09-24 16:45:35.675 [info] > git config --get commit.template [6ms]
2023-09-24 16:45:35.680 [info] > git for-each-ref --format=%(refname)%00%(upstream:short)%00%(objectname)%00%(upstream:track)%00%(upstream:remotename)%00%(upstream:remoteref) refs/heads/master refs/remotes/master [5ms]
2023-09-24 16:45:35.695 [info] > git status -z -uall [7ms]
2023-09-24 16:49:00.361 [info] > git config --get commit.template [12ms]
2023-09-24 16:49:00.364 [info] > git for-each-ref --format=%(refname)%00%(upstream:short)%00%(objectname)%00%(upstream:track)%00%(upstream:remotename)%00%(upstream:remoteref) refs/heads/master refs/remotes/master [8ms]
2023-09-24 16:49:00.381 [info] > git status -z -uall [11ms]
2023-09-24 16:51:08.982 [info] > git rev-parse --show-toplevel [3ms]
2023-09-24 16:51:08.982 [info] fatal: not a git repository (or any of the parent directories): .git
2023-09-24 16:51:37.670 [info] > git rev-parse --show-toplevel [4ms]
2023-09-24 16:51:37.670 [info] fatal: not a git repository (or any of the parent directories): .git
2023-09-24 16:52:26.855 [info] > git rev-parse --show-toplevel [6ms]
2023-09-24 16:52:26.855 [info] fatal: not a git repository (or any of the parent directories): .git
2023-09-24 16:52:32.147 [info] > git rev-parse --show-toplevel [6ms]
2023-09-24 16:52:32.147 [info] fatal: not a git repository (or any of the parent directories): .git
2023-09-24 16:52:38.446 [info] > git rev-parse --show-toplevel [4ms]
2023-09-24 16:52:38.446 [info] fatal: not a git repository (or any of the parent directories): .git
2023-09-24 16:52:59.163 [info] > git rev-parse --show-toplevel [3ms]
2023-09-24 16:52:59.164 [info] fatal: not a git repository (or any of the parent directories): .git
2023-09-24 16:55:12.895 [info] > git rev-parse --show-toplevel [3ms]
2023-09-24 16:55:12.895 [info] fatal: not a git repository (or any of the parent directories): .git
2023-09-24 16:55:58.115 [info] > git rev-parse --show-toplevel [2ms]
2023-09-24 16:55:58.115 [info] fatal: not a git repository (or any of the parent directories): .git
2023-09-24 16:56:03.659 [info] > git rev-parse --show-toplevel [3ms]
2023-09-24 16:56:03.659 [info] fatal: not a git repository (or any of the parent directories): .git
2023-09-24 16:56:56.909 [info] > git config --get commit.template [11ms]
2023-09-24 16:56:56.914 [info] > git for-each-ref --format=%(refname)%00%(upstream:short)%00%(objectname)%00%(upstream:track)%00%(upstream:remotename)%00%(upstream:remoteref) refs/heads/master refs/remotes/master [6ms]
2023-09-24 16:56:56.933 [info] > git status -z -uall [9ms]
2023-09-24 16:57:01.955 [info] > git config --get commit.template [8ms]
2023-09-24 16:57:01.961 [info] > git for-each-ref --format=%(refname)%00%(upstream:short)%00%(objectname)%00%(upstream:track)%00%(upstream:remotename)%00%(upstream:remoteref) refs/heads/master refs/remotes/master [6ms]
2023-09-24 16:57:01.980 [info] > git status -z -uall [9ms]
2023-09-24 16:57:52.941 [info] > git config --get commit.template [11ms]
2023-09-24 16:57:52.950 [info] > git for-each-ref --format=%(refname)%00%(upstream:short)%00%(objectname)%00%(upstream:track)%00%(upstream:remotename)%00%(upstream:remoteref) refs/heads/master refs/remotes/master [10ms]
2023-09-24 16:57:52.964 [info] > git status -z -uall [6ms]
2023-09-24 16:59:10.106 [info] > git rev-parse --show-toplevel [4ms]
2023-09-24 16:59:10.106 [info] fatal: not a git repository (or any of the parent directories): .git
2023-09-24 17:02:01.748 [info] > git config --get commit.template [10ms]
2023-09-24 17:02:01.757 [info] > git for-each-ref --format=%(refname)%00%(upstream:short)%00%(objectname)%00%(upstream:track)%00%(upstream:remotename)%00%(upstream:remoteref) refs/heads/master refs/remotes/master [9ms]
2023-09-24 17:02:01.780 [info] > git status -z -uall [11ms]
2023-09-24 17:02:06.803 [info] > git config --get commit.template [10ms]
2023-09-24 17:02:06.805 [info] > git for-each-ref --format=%(refname)%00%(upstream:short)%00%(objectname)%00%(upstream:track)%00%(upstream:remotename)%00%(upstream:remoteref) refs/heads/master refs/remotes/master [3ms]
2023-09-24 17:02:06.822 [info] > git status -z -uall [6ms]
2023-09-24 17:02:19.075 [info] > git config --get commit.template [9ms]
2023-09-24 17:02:19.085 [info] > git for-each-ref --format=%(refname)%00%(upstream:short)%00%(objectname)%00%(upstream:track)%00%(upstream:remotename)%00%(upstream:remoteref) refs/heads/master refs/remotes/master [11ms]
2023-09-24 17:02:19.099 [info] > git status -z -uall [6ms]
2023-09-24 17:02:24.113 [info] > git config --get commit.template [6ms]
2023-09-24 17:02:24.117 [info] > git for-each-ref --format=%(refname)%00%(upstream:short)%00%(objectname)%00%(upstream:track)%00%(upstream:remotename)%00%(upstream:remoteref) refs/heads/master refs/remotes/master [4ms]
2023-09-24 17:02:24.133 [info] > git status -z -uall [7ms]
2023-09-24 17:02:36.744 [info] > git config --get commit.template [10ms]
2023-09-24 17:02:36.747 [info] > git for-each-ref --format=%(refname)%00%(upstream:short)%00%(objectname)%00%(upstream:track)%00%(upstream:remotename)%00%(upstream:remoteref) refs/heads/master refs/remotes/master [3ms]
2023-09-24 17:02:36.761 [info] > git status -z -uall [4ms]
2023-09-24 17:02:44.477 [info] > git config --get commit.template [8ms]
2023-09-24 17:02:44.487 [info] > git for-each-ref --format=%(refname)%00%(upstream:short)%00%(objectname)%00%(upstream:track)%00%(upstream:remotename)%00%(upstream:remoteref) refs/heads/master refs/remotes/master [11ms]
2023-09-24 17:02:44.502 [info] > git status -z -uall [7ms]
2023-09-24 17:02:49.520 [info] > git config --get commit.template [7ms]
2023-09-24 17:02:49.525 [info] > git for-each-ref --format=%(refname)%00%(upstream:short)%00%(objectname)%00%(upstream:track)%00%(upstream:remotename)%00%(upstream:remoteref) refs/heads/master refs/remotes/master [5ms]
2023-09-24 17:02:49.534 [info] > git status -z -uall [4ms]
2023-09-24 17:04:22.547 [info] > git config --get commit.template [9ms]
2023-09-24 17:04:22.552 [info] > git for-each-ref --format=%(refname)%00%(upstream:short)%00%(objectname)%00%(upstream:track)%00%(upstream:remotename)%00%(upstream:remoteref) refs/heads/master refs/remotes/master [6ms]
2023-09-24 17:04:22.576 [info] > git status -z -uall [13ms]
2023-09-24 17:04:27.591 [info] > git config --get commit.template [6ms]
2023-09-24 17:04:27.595 [info] > git for-each-ref --format=%(refname)%00%(upstream:short)%00%(objectname)%00%(upstream:track)%00%(upstream:remotename)%00%(upstream:remoteref) refs/heads/master refs/remotes/master [4ms]
2023-09-24 17:04:27.608 [info] > git status -z -uall [8ms]
2023-09-24 17:06:14.352 [info] > git config --get commit.template [11ms]
2023-09-24 17:06:14.357 [info] > git for-each-ref --format=%(refname)%00%(upstream:short)%00%(objectname)%00%(upstream:track)%00%(upstream:remotename)%00%(upstream:remoteref) refs/heads/master refs/remotes/master [6ms]
2023-09-24 17:06:14.376 [info] > git status -z -uall [10ms]
2023-09-24 17:06:19.391 [info] > git config --get commit.template [6ms]
2023-09-24 17:06:19.399 [info] > git for-each-ref --format=%(refname)%00%(upstream:short)%00%(objectname)%00%(upstream:track)%00%(upstream:remotename)%00%(upstream:remoteref) refs/heads/master refs/remotes/master [8ms]
2023-09-24 17:06:19.408 [info] > git status -z -uall [4ms]
2023-09-24 17:08:24.938 [info] > git rev-parse --show-toplevel [4ms]
2023-09-24 17:08:24.938 [info] fatal: not a git repository (or any of the parent directories): .git
2023-09-24 17:08:48.310 [info] > git rev-parse --show-toplevel [2ms]
2023-09-24 17:08:48.310 [info] fatal: not a git repository (or any of the parent directories): .git
2023-09-24 17:09:06.807 [info] > git rev-parse --show-toplevel [3ms]
2023-09-24 17:09:06.807 [info] fatal: not a git repository (or any of the parent directories): .git
2023-09-24 17:09:17.581 [info] > git config --get commit.template [12ms]
2023-09-24 17:09:17.587 [info] > git for-each-ref --format=%(refname)%00%(upstream:short)%00%(objectname)%00%(upstream:track)%00%(upstream:remotename)%00%(upstream:remoteref) refs/heads/master refs/remotes/master [7ms]
2023-09-24 17:09:17.606 [info] > git status -z -uall [8ms]
2023-09-24 17:09:24.753 [info] > git config --get commit.template [8ms]
2023-09-24 17:09:24.754 [info] > git for-each-ref --format=%(refname)%00%(upstream:short)%00%(objectname)%00%(upstream:track)%00%(upstream:remotename)%00%(upstream:remoteref) refs/heads/master refs/remotes/master [3ms]
2023-09-24 17:09:24.769 [info] > git status -z -uall [9ms]
2023-09-24 17:09:31.793 [info] > git config --get commit.template [6ms]
2023-09-24 17:09:31.798 [info] > git for-each-ref --format=%(refname)%00%(upstream:short)%00%(objectname)%00%(upstream:track)%00%(upstream:remotename)%00%(upstream:remoteref) refs/heads/master refs/remotes/master [5ms]
2023-09-24 17:09:31.807 [info] > git status -z -uall [4ms]
2023-09-24 17:09:36.826 [info] > git config --get commit.template [9ms]
2023-09-24 17:09:36.827 [info] > git for-each-ref --format=%(refname)%00%(upstream:short)%00%(objectname)%00%(upstream:track)%00%(upstream:remotename)%00%(upstream:remoteref) refs/heads/master refs/remotes/master [3ms]
2023-09-24 17:09:36.836 [info] > git status -z -uall [4ms]
2023-09-24 17:09:49.437 [info] > git config --get commit.template [9ms]
2023-09-24 17:09:49.441 [info] > git for-each-ref --format=%(refname)%00%(upstream:short)%00%(objectname)%00%(upstream:track)%00%(upstream:remotename)%00%(upstream:remoteref) refs/heads/master refs/remotes/master [4ms]
2023-09-24 17:09:49.453 [info] > git status -z -uall [6ms]
2023-09-24 17:09:54.475 [info] > git config --get commit.template [11ms]
2023-09-24 17:09:54.477 [info] > git for-each-ref --format=%(refname)%00%(upstream:short)%00%(objectname)%00%(upstream:track)%00%(upstream:remotename)%00%(upstream:remoteref) refs/heads/master refs/remotes/master [3ms]
2023-09-24 17:09:54.492 [info] > git status -z -uall [5ms]
2023-09-24 17:10:41.650 [info] > git config --get commit.template [4ms]
2023-09-24 17:10:41.655 [info] > git for-each-ref --format=%(refname)%00%(upstream:short)%00%(objectname)%00%(upstream:track)%00%(upstream:remotename)%00%(upstream:remoteref) refs/heads/master refs/remotes/master [5ms]
2023-09-24 17:10:41.674 [info] > git status -z -uall [10ms]
2023-09-24 17:11:32.524 [info] > git config --get commit.template [10ms]
2023-09-24 17:11:32.528 [info] > git for-each-ref --format=%(refname)%00%(upstream:short)%00%(objectname)%00%(upstream:track)%00%(upstream:remotename)%00%(upstream:remoteref) refs/heads/master refs/remotes/master [5ms]
2023-09-24 17:11:32.542 [info] > git status -z -uall [6ms]
2023-09-24 17:11:37.558 [info] > git config --get commit.template [6ms]
2023-09-24 17:11:37.562 [info] > git for-each-ref --format=%(refname)%00%(upstream:short)%00%(objectname)%00%(upstream:track)%00%(upstream:remotename)%00%(upstream:remoteref) refs/heads/master refs/remotes/master [5ms]
2023-09-24 17:11:37.573 [info] > git status -z -uall [5ms]
2023-09-24 17:11:48.395 [info] > git config --get commit.template [10ms]
2023-09-24 17:11:48.398 [info] > git for-each-ref --format=%(refname)%00%(upstream:short)%00%(objectname)%00%(upstream:track)%00%(upstream:remotename)%00%(upstream:remoteref) refs/heads/master refs/remotes/master [3ms]
2023-09-24 17:11:48.418 [info] > git status -z -uall [8ms]
2023-09-24 17:11:53.431 [info] > git config --get commit.template [6ms]
2023-09-24 17:11:53.434 [info] > git for-each-ref --format=%(refname)%00%(upstream:short)%00%(objectname)%00%(upstream:track)%00%(upstream:remotename)%00%(upstream:remoteref) refs/heads/master refs/remotes/master [3ms]
2023-09-24 17:11:53.449 [info] > git status -z -uall [10ms]
2023-09-24 17:11:58.464 [info] > git config --get commit.template [5ms]
2023-09-24 17:11:58.468 [info] > git for-each-ref --format=%(refname)%00%(upstream:short)%00%(objectname)%00%(upstream:track)%00%(upstream:remotename)%00%(upstream:remoteref) refs/heads/master refs/remotes/master [5ms]
2023-09-24 17:11:58.485 [info] > git status -z -uall [8ms]
2023-09-24 17:12:21.115 [info] > git rev-parse --show-toplevel [2ms]
2023-09-24 17:12:21.115 [info] fatal: not a git repository (or any of the parent directories): .git
2023-09-24 17:12:29.735 [info] > git rev-parse --show-toplevel [4ms]
2023-09-24 17:12:29.735 [info] fatal: not a git repository (or any of the parent directories): .git
2023-09-24 17:13:00.927 [info] > git config --get commit.template [11ms]
2023-09-24 17:13:00.940 [info] > git for-each-ref --format=%(refname)%00%(upstream:short)%00%(objectname)%00%(upstream:track)%00%(upstream:remotename)%00%(upstream:remoteref) refs/heads/master refs/remotes/master [13ms]
2023-09-24 17:13:00.962 [info] > git status -z -uall [11ms]
2023-09-24 17:13:05.987 [info] > git config --get commit.template [12ms]
2023-09-24 17:13:05.992 [info] > git for-each-ref --format=%(refname)%00%(upstream:short)%00%(objectname)%00%(upstream:track)%00%(upstream:remotename)%00%(upstream:remoteref) refs/heads/master refs/remotes/master [6ms]
2023-09-24 17:13:06.008 [info] > git status -z -uall [7ms]
2023-09-24 17:13:35.437 [info] > git config --get commit.template [10ms]
2023-09-24 17:13:35.439 [info] > git for-each-ref --format=%(refname)%00%(upstream:short)%00%(objectname)%00%(upstream:track)%00%(upstream:remotename)%00%(upstream:remoteref) refs/heads/master refs/remotes/master [3ms]
2023-09-24 17:13:35.457 [info] > git status -z -uall [12ms]
2023-09-24 17:13:40.479 [info] > git config --get commit.template [10ms]
2023-09-24 17:13:40.480 [info] > git for-each-ref --format=%(refname)%00%(upstream:short)%00%(objectname)%00%(upstream:track)%00%(upstream:remotename)%00%(upstream:remoteref) refs/heads/master refs/remotes/master [6ms]
2023-09-24 17:13:40.508 [info] > git status -z -uall [21ms]
2023-09-24 17:13:53.397 [info] > git config --get commit.template [9ms]
2023-09-24 17:13:53.402 [info] > git for-each-ref --format=%(refname)%00%(upstream:short)%00%(objectname)%00%(upstream:track)%00%(upstream:remotename)%00%(upstream:remoteref) refs/heads/master refs/remotes/master [5ms]
2023-09-24 17:13:53.416 [info] > git status -z -uall [6ms]
2023-09-24 17:13:58.439 [info] > git config --get commit.template [10ms]
2023-09-24 17:13:58.441 [info] > git for-each-ref --format=%(refname)%00%(upstream:short)%00%(objectname)%00%(upstream:track)%00%(upstream:remotename)%00%(upstream:remoteref) refs/heads/master refs/remotes/master [3ms]
2023-09-24 17:13:58.464 [info] > git status -z -uall [14ms]
2023-09-24 17:14:30.720 [info] > git config --get commit.template [6ms]
2023-09-24 17:14:30.725 [info] > git for-each-ref --format=%(refname)%00%(upstream:short)%00%(objectname)%00%(upstream:track)%00%(upstream:remotename)%00%(upstream:remoteref) refs/heads/master refs/remotes/master [5ms]
2023-09-24 17:14:30.748 [info] > git status -z -uall [17ms]
2023-09-24 17:14:35.772 [info] > git config --get commit.template [11ms]
2023-09-24 17:14:35.775 [info] > git for-each-ref --format=%(refname)%00%(upstream:short)%00%(objectname)%00%(upstream:track)%00%(upstream:remotename)%00%(upstream:remoteref) refs/heads/master refs/remotes/master [3ms]
2023-09-24 17:14:35.788 [info] > git status -z -uall [6ms]
2023-09-24 17:14:48.984 [info] > git rev-parse --show-toplevel [3ms]
2023-09-24 17:14:48.985 [info] fatal: not a git repository (or any of the parent directories): .git
2023-09-24 17:15:06.028 [info] > git rev-parse --show-toplevel [2ms]
2023-09-24 17:15:06.028 [info] fatal: not a git repository (or any of the parent directories): .git
2023-09-24 17:15:24.887 [info] > git config --get commit.template [11ms]
2023-09-24 17:15:24.890 [info] > git for-each-ref --format=%(refname)%00%(upstream:short)%00%(objectname)%00%(upstream:track)%00%(upstream:remotename)%00%(upstream:remoteref) refs/heads/master refs/remotes/master [3ms]
2023-09-24 17:15:24.906 [info] > git status -z -uall [7ms]
2023-09-24 17:15:29.929 [info] > git config --get commit.template [10ms]
2023-09-24 17:15:29.932 [info] > git for-each-ref --format=%(refname)%00%(upstream:short)%00%(objectname)%00%(upstream:track)%00%(upstream:remotename)%00%(upstream:remoteref) refs/heads/master refs/remotes/master [3ms]
2023-09-24 17:15:29.948 [info] > git status -z -uall [4ms]
2023-09-24 17:15:37.506 [info] > git config --get commit.template [13ms]
2023-09-24 17:15:37.511 [info] > git for-each-ref --format=%(refname)%00%(upstream:short)%00%(objectname)%00%(upstream:track)%00%(upstream:remotename)%00%(upstream:remoteref) refs/heads/master refs/remotes/master [5ms]
2023-09-24 17:15:37.528 [info] > git status -z -uall [7ms]
2023-09-24 17:15:42.549 [info] > git config --get commit.template [10ms]
2023-09-24 17:15:42.553 [info] > git for-each-ref --format=%(refname)%00%(upstream:short)%00%(objectname)%00%(upstream:track)%00%(upstream:remotename)%00%(upstream:remoteref) refs/heads/master refs/remotes/master [4ms]
2023-09-24 17:15:42.566 [info] > git status -z -uall [4ms]
2023-09-24 17:15:47.580 [info] > git config --get commit.template [6ms]
2023-09-24 17:15:47.584 [info] > git for-each-ref --format=%(refname)%00%(upstream:short)%00%(objectname)%00%(upstream:track)%00%(upstream:remotename)%00%(upstream:remoteref) refs/heads/master refs/remotes/master [4ms]
2023-09-24 17:15:47.596 [info] > git status -z -uall [6ms]
2023-09-24 17:15:52.616 [info] > git config --get commit.template [12ms]
2023-09-24 17:15:52.620 [info] > git for-each-ref --format=%(refname)%00%(upstream:short)%00%(objectname)%00%(upstream:track)%00%(upstream:remotename)%00%(upstream:remoteref) refs/heads/master refs/remotes/master [4ms]
2023-09-24 17:15:52.633 [info] > git status -z -uall [5ms]
2023-09-24 17:15:57.652 [info] > git config --get commit.template [10ms]
2023-09-24 17:15:57.657 [info] > git for-each-ref --format=%(refname)%00%(upstream:short)%00%(objectname)%00%(upstream:track)%00%(upstream:remotename)%00%(upstream:remoteref) refs/heads/master refs/remotes/master [5ms]
2023-09-24 17:15:57.674 [info] > git status -z -uall [5ms]
2023-09-24 17:16:07.781 [info] > git config --get commit.template [12ms]
2023-09-24 17:16:07.784 [info] > git for-each-ref --format=%(refname)%00%(upstream:short)%00%(objectname)%00%(upstream:track)%00%(upstream:remotename)%00%(upstream:remoteref) refs/heads/master refs/remotes/master [3ms]
2023-09-24 17:16:07.802 [info] > git status -z -uall [7ms]
2023-09-24 17:16:14.264 [info] > git config --get commit.template [10ms]
2023-09-24 17:16:14.267 [info] > git for-each-ref --format=%(refname)%00%(upstream:short)%00%(objectname)%00%(upstream:track)%00%(upstream:remotename)%00%(upstream:remoteref) refs/heads/master refs/remotes/master [4ms]
2023-09-24 17:16:14.280 [info] > git status -z -uall [7ms]
2023-09-24 17:16:19.304 [info] > git config --get commit.template [11ms]
2023-09-24 17:16:19.305 [info] > git for-each-ref --format=%(refname)%00%(upstream:short)%00%(objectname)%00%(upstream:track)%00%(upstream:remotename)%00%(upstream:remoteref) refs/heads/master refs/remotes/master [5ms]
2023-09-24 17:16:19.330 [info] > git status -z -uall [11ms]
2023-09-24 17:16:24.353 [info] > git config --get commit.template [10ms]
2023-09-24 17:16:24.355 [info] > git for-each-ref --format=%(refname)%00%(upstream:short)%00%(objectname)%00%(upstream:track)%00%(upstream:remotename)%00%(upstream:remoteref) refs/heads/master refs/remotes/master [3ms]
2023-09-24 17:16:24.370 [info] > git status -z -uall [9ms]
2023-09-24 17:17:25.156 [info] > git config --get commit.template [7ms]
2023-09-24 17:17:25.160 [info] > git for-each-ref --format=%(refname)%00%(upstream:short)%00%(objectname)%00%(upstream:track)%00%(upstream:remotename)%00%(upstream:remoteref) refs/heads/master refs/remotes/master [4ms]
2023-09-24 17:17:25.178 [info] > git status -z -uall [10ms]
