2023-09-24 21:05:54.371 [info] Log level: Info
2023-09-24 21:05:54.371 [info] Validating found git in: "git"
2023-09-24 21:05:54.371 [info] Using git "2.34.1" from "git"
2023-09-24 21:05:54.371 [info] > git rev-parse --show-toplevel [4ms]
2023-09-24 21:05:54.371 [info] fatal: not a git repository (or any parent up to mount point /h)
Stopping at filesystem boundary (GIT_DISCOVERY_ACROSS_FILESYSTEM not set).
2023-09-24 21:05:54.371 [info] > git rev-parse --show-toplevel [12ms]
2023-09-24 21:05:54.372 [info] > git rev-parse --git-dir --git-common-dir [11ms]
2023-09-24 21:05:54.391 [info] Open repository: /h/u11/c1/00/aroraa39/csc369/aroraa39
2023-09-24 21:05:54.455 [info] > git config --get commit.template [46ms]
2023-09-24 21:05:54.456 [info] > git rev-parse --show-toplevel [43ms]
2023-09-24 21:05:54.456 [info] fatal: not a git repository (or any parent up to mount point /h)
Stopping at filesystem boundary (GIT_DISCOVERY_ACROSS_FILESYSTEM not set).
2023-09-24 21:05:54.483 [info] > git for-each-ref --format=%(refname)%00%(upstream:short)%00%(objectname)%00%(upstream:track)%00%(upstream:remotename)%00%(upstream:remoteref) refs/heads/master refs/remotes/master [15ms]
2023-09-24 21:05:54.492 [info] > git rev-parse --show-toplevel [14ms]
2023-09-24 21:05:54.492 [info] fatal: not a git repository (or any parent up to mount point /h)
Stopping at filesystem boundary (GIT_DISCOVERY_ACROSS_FILESYSTEM not set).
2023-09-24 21:05:54.500 [info] > git status -z -uall [9ms]
2023-09-24 21:05:54.522 [info] > git rev-parse --show-toplevel [23ms]
2023-09-24 21:05:54.522 [info] fatal: not a git repository (or any parent up to mount point /h)
Stopping at filesystem boundary (GIT_DISCOVERY_ACROSS_FILESYSTEM not set).
2023-09-24 21:05:54.548 [info] > git rev-parse --show-toplevel [9ms]
2023-09-24 21:05:54.548 [info] fatal: not a git repository (or any parent up to mount point /h)
Stopping at filesystem boundary (GIT_DISCOVERY_ACROSS_FILESYSTEM not set).
2023-09-24 21:05:54.549 [info] > git config --get commit.template [27ms]
2023-09-24 21:05:54.558 [info] > git for-each-ref --format=%(refname)%00%(upstream:short)%00%(objectname)%00%(upstream:track)%00%(upstream:remotename)%00%(upstream:remoteref) refs/heads/master refs/remotes/master [11ms]
2023-09-24 21:05:54.567 [info] > git rev-parse --show-toplevel [10ms]
2023-09-24 21:05:54.567 [info] fatal: not a git repository (or any parent up to mount point /h)
Stopping at filesystem boundary (GIT_DISCOVERY_ACROSS_FILESYSTEM not set).
2023-09-24 21:05:54.578 [info] > git status -z -uall [13ms]
2023-09-24 21:05:54.581 [info] > git fetch [190ms]
2023-09-24 21:05:54.581 [info] Missing or invalid credentials.
Skip silent fetch commands
Missing or invalid credentials.
Skip silent fetch commands
fatal: Authentication failed for 'https://markus.teach.cs.toronto.edu/git/2023-09/csc369/aroraa39/'
2023-09-24 21:05:54.598 [info] > git rev-parse --show-toplevel [21ms]
2023-09-24 21:05:54.598 [info] fatal: not a git repository (or any parent up to mount point /h)
Stopping at filesystem boundary (GIT_DISCOVERY_ACROSS_FILESYSTEM not set).
2023-09-24 21:05:54.610 [info] > git config --get commit.template [13ms]
2023-09-24 21:05:54.623 [info] > git rev-parse --show-toplevel [12ms]
2023-09-24 21:05:54.623 [info] fatal: not a git repository (or any parent up to mount point /h)
Stopping at filesystem boundary (GIT_DISCOVERY_ACROSS_FILESYSTEM not set).
2023-09-24 21:05:54.628 [info] > git for-each-ref --format=%(refname)%00%(upstream:short)%00%(objectname)%00%(upstream:track)%00%(upstream:remotename)%00%(upstream:remoteref) refs/heads/master refs/remotes/master [6ms]
2023-09-24 21:05:54.634 [info] > git rev-parse --show-toplevel [8ms]
2023-09-24 21:05:54.634 [info] fatal: not a git repository (or any parent up to mount point /h)
Stopping at filesystem boundary (GIT_DISCOVERY_ACROSS_FILESYSTEM not set).
2023-09-24 21:05:54.640 [info] > git status -z -uall [7ms]
2023-09-24 21:05:55.143 [info] > git show --textconv :T2/examine_ucontext.c [26ms]
2023-09-24 21:05:55.151 [info] > git ls-files --stage -- /h/u11/c1/00/aroraa39/csc369/aroraa39/T2/examine_ucontext.c [23ms]
2023-09-24 21:05:55.180 [info] > git cat-file -s 1a2d3a60633477f237d8b46018fc4fbff8da1f80 [5ms]
2023-09-24 21:05:55.317 [info] > git check-ignore -v -z --stdin [15ms]
