2023-09-22 16:57:06.954 [info] Log level: Info
2023-09-22 16:57:06.954 [info] Validating found git in: "git"
2023-09-22 16:57:06.954 [info] Using git "2.34.1" from "git"
2023-09-22 16:57:06.954 [info] > git rev-parse --show-toplevel [3ms]
2023-09-22 16:57:06.954 [info] fatal: not a git repository (or any parent up to mount point /h)
Stopping at filesystem boundary (GIT_DISCOVERY_ACROSS_FILESYSTEM not set).
2023-09-22 16:57:06.954 [info] > git rev-parse --show-toplevel [2ms]
2023-09-22 16:57:06.954 [info] fatal: not a git repository (or any parent up to mount point /h)
Stopping at filesystem boundary (GIT_DISCOVERY_ACROSS_FILESYSTEM not set).
2023-09-22 16:57:06.954 [info] > git rev-parse --show-toplevel [2ms]
2023-09-22 16:57:06.954 [info] fatal: not a git repository (or any parent up to mount point /h)
Stopping at filesystem boundary (GIT_DISCOVERY_ACROSS_FILESYSTEM not set).
2023-09-22 16:57:06.954 [info] > git rev-parse --show-toplevel [1ms]
2023-09-22 16:57:06.954 [info] fatal: not a git repository (or any parent up to mount point /h)
Stopping at filesystem boundary (GIT_DISCOVERY_ACROSS_FILESYSTEM not set).
2023-09-22 16:57:06.954 [info] > git rev-parse --show-toplevel [2ms]
2023-09-22 16:57:06.954 [info] fatal: not a git repository (or any parent up to mount point /h)
Stopping at filesystem boundary (GIT_DISCOVERY_ACROSS_FILESYSTEM not set).
2023-09-22 16:57:06.954 [info] > git rev-parse --show-toplevel [9ms]
2023-09-22 16:57:06.954 [info] fatal: not a git repository (or any parent up to mount point /h)
Stopping at filesystem boundary (GIT_DISCOVERY_ACROSS_FILESYSTEM not set).
2023-09-22 16:57:06.954 [info] > git rev-parse --show-toplevel [1ms]
2023-09-22 16:57:06.954 [info] fatal: not a git repository (or any parent up to mount point /h)
Stopping at filesystem boundary (GIT_DISCOVERY_ACROSS_FILESYSTEM not set).
2023-09-22 16:57:12.080 [info] > git rev-parse --show-toplevel [3ms]
2023-09-22 16:57:12.098 [info] > git rev-parse --git-dir --git-common-dir [5ms]
2023-09-22 16:57:12.122 [info] Open repository: /h/u11/c1/00/aroraa39/csc369/aroraa39
2023-09-22 16:57:12.147 [info] > git config --get commit.template [12ms]
2023-09-22 16:57:12.151 [info] > git for-each-ref --format=%(refname)%00%(upstream:short)%00%(objectname)%00%(upstream:track)%00%(upstream:remotename)%00%(upstream:remoteref) refs/heads/master refs/remotes/master [6ms]
2023-09-22 16:57:12.164 [info] > git status -z -uall [6ms]
2023-09-22 16:57:12.186 [info] > git config --get commit.template [8ms]
2023-09-22 16:57:12.191 [info] > git for-each-ref --format=%(refname)%00%(upstream:short)%00%(objectname)%00%(upstream:track)%00%(upstream:remotename)%00%(upstream:remoteref) refs/heads/master refs/remotes/master [6ms]
2023-09-22 16:57:12.209 [info] > git status -z -uall [12ms]
2023-09-22 16:57:12.385 [info] > git fetch [264ms]
2023-09-22 16:57:12.386 [info] Missing or invalid credentials.
Skip silent fetch commands
Missing or invalid credentials.
Skip silent fetch commands
fatal: Authentication failed for 'https://markus.teach.cs.toronto.edu/git/2023-09/csc369/aroraa39/'
2023-09-22 16:57:12.428 [info] > git config --get commit.template [12ms]
2023-09-22 16:57:12.433 [info] > git for-each-ref --format=%(refname)%00%(upstream:short)%00%(objectname)%00%(upstream:track)%00%(upstream:remotename)%00%(upstream:remoteref) refs/heads/master refs/remotes/master [5ms]
2023-09-22 16:57:12.452 [info] > git status -z -uall [6ms]
2023-09-22 16:57:12.679 [info] > git check-ignore -v -z --stdin [4ms]
2023-09-22 16:57:12.795 [info] > git show --textconv :T1/queue.c [10ms]
2023-09-22 16:57:12.797 [info] > git ls-files --stage -- /h/u11/c1/00/aroraa39/csc369/aroraa39/T1/queue.c [2ms]
2023-09-22 16:57:12.809 [info] > git cat-file -s c5b9029a247065e53528a73bbebec36b80e126fa [3ms]
2023-09-22 16:57:13.568 [info] > git ls-files --stage -- /h/u11/c1/00/aroraa39/csc369/aroraa39/T1/queue.c [4ms]
2023-09-22 16:57:13.577 [info] > git cat-file -s c5b9029a247065e53528a73bbebec36b80e126fa [2ms]
2023-09-22 16:57:13.594 [info] > git show --textconv :T1/queue.c [4ms]
2023-09-22 16:58:27.312 [info] > git show --textconv :T1/defines.h [14ms]
2023-09-22 16:58:27.315 [info] > git ls-files --stage -- /h/u11/c1/00/aroraa39/csc369/aroraa39/T1/defines.h [4ms]
2023-09-22 16:58:27.329 [info] > git cat-file -s ae2ac263114c053a286dc5b1d177c577fa50870f [2ms]
2023-09-22 17:10:37.717 [info] > git config --get commit.template [12ms]
2023-09-22 17:10:37.722 [info] > git for-each-ref --format=%(refname)%00%(upstream:short)%00%(objectname)%00%(upstream:track)%00%(upstream:remotename)%00%(upstream:remoteref) refs/heads/master refs/remotes/master [6ms]
2023-09-22 17:10:37.744 [info] > git status -z -uall [12ms]
2023-09-22 17:12:10.061 [info] > git config --get commit.template [10ms]
2023-09-22 17:12:10.073 [info] > git for-each-ref --format=%(refname)%00%(upstream:short)%00%(objectname)%00%(upstream:track)%00%(upstream:remotename)%00%(upstream:remoteref) refs/heads/master refs/remotes/master [14ms]
2023-09-22 17:12:10.091 [info] > git status -z -uall [10ms]
2023-09-22 17:12:23.386 [info] > git config --get commit.template [7ms]
2023-09-22 17:12:23.390 [info] > git for-each-ref --format=%(refname)%00%(upstream:short)%00%(objectname)%00%(upstream:track)%00%(upstream:remotename)%00%(upstream:remoteref) refs/heads/master refs/remotes/master [4ms]
2023-09-22 17:12:23.401 [info] > git status -z -uall [5ms]
2023-09-22 17:13:11.728 [info] > git config --get commit.template [8ms]
2023-09-22 17:13:11.733 [info] > git for-each-ref --format=%(refname)%00%(upstream:short)%00%(objectname)%00%(upstream:track)%00%(upstream:remotename)%00%(upstream:remoteref) refs/heads/master refs/remotes/master [4ms]
2023-09-22 17:13:11.746 [info] > git status -z -uall [6ms]
2023-09-22 17:13:27.688 [info] > git config --get commit.template [10ms]
2023-09-22 17:13:27.693 [info] > git for-each-ref --format=%(refname)%00%(upstream:short)%00%(objectname)%00%(upstream:track)%00%(upstream:remotename)%00%(upstream:remoteref) refs/heads/master refs/remotes/master [5ms]
2023-09-22 17:13:27.707 [info] > git status -z -uall [5ms]
2023-09-22 17:13:32.723 [info] > git config --get commit.template [7ms]
2023-09-22 17:13:32.726 [info] > git for-each-ref --format=%(refname)%00%(upstream:short)%00%(objectname)%00%(upstream:track)%00%(upstream:remotename)%00%(upstream:remoteref) refs/heads/master refs/remotes/master [4ms]
2023-09-22 17:13:32.742 [info] > git status -z -uall [7ms]
2023-09-22 17:14:12.385 [info] > git for-each-ref --format=%(refname)%00%(upstream:short)%00%(objectname)%00%(upstream:track)%00%(upstream:remotename)%00%(upstream:remoteref) refs/heads/master refs/remotes/master [16ms]
2023-09-22 17:14:12.391 [info] > git config --get commit.template [57ms]
2023-09-22 17:14:12.412 [info] > git status -z -uall [9ms]
2023-09-22 17:14:17.438 [info] > git config --get commit.template [13ms]
2023-09-22 17:14:17.443 [info] > git for-each-ref --format=%(refname)%00%(upstream:short)%00%(objectname)%00%(upstream:track)%00%(upstream:remotename)%00%(upstream:remoteref) refs/heads/master refs/remotes/master [4ms]
2023-09-22 17:14:17.457 [info] > git status -z -uall [5ms]
2023-09-22 17:14:22.475 [info] > git config --get commit.template [6ms]
2023-09-22 17:14:22.479 [info] > git for-each-ref --format=%(refname)%00%(upstream:short)%00%(objectname)%00%(upstream:track)%00%(upstream:remotename)%00%(upstream:remoteref) refs/heads/master refs/remotes/master [5ms]
2023-09-22 17:14:22.489 [info] > git status -z -uall [4ms]
2023-09-22 17:14:27.515 [info] > git config --get commit.template [12ms]
2023-09-22 17:14:27.517 [info] > git for-each-ref --format=%(refname)%00%(upstream:short)%00%(objectname)%00%(upstream:track)%00%(upstream:remotename)%00%(upstream:remoteref) refs/heads/master refs/remotes/master [2ms]
2023-09-22 17:14:27.531 [info] > git status -z -uall [4ms]
2023-09-22 17:15:31.365 [info] > git config --get commit.template [11ms]
2023-09-22 17:15:31.370 [info] > git for-each-ref --format=%(refname)%00%(upstream:short)%00%(objectname)%00%(upstream:track)%00%(upstream:remotename)%00%(upstream:remoteref) refs/heads/master refs/remotes/master [5ms]
2023-09-22 17:15:31.387 [info] > git status -z -uall [7ms]
2023-09-22 17:15:36.407 [info] > git config --get commit.template [9ms]
2023-09-22 17:15:36.410 [info] > git for-each-ref --format=%(refname)%00%(upstream:short)%00%(objectname)%00%(upstream:track)%00%(upstream:remotename)%00%(upstream:remoteref) refs/heads/master refs/remotes/master [4ms]
2023-09-22 17:15:36.421 [info] > git status -z -uall [3ms]
2023-09-22 17:15:43.925 [info] > git config --get commit.template [10ms]
2023-09-22 17:15:43.928 [info] > git for-each-ref --format=%(refname)%00%(upstream:short)%00%(objectname)%00%(upstream:track)%00%(upstream:remotename)%00%(upstream:remoteref) refs/heads/master refs/remotes/master [4ms]
2023-09-22 17:15:43.941 [info] > git status -z -uall [5ms]
2023-09-22 17:15:48.958 [info] > git config --get commit.template [7ms]
2023-09-22 17:15:48.963 [info] > git for-each-ref --format=%(refname)%00%(upstream:short)%00%(objectname)%00%(upstream:track)%00%(upstream:remotename)%00%(upstream:remoteref) refs/heads/master refs/remotes/master [6ms]
2023-09-22 17:15:48.981 [info] > git status -z -uall [7ms]
2023-09-22 17:16:07.000 [info] > git check-ignore -v -z --stdin [4ms]
2023-09-22 17:16:07.780 [info] > git show --textconv :T1/traces/profile0.txt [11ms]
2023-09-22 17:16:07.783 [info] > git ls-files --stage -- /h/u11/c1/00/aroraa39/csc369/aroraa39/T1/traces/profile0.txt [4ms]
2023-09-22 17:16:07.797 [info] > git cat-file -s 901e70f25708b1e75d6a52a8d3ca9d9de542de53 [3ms]
2023-09-22 17:16:10.233 [info] > git show --textconv :T1/traces/profile1.txt [12ms]
2023-09-22 17:16:10.236 [info] > git ls-files --stage -- /h/u11/c1/00/aroraa39/csc369/aroraa39/T1/traces/profile1.txt [4ms]
2023-09-22 17:16:10.252 [info] > git cat-file -s e81218f9a0de71b74597cecc0911e06c9baa3369 [4ms]
2023-09-22 17:16:13.902 [info] > git show --textconv :T1/traces/profile2.txt [12ms]
2023-09-22 17:16:13.905 [info] > git ls-files --stage -- /h/u11/c1/00/aroraa39/csc369/aroraa39/T1/traces/profile2.txt [3ms]
2023-09-22 17:16:13.919 [info] > git cat-file -s 24100f137ae09c0cab2c4b1145cddd5a844e3540 [4ms]
2023-09-22 17:16:29.307 [info] > git config --get commit.template [13ms]
2023-09-22 17:16:29.311 [info] > git for-each-ref --format=%(refname)%00%(upstream:short)%00%(objectname)%00%(upstream:track)%00%(upstream:remotename)%00%(upstream:remoteref) refs/heads/master refs/remotes/master [5ms]
2023-09-22 17:16:29.327 [info] > git status -z -uall [6ms]
2023-09-22 17:16:34.347 [info] > git config --get commit.template [9ms]
2023-09-22 17:16:34.350 [info] > git for-each-ref --format=%(refname)%00%(upstream:short)%00%(objectname)%00%(upstream:track)%00%(upstream:remotename)%00%(upstream:remoteref) refs/heads/master refs/remotes/master [4ms]
2023-09-22 17:16:34.368 [info] > git status -z -uall [7ms]
2023-09-22 17:16:48.529 [info] > git show --textconv :T1/trace-gen.py [10ms]
2023-09-22 17:16:48.795 [info] > git ls-files --stage -- /h/u11/c1/00/aroraa39/csc369/aroraa39/T1/trace-gen.py [266ms]
2023-09-22 17:16:48.808 [info] > git cat-file -s 9c44b5dfb426c473bd5a5a5d1c189b9302a4e2e9 [3ms]
2023-09-22 17:17:14.465 [info] > git config --get commit.template [18ms]
2023-09-22 17:17:14.469 [info] > git for-each-ref --format=%(refname)%00%(upstream:short)%00%(objectname)%00%(upstream:track)%00%(upstream:remotename)%00%(upstream:remoteref) refs/heads/master refs/remotes/master [5ms]
2023-09-22 17:17:14.489 [info] > git status -z -uall [8ms]
2023-09-22 17:17:14.550 [info] > git check-ignore -v -z --stdin [3ms]
2023-09-22 17:17:16.189 [info] > git show --textconv :T1/trace.txt [18ms]
2023-09-22 17:17:16.192 [info] > git ls-files --stage -- /h/u11/c1/00/aroraa39/csc369/aroraa39/T1/trace.txt [3ms]
2023-09-22 17:17:36.277 [info] > git config --get commit.template [19ms]
2023-09-22 17:17:36.280 [info] > git for-each-ref --format=%(refname)%00%(upstream:short)%00%(objectname)%00%(upstream:track)%00%(upstream:remotename)%00%(upstream:remoteref) refs/heads/master refs/remotes/master [5ms]
2023-09-22 17:17:36.304 [info] > git status -z -uall [8ms]
2023-09-22 17:17:41.332 [info] > git config --get commit.template [12ms]
2023-09-22 17:17:41.335 [info] > git for-each-ref --format=%(refname)%00%(upstream:short)%00%(objectname)%00%(upstream:track)%00%(upstream:remotename)%00%(upstream:remoteref) refs/heads/master refs/remotes/master [3ms]
2023-09-22 17:17:41.349 [info] > git status -z -uall [4ms]
2023-09-22 17:18:01.301 [info] > git config --get commit.template [9ms]
2023-09-22 17:18:01.303 [info] > git for-each-ref --format=%(refname)%00%(upstream:short)%00%(objectname)%00%(upstream:track)%00%(upstream:remotename)%00%(upstream:remoteref) refs/heads/master refs/remotes/master [3ms]
2023-09-22 17:18:01.314 [info] > git status -z -uall [3ms]
2023-09-22 17:18:17.446 [info] > git config --get commit.template [12ms]
2023-09-22 17:18:17.465 [info] > git for-each-ref --format=%(refname)%00%(upstream:short)%00%(objectname)%00%(upstream:track)%00%(upstream:remotename)%00%(upstream:remoteref) refs/heads/master refs/remotes/master [20ms]
2023-09-22 17:18:17.482 [info] > git status -z -uall [5ms]
2023-09-22 17:18:27.696 [info] > git config --get commit.template [13ms]
2023-09-22 17:18:27.699 [info] > git for-each-ref --format=%(refname)%00%(upstream:short)%00%(objectname)%00%(upstream:track)%00%(upstream:remotename)%00%(upstream:remoteref) refs/heads/master refs/remotes/master [4ms]
2023-09-22 17:18:27.712 [info] > git status -z -uall [4ms]
2023-09-22 17:18:32.735 [info] > git config --get commit.template [11ms]
2023-09-22 17:18:32.738 [info] > git for-each-ref --format=%(refname)%00%(upstream:short)%00%(objectname)%00%(upstream:track)%00%(upstream:remotename)%00%(upstream:remoteref) refs/heads/master refs/remotes/master [4ms]
2023-09-22 17:18:32.751 [info] > git status -z -uall [4ms]
2023-09-22 17:18:37.785 [info] > git config --get commit.template [19ms]
2023-09-22 17:18:37.787 [info] > git for-each-ref --format=%(refname)%00%(upstream:short)%00%(objectname)%00%(upstream:track)%00%(upstream:remotename)%00%(upstream:remoteref) refs/heads/master refs/remotes/master [5ms]
2023-09-22 17:18:37.806 [info] > git status -z -uall [5ms]
2023-09-22 17:19:00.660 [info] > git config --get commit.template [8ms]
2023-09-22 17:19:00.664 [info] > git for-each-ref --format=%(refname)%00%(upstream:short)%00%(objectname)%00%(upstream:track)%00%(upstream:remotename)%00%(upstream:remoteref) refs/heads/master refs/remotes/master [4ms]
2023-09-22 17:19:00.680 [info] > git status -z -uall [7ms]
2023-09-22 17:19:08.126 [info] > git config --get commit.template [12ms]
2023-09-22 17:19:08.130 [info] > git for-each-ref --format=%(refname)%00%(upstream:short)%00%(objectname)%00%(upstream:track)%00%(upstream:remotename)%00%(upstream:remoteref) refs/heads/master refs/remotes/master [4ms]
2023-09-22 17:19:08.146 [info] > git status -z -uall [6ms]
2023-09-22 17:19:09.648 [info] > git rev-parse --show-toplevel [3ms]
2023-09-22 17:19:09.648 [info] fatal: not a git repository (or any parent up to mount point /h)
Stopping at filesystem boundary (GIT_DISCOVERY_ACROSS_FILESYSTEM not set).
2023-09-22 17:19:11.216 [info] > git show --textconv HEAD:T1/queue.c [19ms]
2023-09-22 17:19:11.220 [info] > git ls-tree -l HEAD -- /h/u11/c1/00/aroraa39/csc369/aroraa39/T1/queue.c [5ms]
2023-09-22 17:19:13.802 [info] > git add -A -- /h/u11/c1/00/aroraa39/csc369/aroraa39/T1/queue.c [13ms]
2023-09-22 17:19:13.827 [info] > git config --get commit.template [16ms]
2023-09-22 17:19:13.832 [info] > git for-each-ref --format=%(refname)%00%(upstream:short)%00%(objectname)%00%(upstream:track)%00%(upstream:remotename)%00%(upstream:remoteref) refs/heads/master refs/remotes/master [6ms]
2023-09-22 17:19:13.849 [info] > git status -z -uall [6ms]
2023-09-22 17:19:15.858 [info] > git config --get commit.template [14ms]
2023-09-22 17:19:15.861 [info] > git for-each-ref --format=%(refname)%00%(upstream:short)%00%(objectname)%00%(upstream:track)%00%(upstream:remotename)%00%(upstream:remoteref) refs/heads/master refs/remotes/master [3ms]
2023-09-22 17:19:15.876 [info] > git status -z -uall [4ms]
2023-09-22 17:19:15.951 [info] > git ls-files --stage -- /h/u11/c1/00/aroraa39/csc369/aroraa39/T1/defines.h [12ms]
2023-09-22 17:19:15.963 [info] > git ls-files --stage -- /h/u11/c1/00/aroraa39/csc369/aroraa39/T1/queue.c [35ms]
2023-09-22 17:19:15.979 [info] > git cat-file -s ae2ac263114c053a286dc5b1d177c577fa50870f [16ms]
2023-09-22 17:19:15.980 [info] > git ls-files --stage -- /h/u11/c1/00/aroraa39/csc369/aroraa39/T1/trace-gen.py [30ms]
2023-09-22 17:19:15.994 [info] > git cat-file -s 9ec569e97eceb247a375be8ec9f19bd3bf909ecb [20ms]
2023-09-22 17:19:15.995 [info] > git cat-file -s 9c44b5dfb426c473bd5a5a5d1c189b9302a4e2e9 [5ms]
2023-09-22 17:19:16.044 [info] > git show --textconv :T1/defines.h [27ms]
2023-09-22 17:19:16.044 [info] > git show --textconv :T1/queue.c [13ms]
2023-09-22 17:19:16.045 [info] > git show --textconv :T1/trace-gen.py [3ms]
2023-09-22 17:19:20.908 [info] > git config --get commit.template [13ms]
2023-09-22 17:19:20.911 [info] > git for-each-ref --format=%(refname)%00%(upstream:short)%00%(objectname)%00%(upstream:track)%00%(upstream:remotename)%00%(upstream:remoteref) refs/heads/master refs/remotes/master [4ms]
2023-09-22 17:19:20.924 [info] > git status -z -uall [4ms]
2023-09-22 17:19:32.266 [info] > git -c user.useConfigOnly=true commit --quiet --allow-empty-message --file - [40ms]
2023-09-22 17:19:32.279 [info] > git config --get commit.template [2ms]
2023-09-22 17:19:32.306 [info] > git config --get commit.template [16ms]
2023-09-22 17:19:32.310 [info] > git for-each-ref --format=%(refname)%00%(upstream:short)%00%(objectname)%00%(upstream:track)%00%(upstream:remotename)%00%(upstream:remoteref) refs/heads/master refs/remotes/master [7ms]
2023-09-22 17:19:32.330 [info] > git status -z -uall [5ms]
2023-09-22 17:19:33.791 [info] > git ls-files --stage -- /h/u11/c1/00/aroraa39/csc369/aroraa39/T1/defines.h [18ms]
2023-09-22 17:19:33.809 [info] > git ls-files --stage -- /h/u11/c1/00/aroraa39/csc369/aroraa39/T1/queue.c [49ms]
2023-09-22 17:19:33.827 [info] > git cat-file -s ae2ac263114c053a286dc5b1d177c577fa50870f [19ms]
2023-09-22 17:19:33.829 [info] > git ls-files --stage -- /h/u11/c1/00/aroraa39/csc369/aroraa39/T1/trace-gen.py [39ms]
2023-09-22 17:19:33.880 [info] > git cat-file -s 9ec569e97eceb247a375be8ec9f19bd3bf909ecb [54ms]
2023-09-22 17:19:33.920 [info] > git cat-file -s 9c44b5dfb426c473bd5a5a5d1c189b9302a4e2e9 [42ms]
2023-09-22 17:19:33.932 [info] > git show --textconv :T1/defines.h [26ms]
2023-09-22 17:19:33.950 [info] > git show --textconv :T1/queue.c [5ms]
2023-09-22 17:19:33.970 [info] > git show --textconv :T1/trace-gen.py [5ms]
2023-09-22 17:19:44.581 [info] > git push origin master:master [12229ms]
2023-09-22 17:19:44.581 [info] remote: [MarkUs] Your submission has been received: master@{Fri Sep 22 17:19:44 2023}        
To https://markus.teach.cs.toronto.edu/git/2023-09/csc369/aroraa39
   e7f2bb0..13691ce  master -> master
2023-09-22 17:19:44.601 [info] > git config --get commit.template [9ms]
2023-09-22 17:19:44.605 [info] > git for-each-ref --format=%(refname)%00%(upstream:short)%00%(objectname)%00%(upstream:track)%00%(upstream:remotename)%00%(upstream:remoteref) refs/heads/master refs/remotes/master [5ms]
2023-09-22 17:19:44.620 [info] > git status -z -uall [6ms]
2023-09-22 17:19:44.788 [info] > git config --get commit.template [18ms]
2023-09-22 17:19:44.793 [info] > git for-each-ref --format=%(refname)%00%(upstream:short)%00%(objectname)%00%(upstream:track)%00%(upstream:remotename)%00%(upstream:remoteref) refs/heads/master refs/remotes/master [6ms]
2023-09-22 17:19:44.814 [info] > git status -z -uall [6ms]
2023-09-22 17:19:45.932 [info] > git ls-files --stage -- /h/u11/c1/00/aroraa39/csc369/aroraa39/T1/defines.h [12ms]
2023-09-22 17:19:45.949 [info] > git ls-files --stage -- /h/u11/c1/00/aroraa39/csc369/aroraa39/T1/queue.c [39ms]
2023-09-22 17:19:45.968 [info] > git cat-file -s ae2ac263114c053a286dc5b1d177c577fa50870f [19ms]
2023-09-22 17:19:45.968 [info] > git ls-files --stage -- /h/u11/c1/00/aroraa39/csc369/aroraa39/T1/trace-gen.py [37ms]
2023-09-22 17:19:45.985 [info] > git cat-file -s 9ec569e97eceb247a375be8ec9f19bd3bf909ecb [19ms]
2023-09-22 17:19:45.987 [info] > git cat-file -s 9c44b5dfb426c473bd5a5a5d1c189b9302a4e2e9 [2ms]
2023-09-22 17:19:46.024 [info] > git show --textconv :T1/defines.h [16ms]
2023-09-22 17:19:46.035 [info] > git show --textconv :T1/queue.c [12ms]
2023-09-22 17:19:46.037 [info] > git show --textconv :T1/trace-gen.py [3ms]
2023-09-22 17:19:46.931 [info] > git config --get commit.template [16ms]
2023-09-22 17:19:46.934 [info] > git for-each-ref --format=%(refname)%00%(upstream:short)%00%(objectname)%00%(upstream:track)%00%(upstream:remotename)%00%(upstream:remoteref) refs/heads/master refs/remotes/master [5ms]
2023-09-22 17:19:46.949 [info] > git status -z -uall [6ms]
2023-09-22 17:29:06.277 [info] > git rev-parse --show-toplevel [3ms]
2023-09-22 17:29:06.278 [info] fatal: not a git repository (or any parent up to mount point /h)
Stopping at filesystem boundary (GIT_DISCOVERY_ACROSS_FILESYSTEM not set).
2023-09-22 17:30:12.928 [info] > git config --get commit.template [15ms]
2023-09-22 17:30:12.932 [info] > git for-each-ref --format=%(refname)%00%(upstream:short)%00%(objectname)%00%(upstream:track)%00%(upstream:remotename)%00%(upstream:remoteref) refs/heads/master refs/remotes/master [5ms]
2023-09-22 17:30:12.954 [info] > git status -z -uall [8ms]
2023-09-22 17:30:17.980 [info] > git config --get commit.template [10ms]
2023-09-22 17:30:17.984 [info] > git for-each-ref --format=%(refname)%00%(upstream:short)%00%(objectname)%00%(upstream:track)%00%(upstream:remotename)%00%(upstream:remoteref) refs/heads/master refs/remotes/master [5ms]
2023-09-22 17:30:18.001 [info] > git status -z -uall [6ms]
2023-09-22 17:31:25.937 [info] > git config --get commit.template [10ms]
2023-09-22 17:31:25.942 [info] > git for-each-ref --format=%(refname)%00%(upstream:short)%00%(objectname)%00%(upstream:track)%00%(upstream:remotename)%00%(upstream:remoteref) refs/heads/master refs/remotes/master [5ms]
2023-09-22 17:31:25.962 [info] > git status -z -uall [10ms]
2023-09-22 17:32:41.807 [info] > git config --get commit.template [9ms]
2023-09-22 17:32:41.813 [info] > git for-each-ref --format=%(refname)%00%(upstream:short)%00%(objectname)%00%(upstream:track)%00%(upstream:remotename)%00%(upstream:remoteref) refs/heads/master refs/remotes/master [6ms]
2023-09-22 17:32:41.838 [info] > git status -z -uall [12ms]
2023-09-22 17:43:09.598 [info] > git config --get commit.template [10ms]
2023-09-22 17:43:09.606 [info] > git for-each-ref --format=%(refname)%00%(upstream:short)%00%(objectname)%00%(upstream:track)%00%(upstream:remotename)%00%(upstream:remoteref) refs/heads/master refs/remotes/master [8ms]
2023-09-22 17:43:09.636 [info] > git status -z -uall [16ms]
2023-09-22 17:43:22.111 [info] > git config --get commit.template [15ms]
2023-09-22 17:43:22.116 [info] > git for-each-ref --format=%(refname)%00%(upstream:short)%00%(objectname)%00%(upstream:track)%00%(upstream:remotename)%00%(upstream:remoteref) refs/heads/master refs/remotes/master [5ms]
2023-09-22 17:43:22.136 [info] > git status -z -uall [6ms]
2023-09-22 17:43:27.161 [info] > git config --get commit.template [11ms]
2023-09-22 17:43:27.164 [info] > git for-each-ref --format=%(refname)%00%(upstream:short)%00%(objectname)%00%(upstream:track)%00%(upstream:remotename)%00%(upstream:remoteref) refs/heads/master refs/remotes/master [4ms]
2023-09-22 17:43:27.184 [info] > git status -z -uall [5ms]
2023-09-22 17:44:05.761 [info] > git config --get commit.template [14ms]
2023-09-22 17:44:05.764 [info] > git for-each-ref --format=%(refname)%00%(upstream:short)%00%(objectname)%00%(upstream:track)%00%(upstream:remotename)%00%(upstream:remoteref) refs/heads/master refs/remotes/master [4ms]
2023-09-22 17:44:05.784 [info] > git status -z -uall [5ms]
2023-09-22 17:44:10.809 [info] > git config --get commit.template [12ms]
2023-09-22 17:44:10.813 [info] > git for-each-ref --format=%(refname)%00%(upstream:short)%00%(objectname)%00%(upstream:track)%00%(upstream:remotename)%00%(upstream:remoteref) refs/heads/master refs/remotes/master [5ms]
2023-09-22 17:44:10.828 [info] > git status -z -uall [6ms]
2023-09-22 17:47:50.591 [info] > git config --get commit.template [15ms]
2023-09-22 17:47:50.594 [info] > git for-each-ref --format=%(refname)%00%(upstream:short)%00%(objectname)%00%(upstream:track)%00%(upstream:remotename)%00%(upstream:remoteref) refs/heads/master refs/remotes/master [4ms]
2023-09-22 17:47:50.617 [info] > git status -z -uall [6ms]
2023-09-22 17:48:44.616 [info] > git config --get commit.template [19ms]
2023-09-22 17:48:44.620 [info] > git for-each-ref --format=%(refname)%00%(upstream:short)%00%(objectname)%00%(upstream:track)%00%(upstream:remotename)%00%(upstream:remoteref) refs/heads/master refs/remotes/master [5ms]
2023-09-22 17:48:44.646 [info] > git status -z -uall [6ms]
2023-09-22 17:48:49.680 [info] > git config --get commit.template [19ms]
2023-09-22 17:48:49.685 [info] > git for-each-ref --format=%(refname)%00%(upstream:short)%00%(objectname)%00%(upstream:track)%00%(upstream:remotename)%00%(upstream:remoteref) refs/heads/master refs/remotes/master [6ms]
2023-09-22 17:48:49.711 [info] > git status -z -uall [6ms]
2023-09-22 17:58:53.092 [info] > git config --get commit.template [10ms]
2023-09-22 17:58:53.113 [info] > git for-each-ref --format=%(refname)%00%(upstream:short)%00%(objectname)%00%(upstream:track)%00%(upstream:remotename)%00%(upstream:remoteref) refs/heads/master refs/remotes/master [21ms]
2023-09-22 17:58:53.136 [info] > git status -z -uall [8ms]
2023-09-22 17:59:07.041 [info] > git rev-parse --show-toplevel [9ms]
2023-09-22 17:59:07.042 [info] fatal: not a git repository (or any parent up to mount point /h)
Stopping at filesystem boundary (GIT_DISCOVERY_ACROSS_FILESYSTEM not set).
2023-09-22 17:59:07.051 [info] > git config --get commit.template [10ms]
2023-09-22 17:59:07.053 [info] > git for-each-ref --format=%(refname)%00%(upstream:short)%00%(objectname)%00%(upstream:track)%00%(upstream:remotename)%00%(upstream:remoteref) refs/heads/master refs/remotes/master [3ms]
2023-09-22 17:59:07.066 [info] > git status -z -uall [4ms]
