2023-09-24 21:13:15.689 [info] Log level: Info
2023-09-24 21:13:15.689 [info] Validating found git in: "git"
2023-09-24 21:13:15.689 [info] Using git "2.34.1" from "git"
2023-09-24 21:13:15.689 [info] > git rev-parse --show-toplevel [2ms]
2023-09-24 21:13:15.689 [info] fatal: not a git repository (or any parent up to mount point /h)
Stopping at filesystem boundary (GIT_DISCOVERY_ACROSS_FILESYSTEM not set).
2023-09-24 21:13:15.689 [info] > git rev-parse --show-toplevel [4ms]
2023-09-24 21:13:15.689 [info] > git rev-parse --git-dir --git-common-dir [5ms]
2023-09-24 21:13:15.689 [info] Open repository: /h/u11/c1/00/aroraa39/csc369/aroraa39
2023-09-24 21:13:15.689 [info] > git config --get commit.template [16ms]
2023-09-24 21:13:15.689 [info] > git rev-parse --show-toplevel [33ms]
2023-09-24 21:13:15.689 [info] fatal: not a git repository (or any parent up to mount point /h)
Stopping at filesystem boundary (GIT_DISCOVERY_ACROSS_FILESYSTEM not set).
2023-09-24 21:13:15.695 [info] > git for-each-ref --format=%(refname)%00%(upstream:short)%00%(objectname)%00%(upstream:track)%00%(upstream:remotename)%00%(upstream:remoteref) refs/heads/master refs/remotes/master [26ms]
2023-09-24 21:13:15.712 [info] > git rev-parse --show-toplevel [24ms]
2023-09-24 21:13:15.712 [info] fatal: not a git repository (or any parent up to mount point /h)
Stopping at filesystem boundary (GIT_DISCOVERY_ACROSS_FILESYSTEM not set).
2023-09-24 21:13:15.727 [info] > git status -z -uall [17ms]
2023-09-24 21:13:15.780 [info] > git rev-parse --show-toplevel [54ms]
2023-09-24 21:13:15.780 [info] fatal: not a git repository (or any parent up to mount point /h)
Stopping at filesystem boundary (GIT_DISCOVERY_ACROSS_FILESYSTEM not set).
2023-09-24 21:13:15.808 [info] > git config --get commit.template [17ms]
2023-09-24 21:13:15.829 [info] > git rev-parse --show-toplevel [22ms]
2023-09-24 21:13:15.829 [info] fatal: not a git repository (or any parent up to mount point /h)
Stopping at filesystem boundary (GIT_DISCOVERY_ACROSS_FILESYSTEM not set).
2023-09-24 21:13:15.859 [info] > git for-each-ref --format=%(refname)%00%(upstream:short)%00%(objectname)%00%(upstream:track)%00%(upstream:remotename)%00%(upstream:remoteref) refs/heads/master refs/remotes/master [35ms]
2023-09-24 21:13:15.869 [info] > git fetch [254ms]
2023-09-24 21:13:15.869 [info] Missing or invalid credentials.
Skip silent fetch commands
Missing or invalid credentials.
Skip silent fetch commands
fatal: Authentication failed for 'https://markus.teach.cs.toronto.edu/git/2023-09/csc369/aroraa39/'
2023-09-24 21:13:15.889 [info] > git status -z -uall [20ms] (cancelled)
2023-09-24 21:13:15.889 [info] > git rev-parse --show-toplevel [33ms]
2023-09-24 21:13:15.889 [info] fatal: not a git repository (or any parent up to mount point /h)
Stopping at filesystem boundary (GIT_DISCOVERY_ACROSS_FILESYSTEM not set).
2023-09-24 21:13:15.923 [info] > git rev-parse --show-toplevel [16ms]
2023-09-24 21:13:15.924 [info] fatal: not a git repository (or any parent up to mount point /h)
Stopping at filesystem boundary (GIT_DISCOVERY_ACROSS_FILESYSTEM not set).
2023-09-24 21:13:15.929 [info] > git config --get commit.template [41ms]
2023-09-24 21:13:15.939 [info] > git for-each-ref --format=%(refname)%00%(upstream:short)%00%(objectname)%00%(upstream:track)%00%(upstream:remotename)%00%(upstream:remoteref) refs/heads/master refs/remotes/master [17ms]
2023-09-24 21:13:16.063 [info] > git status -z -uall [114ms]
2023-09-24 21:13:16.367 [info] > git check-ignore -v -z --stdin [7ms]
2023-09-24 21:13:16.501 [info] > git show --textconv :T2/examine_ucontext.c [14ms]
2023-09-24 21:13:16.523 [info] > git ls-files --stage -- /h/u11/c1/00/aroraa39/csc369/aroraa39/T2/examine_ucontext.c [25ms]
2023-09-24 21:13:16.534 [info] > git cat-file -s 1a2d3a60633477f237d8b46018fc4fbff8da1f80 [4ms]
2023-09-24 21:28:17.770 [info] > git config --get commit.template [11ms]
2023-09-24 21:28:17.775 [info] > git for-each-ref --format=%(refname)%00%(upstream:short)%00%(objectname)%00%(upstream:track)%00%(upstream:remotename)%00%(upstream:remoteref) refs/heads/master refs/remotes/master [8ms]
2023-09-24 21:28:17.800 [info] > git status -z -uall [14ms]
2023-09-24 21:28:17.854 [info] > git check-ignore -v -z --stdin [3ms]
2023-09-24 21:29:03.650 [info] > git config --get commit.template [8ms]
2023-09-24 21:29:03.661 [info] > git for-each-ref --format=%(refname)%00%(upstream:short)%00%(objectname)%00%(upstream:track)%00%(upstream:remotename)%00%(upstream:remoteref) refs/heads/master refs/remotes/master [11ms]
2023-09-24 21:29:03.678 [info] > git status -z -uall [10ms]
2023-09-24 21:36:24.068 [info] > git config --get commit.template [8ms]
2023-09-24 21:36:24.078 [info] > git for-each-ref --format=%(refname)%00%(upstream:short)%00%(objectname)%00%(upstream:track)%00%(upstream:remotename)%00%(upstream:remoteref) refs/heads/master refs/remotes/master [10ms]
2023-09-24 21:36:24.099 [info] > git status -z -uall [12ms]
2023-09-24 21:37:21.054 [info] > git config --get commit.template [11ms]
2023-09-24 21:37:21.058 [info] > git for-each-ref --format=%(refname)%00%(upstream:short)%00%(objectname)%00%(upstream:track)%00%(upstream:remotename)%00%(upstream:remoteref) refs/heads/master refs/remotes/master [5ms]
2023-09-24 21:37:21.075 [info] > git status -z -uall [6ms]
2023-09-24 21:37:26.094 [info] > git config --get commit.template [9ms]
2023-09-24 21:37:26.102 [info] > git for-each-ref --format=%(refname)%00%(upstream:short)%00%(objectname)%00%(upstream:track)%00%(upstream:remotename)%00%(upstream:remoteref) refs/heads/master refs/remotes/master [8ms]
2023-09-24 21:37:26.118 [info] > git status -z -uall [9ms]
2023-09-24 21:37:31.141 [info] > git config --get commit.template [10ms]
2023-09-24 21:37:31.145 [info] > git for-each-ref --format=%(refname)%00%(upstream:short)%00%(objectname)%00%(upstream:track)%00%(upstream:remotename)%00%(upstream:remoteref) refs/heads/master refs/remotes/master [5ms]
2023-09-24 21:37:31.162 [info] > git status -z -uall [7ms]
2023-09-24 21:38:52.339 [info] > git config --get commit.template [10ms]
2023-09-24 21:38:52.344 [info] > git for-each-ref --format=%(refname)%00%(upstream:short)%00%(objectname)%00%(upstream:track)%00%(upstream:remotename)%00%(upstream:remoteref) refs/heads/master refs/remotes/master [6ms]
2023-09-24 21:38:52.363 [info] > git status -z -uall [10ms]
2023-09-24 21:38:57.384 [info] > git config --get commit.template [10ms]
2023-09-24 21:38:57.391 [info] > git for-each-ref --format=%(refname)%00%(upstream:short)%00%(objectname)%00%(upstream:track)%00%(upstream:remotename)%00%(upstream:remoteref) refs/heads/master refs/remotes/master [7ms]
2023-09-24 21:38:57.408 [info] > git status -z -uall [6ms]
2023-09-24 21:39:02.433 [info] > git config --get commit.template [11ms]
2023-09-24 21:39:02.435 [info] > git for-each-ref --format=%(refname)%00%(upstream:short)%00%(objectname)%00%(upstream:track)%00%(upstream:remotename)%00%(upstream:remoteref) refs/heads/master refs/remotes/master [3ms]
2023-09-24 21:39:02.450 [info] > git status -z -uall [6ms]
2023-09-24 21:40:19.125 [info] > git config --get commit.template [12ms]
2023-09-24 21:40:19.129 [info] > git for-each-ref --format=%(refname)%00%(upstream:short)%00%(objectname)%00%(upstream:track)%00%(upstream:remotename)%00%(upstream:remoteref) refs/heads/master refs/remotes/master [5ms]
2023-09-24 21:40:19.152 [info] > git status -z -uall [12ms]
2023-09-24 21:40:24.179 [info] > git config --get commit.template [13ms]
2023-09-24 21:40:24.182 [info] > git for-each-ref --format=%(refname)%00%(upstream:short)%00%(objectname)%00%(upstream:track)%00%(upstream:remotename)%00%(upstream:remoteref) refs/heads/master refs/remotes/master [7ms]
2023-09-24 21:40:24.193 [info] > git status -z -uall [4ms]
2023-09-24 21:40:40.913 [info] > git config --get commit.template [11ms]
2023-09-24 21:40:40.917 [info] > git for-each-ref --format=%(refname)%00%(upstream:short)%00%(objectname)%00%(upstream:track)%00%(upstream:remotename)%00%(upstream:remoteref) refs/heads/master refs/remotes/master [5ms]
2023-09-24 21:40:40.932 [info] > git status -z -uall [7ms]
2023-09-24 21:43:09.528 [info] > git config --get commit.template [13ms]
2023-09-24 21:43:09.536 [info] > git for-each-ref --format=%(refname)%00%(upstream:short)%00%(objectname)%00%(upstream:track)%00%(upstream:remotename)%00%(upstream:remoteref) refs/heads/master refs/remotes/master [9ms]
2023-09-24 21:43:09.554 [info] > git status -z -uall [8ms]
2023-09-24 21:43:14.581 [info] > git config --get commit.template [18ms]
2023-09-24 21:43:14.584 [info] > git for-each-ref --format=%(refname)%00%(upstream:short)%00%(objectname)%00%(upstream:track)%00%(upstream:remotename)%00%(upstream:remoteref) refs/heads/master refs/remotes/master [13ms]
2023-09-24 21:43:14.595 [info] > git status -z -uall [3ms]
2023-09-24 21:43:33.013 [info] > git config --get commit.template [8ms]
2023-09-24 21:43:33.017 [info] > git for-each-ref --format=%(refname)%00%(upstream:short)%00%(objectname)%00%(upstream:track)%00%(upstream:remotename)%00%(upstream:remoteref) refs/heads/master refs/remotes/master [5ms]
2023-09-24 21:43:33.032 [info] > git status -z -uall [5ms]
2023-09-24 21:43:38.050 [info] > git config --get commit.template [8ms]
2023-09-24 21:43:38.053 [info] > git for-each-ref --format=%(refname)%00%(upstream:short)%00%(objectname)%00%(upstream:track)%00%(upstream:remotename)%00%(upstream:remoteref) refs/heads/master refs/remotes/master [4ms]
2023-09-24 21:43:38.072 [info] > git status -z -uall [9ms]
2023-09-24 21:47:19.005 [info] > git config --get commit.template [7ms]
2023-09-24 21:47:19.009 [info] > git for-each-ref --format=%(refname)%00%(upstream:short)%00%(objectname)%00%(upstream:track)%00%(upstream:remotename)%00%(upstream:remoteref) refs/heads/master refs/remotes/master [5ms]
2023-09-24 21:47:19.023 [info] > git status -z -uall [8ms]
2023-09-24 21:47:24.757 [info] > git config --get commit.template [12ms]
2023-09-24 21:47:24.762 [info] > git for-each-ref --format=%(refname)%00%(upstream:short)%00%(objectname)%00%(upstream:track)%00%(upstream:remotename)%00%(upstream:remoteref) refs/heads/master refs/remotes/master [6ms]
2023-09-24 21:47:24.775 [info] > git status -z -uall [5ms]
2023-09-24 21:47:29.796 [info] > git config --get commit.template [9ms]
2023-09-24 21:47:29.800 [info] > git for-each-ref --format=%(refname)%00%(upstream:short)%00%(objectname)%00%(upstream:track)%00%(upstream:remotename)%00%(upstream:remoteref) refs/heads/master refs/remotes/master [5ms]
2023-09-24 21:47:29.810 [info] > git status -z -uall [6ms]
2023-09-24 21:48:47.508 [info] > git show --textconv :T2/tester.log [10ms]
2023-09-24 21:48:47.511 [info] > git ls-files --stage -- /h/u11/c1/00/aroraa39/csc369/aroraa39/T2/tester.log [3ms]
2023-09-24 21:48:52.079 [info] > git show --textconv :T2/tester.out [11ms]
2023-09-24 21:48:52.087 [info] > git ls-files --stage -- /h/u11/c1/00/aroraa39/csc369/aroraa39/T2/tester.out [8ms]
2023-09-24 21:49:02.157 [info] > git config --get commit.template [9ms]
2023-09-24 21:49:02.162 [info] > git for-each-ref --format=%(refname)%00%(upstream:short)%00%(objectname)%00%(upstream:track)%00%(upstream:remotename)%00%(upstream:remoteref) refs/heads/master refs/remotes/master [6ms]
2023-09-24 21:49:02.181 [info] > git status -z -uall [9ms]
2023-09-24 21:49:07.204 [info] > git config --get commit.template [11ms]
2023-09-24 21:49:07.212 [info] > git for-each-ref --format=%(refname)%00%(upstream:short)%00%(objectname)%00%(upstream:track)%00%(upstream:remotename)%00%(upstream:remoteref) refs/heads/master refs/remotes/master [8ms]
2023-09-24 21:49:07.227 [info] > git status -z -uall [5ms]
2023-09-24 21:49:13.157 [info] > git config --get commit.template [13ms]
2023-09-24 21:49:13.164 [info] > git for-each-ref --format=%(refname)%00%(upstream:short)%00%(objectname)%00%(upstream:track)%00%(upstream:remotename)%00%(upstream:remoteref) refs/heads/master refs/remotes/master [8ms]
2023-09-24 21:49:13.177 [info] > git status -z -uall [5ms]
2023-09-24 21:49:18.194 [info] > git config --get commit.template [7ms]
2023-09-24 21:49:18.201 [info] > git for-each-ref --format=%(refname)%00%(upstream:short)%00%(objectname)%00%(upstream:track)%00%(upstream:remotename)%00%(upstream:remoteref) refs/heads/master refs/remotes/master [6ms]
2023-09-24 21:49:18.209 [info] > git status -z -uall [5ms]
2023-09-24 21:49:23.228 [info] > git config --get commit.template [9ms]
2023-09-24 21:49:23.232 [info] > git for-each-ref --format=%(refname)%00%(upstream:short)%00%(objectname)%00%(upstream:track)%00%(upstream:remotename)%00%(upstream:remoteref) refs/heads/master refs/remotes/master [4ms]
2023-09-24 21:49:23.248 [info] > git status -z -uall [4ms]
2023-09-24 21:49:34.202 [info] > git rev-parse --show-toplevel [4ms]
2023-09-24 21:49:34.202 [info] fatal: not a git repository (or any of the parent directories): .git
2023-09-24 21:49:54.239 [info] > git config --get commit.template [12ms]
2023-09-24 21:49:54.242 [info] > git for-each-ref --format=%(refname)%00%(upstream:short)%00%(objectname)%00%(upstream:track)%00%(upstream:remotename)%00%(upstream:remoteref) refs/heads/master refs/remotes/master [4ms]
2023-09-24 21:49:54.261 [info] > git status -z -uall [8ms]
2023-09-24 21:50:00.851 [info] > git config --get commit.template [10ms]
2023-09-24 21:50:00.853 [info] > git for-each-ref --format=%(refname)%00%(upstream:short)%00%(objectname)%00%(upstream:track)%00%(upstream:remotename)%00%(upstream:remoteref) refs/heads/master refs/remotes/master [3ms]
2023-09-24 21:50:00.864 [info] > git status -z -uall [3ms]
2023-09-24 21:50:05.885 [info] > git config --get commit.template [7ms]
2023-09-24 21:50:05.887 [info] > git for-each-ref --format=%(refname)%00%(upstream:short)%00%(objectname)%00%(upstream:track)%00%(upstream:remotename)%00%(upstream:remoteref) refs/heads/master refs/remotes/master [3ms]
2023-09-24 21:50:05.900 [info] > git status -z -uall [6ms]
2023-09-24 21:50:24.565 [info] > git config --get commit.template [10ms]
2023-09-24 21:50:24.569 [info] > git for-each-ref --format=%(refname)%00%(upstream:short)%00%(objectname)%00%(upstream:track)%00%(upstream:remotename)%00%(upstream:remoteref) refs/heads/master refs/remotes/master [4ms]
2023-09-24 21:50:24.579 [info] > git status -z -uall [4ms]
2023-09-24 21:50:29.601 [info] > git config --get commit.template [11ms]
2023-09-24 21:50:29.604 [info] > git for-each-ref --format=%(refname)%00%(upstream:short)%00%(objectname)%00%(upstream:track)%00%(upstream:remotename)%00%(upstream:remoteref) refs/heads/master refs/remotes/master [4ms]
2023-09-24 21:50:29.616 [info] > git status -z -uall [4ms]
2023-09-24 21:50:48.246 [info] > git config --get commit.template [11ms]
2023-09-24 21:50:48.249 [info] > git for-each-ref --format=%(refname)%00%(upstream:short)%00%(objectname)%00%(upstream:track)%00%(upstream:remotename)%00%(upstream:remoteref) refs/heads/master refs/remotes/master [4ms]
2023-09-24 21:50:48.262 [info] > git status -z -uall [5ms]
2023-09-24 21:51:00.249 [info] > git config --get commit.template [10ms]
2023-09-24 21:51:00.251 [info] > git for-each-ref --format=%(refname)%00%(upstream:short)%00%(objectname)%00%(upstream:track)%00%(upstream:remotename)%00%(upstream:remoteref) refs/heads/master refs/remotes/master [3ms]
2023-09-24 21:51:00.264 [info] > git status -z -uall [5ms]
2023-09-24 21:51:05.286 [info] > git config --get commit.template [9ms]
2023-09-24 21:51:05.288 [info] > git for-each-ref --format=%(refname)%00%(upstream:short)%00%(objectname)%00%(upstream:track)%00%(upstream:remotename)%00%(upstream:remoteref) refs/heads/master refs/remotes/master [2ms]
2023-09-24 21:51:05.301 [info] > git status -z -uall [4ms]
2023-09-24 21:51:19.116 [info] > git config --get commit.template [12ms]
2023-09-24 21:51:19.120 [info] > git for-each-ref --format=%(refname)%00%(upstream:short)%00%(objectname)%00%(upstream:track)%00%(upstream:remotename)%00%(upstream:remoteref) refs/heads/master refs/remotes/master [5ms]
2023-09-24 21:51:19.138 [info] > git status -z -uall [9ms]
2023-09-24 21:51:24.164 [info] > git config --get commit.template [14ms]
2023-09-24 21:51:24.169 [info] > git for-each-ref --format=%(refname)%00%(upstream:short)%00%(objectname)%00%(upstream:track)%00%(upstream:remotename)%00%(upstream:remoteref) refs/heads/master refs/remotes/master [6ms]
2023-09-24 21:51:24.184 [info] > git status -z -uall [5ms]
2023-09-24 21:51:29.208 [info] > git config --get commit.template [11ms]
2023-09-24 21:51:29.212 [info] > git for-each-ref --format=%(refname)%00%(upstream:short)%00%(objectname)%00%(upstream:track)%00%(upstream:remotename)%00%(upstream:remoteref) refs/heads/master refs/remotes/master [3ms]
2023-09-24 21:51:29.226 [info] > git status -z -uall [6ms]
2023-09-24 21:51:47.671 [info] > git rev-parse --show-toplevel [2ms]
2023-09-24 21:51:47.671 [info] fatal: not a git repository (or any of the parent directories): .git
2023-09-24 21:52:59.507 [info] > git config --get commit.template [8ms]
2023-09-24 21:52:59.511 [info] > git for-each-ref --format=%(refname)%00%(upstream:short)%00%(objectname)%00%(upstream:track)%00%(upstream:remotename)%00%(upstream:remoteref) refs/heads/master refs/remotes/master [5ms]
2023-09-24 21:52:59.524 [info] > git status -z -uall [6ms]
2023-09-24 21:53:04.568 [info] > git config --get commit.template [13ms]
2023-09-24 21:53:04.572 [info] > git for-each-ref --format=%(refname)%00%(upstream:short)%00%(objectname)%00%(upstream:track)%00%(upstream:remotename)%00%(upstream:remoteref) refs/heads/master refs/remotes/master [5ms]
2023-09-24 21:53:04.587 [info] > git status -z -uall [5ms]
2023-09-24 21:53:09.616 [info] > git config --get commit.template [11ms]
2023-09-24 21:53:09.619 [info] > git for-each-ref --format=%(refname)%00%(upstream:short)%00%(objectname)%00%(upstream:track)%00%(upstream:remotename)%00%(upstream:remoteref) refs/heads/master refs/remotes/master [4ms]
2023-09-24 21:53:09.636 [info] > git status -z -uall [6ms]
2023-09-24 21:53:14.655 [info] > git config --get commit.template [8ms]
2023-09-24 21:53:14.657 [info] > git for-each-ref --format=%(refname)%00%(upstream:short)%00%(objectname)%00%(upstream:track)%00%(upstream:remotename)%00%(upstream:remoteref) refs/heads/master refs/remotes/master [3ms]
2023-09-24 21:53:14.670 [info] > git status -z -uall [6ms]
2023-09-24 21:54:30.783 [info] > git config --get commit.template [8ms]
2023-09-24 21:54:30.787 [info] > git for-each-ref --format=%(refname)%00%(upstream:short)%00%(objectname)%00%(upstream:track)%00%(upstream:remotename)%00%(upstream:remoteref) refs/heads/master refs/remotes/master [5ms]
2023-09-24 21:54:30.803 [info] > git status -z -uall [8ms]
2023-09-24 21:54:42.701 [info] > git config --get commit.template [8ms]
2023-09-24 21:54:42.704 [info] > git for-each-ref --format=%(refname)%00%(upstream:short)%00%(objectname)%00%(upstream:track)%00%(upstream:remotename)%00%(upstream:remoteref) refs/heads/master refs/remotes/master [4ms]
2023-09-24 21:54:42.717 [info] > git status -z -uall [5ms]
2023-09-24 21:55:07.464 [info] > git config --get commit.template [15ms]
2023-09-24 21:55:07.469 [info] > git for-each-ref --format=%(refname)%00%(upstream:short)%00%(objectname)%00%(upstream:track)%00%(upstream:remotename)%00%(upstream:remoteref) refs/heads/master refs/remotes/master [6ms]
2023-09-24 21:55:07.486 [info] > git status -z -uall [6ms]
2023-09-24 21:55:12.508 [info] > git config --get commit.template [11ms]
2023-09-24 21:55:12.513 [info] > git for-each-ref --format=%(refname)%00%(upstream:short)%00%(objectname)%00%(upstream:track)%00%(upstream:remotename)%00%(upstream:remoteref) refs/heads/master refs/remotes/master [5ms]
2023-09-24 21:55:12.525 [info] > git status -z -uall [4ms]
2023-09-24 21:55:22.123 [info] > git config --get commit.template [13ms]
2023-09-24 21:55:22.127 [info] > git for-each-ref --format=%(refname)%00%(upstream:short)%00%(objectname)%00%(upstream:track)%00%(upstream:remotename)%00%(upstream:remoteref) refs/heads/master refs/remotes/master [6ms]
2023-09-24 21:55:22.141 [info] > git status -z -uall [5ms]
2023-09-24 21:55:27.168 [info] > git config --get commit.template [11ms]
2023-09-24 21:55:27.172 [info] > git for-each-ref --format=%(refname)%00%(upstream:short)%00%(objectname)%00%(upstream:track)%00%(upstream:remotename)%00%(upstream:remoteref) refs/heads/master refs/remotes/master [5ms]
2023-09-24 21:55:27.187 [info] > git status -z -uall [5ms]
2023-09-24 21:55:41.803 [info] > git config --get commit.template [11ms]
2023-09-24 21:55:41.806 [info] > git for-each-ref --format=%(refname)%00%(upstream:short)%00%(objectname)%00%(upstream:track)%00%(upstream:remotename)%00%(upstream:remoteref) refs/heads/master refs/remotes/master [3ms]
2023-09-24 21:55:41.824 [info] > git status -z -uall [9ms]
2023-09-24 21:55:46.844 [info] > git config --get commit.template [10ms]
2023-09-24 21:55:46.848 [info] > git for-each-ref --format=%(refname)%00%(upstream:short)%00%(objectname)%00%(upstream:track)%00%(upstream:remotename)%00%(upstream:remoteref) refs/heads/master refs/remotes/master [5ms]
2023-09-24 21:55:46.862 [info] > git status -z -uall [5ms]
2023-09-24 21:55:54.036 [info] > git config --get commit.template [11ms]
2023-09-24 21:55:54.039 [info] > git for-each-ref --format=%(refname)%00%(upstream:short)%00%(objectname)%00%(upstream:track)%00%(upstream:remotename)%00%(upstream:remoteref) refs/heads/master refs/remotes/master [5ms]
2023-09-24 21:55:54.054 [info] > git status -z -uall [5ms]
2023-09-24 21:55:59.078 [info] > git config --get commit.template [9ms]
2023-09-24 21:55:59.082 [info] > git for-each-ref --format=%(refname)%00%(upstream:short)%00%(objectname)%00%(upstream:track)%00%(upstream:remotename)%00%(upstream:remoteref) refs/heads/master refs/remotes/master [4ms]
2023-09-24 21:55:59.095 [info] > git status -z -uall [5ms]
2023-09-24 21:56:10.240 [info] > git config --get commit.template [15ms]
2023-09-24 21:56:10.244 [info] > git for-each-ref --format=%(refname)%00%(upstream:short)%00%(objectname)%00%(upstream:track)%00%(upstream:remotename)%00%(upstream:remoteref) refs/heads/master refs/remotes/master [5ms]
2023-09-24 21:56:10.261 [info] > git status -z -uall [5ms]
2023-09-24 21:56:35.096 [info] > git config --get commit.template [19ms]
2023-09-24 21:56:35.139 [info] > git for-each-ref --format=%(refname)%00%(upstream:short)%00%(objectname)%00%(upstream:track)%00%(upstream:remotename)%00%(upstream:remoteref) refs/heads/master refs/remotes/master [56ms]
2023-09-24 21:56:35.320 [info] > git status -z -uall [175ms]
2023-09-24 21:56:40.346 [info] > git config --get commit.template [12ms]
2023-09-24 21:56:40.350 [info] > git for-each-ref --format=%(refname)%00%(upstream:short)%00%(objectname)%00%(upstream:track)%00%(upstream:remotename)%00%(upstream:remoteref) refs/heads/master refs/remotes/master [5ms]
2023-09-24 21:56:40.368 [info] > git status -z -uall [5ms]
2023-09-24 21:57:15.809 [info] > git config --get commit.template [11ms]
2023-09-24 21:57:15.814 [info] > git for-each-ref --format=%(refname)%00%(upstream:short)%00%(objectname)%00%(upstream:track)%00%(upstream:remotename)%00%(upstream:remoteref) refs/heads/master refs/remotes/master [5ms]
2023-09-24 21:57:15.833 [info] > git status -z -uall [9ms]
2023-09-24 21:57:21.474 [info] > git config --get commit.template [12ms]
2023-09-24 21:57:21.477 [info] > git for-each-ref --format=%(refname)%00%(upstream:short)%00%(objectname)%00%(upstream:track)%00%(upstream:remotename)%00%(upstream:remoteref) refs/heads/master refs/remotes/master [4ms]
2023-09-24 21:57:21.490 [info] > git status -z -uall [5ms]
2023-09-24 21:57:40.977 [info] > git config --get commit.template [10ms]
2023-09-24 21:57:40.981 [info] > git for-each-ref --format=%(refname)%00%(upstream:short)%00%(objectname)%00%(upstream:track)%00%(upstream:remotename)%00%(upstream:remoteref) refs/heads/master refs/remotes/master [5ms]
2023-09-24 21:57:40.994 [info] > git status -z -uall [5ms]
2023-09-24 21:58:31.354 [info] > git config --get commit.template [13ms]
2023-09-24 21:58:31.357 [info] > git for-each-ref --format=%(refname)%00%(upstream:short)%00%(objectname)%00%(upstream:track)%00%(upstream:remotename)%00%(upstream:remoteref) refs/heads/master refs/remotes/master [4ms]
2023-09-24 21:58:31.371 [info] > git status -z -uall [5ms]
2023-09-24 21:58:45.996 [info] > git config --get commit.template [14ms]
2023-09-24 21:58:45.999 [info] > git for-each-ref --format=%(refname)%00%(upstream:short)%00%(objectname)%00%(upstream:track)%00%(upstream:remotename)%00%(upstream:remoteref) refs/heads/master refs/remotes/master [4ms]
2023-09-24 21:58:46.012 [info] > git status -z -uall [4ms]
2023-09-24 21:58:58.126 [info] > git config --get commit.template [8ms]
2023-09-24 21:58:58.129 [info] > git for-each-ref --format=%(refname)%00%(upstream:short)%00%(objectname)%00%(upstream:track)%00%(upstream:remotename)%00%(upstream:remoteref) refs/heads/master refs/remotes/master [4ms]
2023-09-24 21:58:58.139 [info] > git status -z -uall [3ms]
2023-09-24 21:59:03.160 [info] > git config --get commit.template [8ms]
2023-09-24 21:59:03.163 [info] > git for-each-ref --format=%(refname)%00%(upstream:short)%00%(objectname)%00%(upstream:track)%00%(upstream:remotename)%00%(upstream:remoteref) refs/heads/master refs/remotes/master [3ms]
2023-09-24 21:59:03.172 [info] > git status -z -uall [3ms]
2023-09-24 21:59:17.944 [info] > git config --get commit.template [13ms]
2023-09-24 21:59:17.948 [info] > git for-each-ref --format=%(refname)%00%(upstream:short)%00%(objectname)%00%(upstream:track)%00%(upstream:remotename)%00%(upstream:remoteref) refs/heads/master refs/remotes/master [5ms]
2023-09-24 21:59:17.964 [info] > git status -z -uall [7ms]
2023-09-24 22:00:02.706 [info] > git config --get commit.template [10ms]
2023-09-24 22:00:02.712 [info] > git for-each-ref --format=%(refname)%00%(upstream:short)%00%(objectname)%00%(upstream:track)%00%(upstream:remotename)%00%(upstream:remoteref) refs/heads/master refs/remotes/master [6ms]
2023-09-24 22:00:02.727 [info] > git status -z -uall [8ms]
2023-09-24 22:00:07.754 [info] > git config --get commit.template [12ms]
2023-09-24 22:00:07.758 [info] > git for-each-ref --format=%(refname)%00%(upstream:short)%00%(objectname)%00%(upstream:track)%00%(upstream:remotename)%00%(upstream:remoteref) refs/heads/master refs/remotes/master [5ms]
2023-09-24 22:00:07.773 [info] > git status -z -uall [4ms]
2023-09-24 22:00:38.908 [info] > git config --get commit.template [12ms]
2023-09-24 22:00:38.912 [info] > git for-each-ref --format=%(refname)%00%(upstream:short)%00%(objectname)%00%(upstream:track)%00%(upstream:remotename)%00%(upstream:remoteref) refs/heads/master refs/remotes/master [5ms]
2023-09-24 22:00:38.926 [info] > git status -z -uall [5ms]
2023-09-24 22:00:43.951 [info] > git config --get commit.template [11ms]
2023-09-24 22:00:43.953 [info] > git for-each-ref --format=%(refname)%00%(upstream:short)%00%(objectname)%00%(upstream:track)%00%(upstream:remotename)%00%(upstream:remoteref) refs/heads/master refs/remotes/master [3ms]
2023-09-24 22:00:43.970 [info] > git status -z -uall [6ms]
2023-09-24 22:00:48.994 [info] > git config --get commit.template [11ms]
2023-09-24 22:00:48.997 [info] > git for-each-ref --format=%(refname)%00%(upstream:short)%00%(objectname)%00%(upstream:track)%00%(upstream:remotename)%00%(upstream:remoteref) refs/heads/master refs/remotes/master [4ms]
2023-09-24 22:00:49.008 [info] > git status -z -uall [4ms]
2023-09-24 22:00:54.029 [info] > git config --get commit.template [11ms]
2023-09-24 22:00:54.032 [info] > git for-each-ref --format=%(refname)%00%(upstream:short)%00%(objectname)%00%(upstream:track)%00%(upstream:remotename)%00%(upstream:remoteref) refs/heads/master refs/remotes/master [5ms]
2023-09-24 22:00:54.045 [info] > git status -z -uall [4ms]
2023-09-24 22:00:59.063 [info] > git config --get commit.template [7ms]
2023-09-24 22:00:59.068 [info] > git for-each-ref --format=%(refname)%00%(upstream:short)%00%(objectname)%00%(upstream:track)%00%(upstream:remotename)%00%(upstream:remoteref) refs/heads/master refs/remotes/master [6ms]
2023-09-24 22:00:59.082 [info] > git status -z -uall [6ms]
2023-09-24 22:01:04.106 [info] > git config --get commit.template [12ms]
2023-09-24 22:01:04.111 [info] > git for-each-ref --format=%(refname)%00%(upstream:short)%00%(objectname)%00%(upstream:track)%00%(upstream:remotename)%00%(upstream:remoteref) refs/heads/master refs/remotes/master [6ms]
2023-09-24 22:01:04.130 [info] > git status -z -uall [10ms]
2023-09-24 22:01:09.153 [info] > git config --get commit.template [9ms]
2023-09-24 22:01:09.157 [info] > git for-each-ref --format=%(refname)%00%(upstream:short)%00%(objectname)%00%(upstream:track)%00%(upstream:remotename)%00%(upstream:remoteref) refs/heads/master refs/remotes/master [4ms]
2023-09-24 22:01:09.171 [info] > git status -z -uall [6ms]
2023-09-24 22:03:47.102 [info] > git rev-parse --show-toplevel [3ms]
2023-09-24 22:03:47.102 [info] fatal: not a git repository (or any of the parent directories): .git
2023-09-24 22:04:25.370 [info] > git rev-parse --show-toplevel [5ms]
2023-09-24 22:04:25.370 [info] fatal: not a git repository (or any of the parent directories): .git
2023-09-24 22:04:32.791 [info] > git rev-parse --show-toplevel [3ms]
2023-09-24 22:04:32.791 [info] fatal: not a git repository (or any of the parent directories): .git
2023-09-24 22:04:35.736 [info] > git config --get commit.template [10ms]
2023-09-24 22:04:35.739 [info] > git for-each-ref --format=%(refname)%00%(upstream:short)%00%(objectname)%00%(upstream:track)%00%(upstream:remotename)%00%(upstream:remoteref) refs/heads/master refs/remotes/master [4ms]
2023-09-24 22:04:35.753 [info] > git status -z -uall [7ms]
2023-09-24 22:04:40.775 [info] > git config --get commit.template [9ms]
2023-09-24 22:04:40.779 [info] > git for-each-ref --format=%(refname)%00%(upstream:short)%00%(objectname)%00%(upstream:track)%00%(upstream:remotename)%00%(upstream:remoteref) refs/heads/master refs/remotes/master [4ms]
2023-09-24 22:04:40.790 [info] > git status -z -uall [3ms]
2023-09-24 22:04:53.633 [info] > git config --get commit.template [10ms]
2023-09-24 22:04:53.637 [info] > git for-each-ref --format=%(refname)%00%(upstream:short)%00%(objectname)%00%(upstream:track)%00%(upstream:remotename)%00%(upstream:remoteref) refs/heads/master refs/remotes/master [5ms]
2023-09-24 22:04:53.647 [info] > git status -z -uall [3ms]
2023-09-24 22:04:58.963 [info] > git config --get commit.template [10ms]
2023-09-24 22:04:58.968 [info] > git for-each-ref --format=%(refname)%00%(upstream:short)%00%(objectname)%00%(upstream:track)%00%(upstream:remotename)%00%(upstream:remoteref) refs/heads/master refs/remotes/master [5ms]
2023-09-24 22:04:58.982 [info] > git status -z -uall [6ms]
2023-09-24 22:05:04.004 [info] > git config --get commit.template [11ms]
2023-09-24 22:05:04.006 [info] > git for-each-ref --format=%(refname)%00%(upstream:short)%00%(objectname)%00%(upstream:track)%00%(upstream:remotename)%00%(upstream:remoteref) refs/heads/master refs/remotes/master [3ms]
2023-09-24 22:05:04.021 [info] > git status -z -uall [5ms]
2023-09-24 22:05:18.051 [info] > git config --get commit.template [13ms]
2023-09-24 22:05:18.055 [info] > git for-each-ref --format=%(refname)%00%(upstream:short)%00%(objectname)%00%(upstream:track)%00%(upstream:remotename)%00%(upstream:remoteref) refs/heads/master refs/remotes/master [4ms]
2023-09-24 22:05:18.071 [info] > git status -z -uall [7ms]
2023-09-24 22:05:23.095 [info] > git config --get commit.template [11ms]
2023-09-24 22:05:23.097 [info] > git for-each-ref --format=%(refname)%00%(upstream:short)%00%(objectname)%00%(upstream:track)%00%(upstream:remotename)%00%(upstream:remoteref) refs/heads/master refs/remotes/master [3ms]
2023-09-24 22:05:23.113 [info] > git status -z -uall [6ms]
2023-09-24 22:05:25.727 [info] > git rev-parse --show-toplevel [3ms]
2023-09-24 22:05:25.727 [info] fatal: not a git repository (or any of the parent directories): .git
2023-09-24 22:05:28.136 [info] > git config --get commit.template [12ms]
2023-09-24 22:05:28.139 [info] > git for-each-ref --format=%(refname)%00%(upstream:short)%00%(objectname)%00%(upstream:track)%00%(upstream:remotename)%00%(upstream:remoteref) refs/heads/master refs/remotes/master [4ms]
2023-09-24 22:05:28.155 [info] > git status -z -uall [5ms]
2023-09-24 22:05:36.781 [info] > git config --get commit.template [11ms]
2023-09-24 22:05:36.785 [info] > git for-each-ref --format=%(refname)%00%(upstream:short)%00%(objectname)%00%(upstream:track)%00%(upstream:remotename)%00%(upstream:remoteref) refs/heads/master refs/remotes/master [5ms]
2023-09-24 22:05:36.800 [info] > git status -z -uall [7ms]
2023-09-24 22:05:41.823 [info] > git config --get commit.template [12ms]
2023-09-24 22:05:41.827 [info] > git for-each-ref --format=%(refname)%00%(upstream:short)%00%(objectname)%00%(upstream:track)%00%(upstream:remotename)%00%(upstream:remoteref) refs/heads/master refs/remotes/master [5ms]
2023-09-24 22:05:41.840 [info] > git status -z -uall [5ms]
2023-09-24 22:05:46.862 [info] > git config --get commit.template [12ms]
2023-09-24 22:05:46.865 [info] > git for-each-ref --format=%(refname)%00%(upstream:short)%00%(objectname)%00%(upstream:track)%00%(upstream:remotename)%00%(upstream:remoteref) refs/heads/master refs/remotes/master [4ms]
2023-09-24 22:05:46.880 [info] > git status -z -uall [4ms]
2023-09-24 22:06:31.942 [info] > git config --get commit.template [9ms]
2023-09-24 22:06:31.945 [info] > git for-each-ref --format=%(refname)%00%(upstream:short)%00%(objectname)%00%(upstream:track)%00%(upstream:remotename)%00%(upstream:remoteref) refs/heads/master refs/remotes/master [4ms]
2023-09-24 22:06:31.958 [info] > git status -z -uall [5ms]
2023-09-24 22:06:34.387 [info] > git rev-parse --show-toplevel [3ms]
2023-09-24 22:06:34.387 [info] fatal: not a git repository (or any parent up to mount point /h)
Stopping at filesystem boundary (GIT_DISCOVERY_ACROSS_FILESYSTEM not set).
2023-09-24 22:06:34.899 [info] > git check-ignore -v -z --stdin [4ms]
2023-09-24 22:06:36.076 [info] > git add -A -- /h/u11/c1/00/aroraa39/csc369/aroraa39/T2/examine_ucontext.c [12ms]
2023-09-24 22:06:36.095 [info] > git config --get commit.template [8ms]
2023-09-24 22:06:36.099 [info] > git for-each-ref --format=%(refname)%00%(upstream:short)%00%(objectname)%00%(upstream:track)%00%(upstream:remotename)%00%(upstream:remoteref) refs/heads/master refs/remotes/master [5ms]
2023-09-24 22:06:36.116 [info] > git status -z -uall [6ms]
2023-09-24 22:06:36.985 [info] > git config --get commit.template [12ms]
2023-09-24 22:06:36.990 [info] > git for-each-ref --format=%(refname)%00%(upstream:short)%00%(objectname)%00%(upstream:track)%00%(upstream:remotename)%00%(upstream:remoteref) refs/heads/master refs/remotes/master [4ms]
2023-09-24 22:06:37.006 [info] > git status -z -uall [9ms]
2023-09-24 22:06:37.394 [info] > git ls-files --stage -- /h/u11/c1/00/aroraa39/csc369/aroraa39/T2/examine_ucontext.c [3ms]
2023-09-24 22:06:37.405 [info] > git cat-file -s 7e2f1ce0fe4b55671e1bca468b7946fe1a8cc895 [4ms]
2023-09-24 22:06:37.434 [info] > git show --textconv :T2/examine_ucontext.c [3ms]
2023-09-24 22:06:42.026 [info] > git config --get commit.template [8ms]
2023-09-24 22:06:42.029 [info] > git for-each-ref --format=%(refname)%00%(upstream:short)%00%(objectname)%00%(upstream:track)%00%(upstream:remotename)%00%(upstream:remoteref) refs/heads/master refs/remotes/master [4ms]
2023-09-24 22:06:42.042 [info] > git status -z -uall [5ms]
2023-09-24 22:06:45.837 [info] > git -c user.useConfigOnly=true commit --quiet --allow-empty-message --file - [37ms]
2023-09-24 22:06:45.851 [info] > git config --get commit.template [2ms]
2023-09-24 22:06:45.870 [info] > git config --get commit.template [9ms]
2023-09-24 22:06:45.875 [info] > git for-each-ref --format=%(refname)%00%(upstream:short)%00%(objectname)%00%(upstream:track)%00%(upstream:remotename)%00%(upstream:remoteref) refs/heads/master refs/remotes/master [5ms]
2023-09-24 22:06:45.889 [info] > git status -z -uall [6ms]
2023-09-24 22:06:47.205 [info] > git ls-files --stage -- /h/u11/c1/00/aroraa39/csc369/aroraa39/T2/examine_ucontext.c [4ms]
2023-09-24 22:06:47.217 [info] > git cat-file -s 7e2f1ce0fe4b55671e1bca468b7946fe1a8cc895 [4ms]
2023-09-24 22:06:47.255 [info] > git show --textconv :T2/examine_ucontext.c [5ms]
2023-09-24 22:06:52.836 [info] > git push origin master:master [6929ms]
2023-09-24 22:06:52.836 [info] remote: [MarkUs] Your submission has been received: master@{Sun Sep 24 22:06:52 2023}        
To https://markus.teach.cs.toronto.edu/git/2023-09/csc369/aroraa39
   de6c30e..3e30656  master -> master
2023-09-24 22:06:52.853 [info] > git config --get commit.template [8ms]
2023-09-24 22:06:52.859 [info] > git for-each-ref --format=%(refname)%00%(upstream:short)%00%(objectname)%00%(upstream:track)%00%(upstream:remotename)%00%(upstream:remoteref) refs/heads/master refs/remotes/master [7ms]
2023-09-24 22:06:52.869 [info] > git status -z -uall [4ms]
2023-09-24 22:06:52.999 [info] > git config --get commit.template [6ms]
2023-09-24 22:06:53.001 [info] > git for-each-ref --format=%(refname)%00%(upstream:short)%00%(objectname)%00%(upstream:track)%00%(upstream:remotename)%00%(upstream:remoteref) refs/heads/master refs/remotes/master [3ms]
2023-09-24 22:06:53.010 [info] > git status -z -uall [4ms]
2023-09-24 22:06:54.049 [info] > git config --get commit.template [8ms]
2023-09-24 22:06:54.052 [info] > git for-each-ref --format=%(refname)%00%(upstream:short)%00%(objectname)%00%(upstream:track)%00%(upstream:remotename)%00%(upstream:remoteref) refs/heads/master refs/remotes/master [4ms]
2023-09-24 22:06:54.066 [info] > git status -z -uall [5ms]
2023-09-24 22:06:54.157 [info] > git ls-files --stage -- /h/u11/c1/00/aroraa39/csc369/aroraa39/T2/examine_ucontext.c [3ms]
2023-09-24 22:06:54.170 [info] > git cat-file -s 7e2f1ce0fe4b55671e1bca468b7946fe1a8cc895 [6ms]
2023-09-24 22:06:54.205 [info] > git show --textconv :T2/examine_ucontext.c [4ms]
2023-09-24 22:09:01.280 [info] > git check-ignore -v -z --stdin [4ms]
2023-09-24 22:09:01.888 [info] > git rev-parse --show-toplevel [3ms]
2023-09-24 22:09:01.888 [info] fatal: not a git repository (or any of the parent directories): .git
